{"C:\\Users\\Sonto\\OpenLingua\\frontend\\src\\App.tsx": {"path":"C:\\Users\\Sonto\\OpenLingua\\frontend\\src\\App.tsx","statementMap":{"0":{"start":{"line":2,"column":0},"end":{"line":2,"column":64}},"1":{"start":{"line":3,"column":0},"end":{"line":3,"column":51}},"2":{"start":{"line":4,"column":0},"end":{"line":4,"column":40}},"3":{"start":{"line":5,"column":0},"end":{"line":5,"column":41}},"4":{"start":{"line":8,"column":2},"end":{"line":16,"column":4}},"5":{"start":{"line":19,"column":0},"end":{"line":19,"column":19}}},"fnMap":{"0":{"name":"App","decl":{"start":{"line":7,"column":9},"end":{"line":7,"column":12}},"loc":{"start":{"line":7,"column":12},"end":{"line":17,"column":1}}}},"branchMap":{},"s":{"0":1,"1":1,"2":1,"3":1,"4":1,"5":1},"f":{"0":1},"b":{}}
,"C:\\Users\\Sonto\\OpenLingua\\frontend\\src\\config.tsx": {"path":"C:\\Users\\Sonto\\OpenLingua\\frontend\\src\\config.tsx","statementMap":{"0":{"start":{"line":2,"column":28},"end":{"line":2,"column":103}},"1":{"start":{"line":5,"column":0},"end":{"line":7,"column":2}}},"fnMap":{},"branchMap":{},"s":{"0":1,"1":1},"f":{},"b":{}}
,"C:\\Users\\Sonto\\OpenLingua\\frontend\\src\\components\\landingPage.tsx": {"path":"C:\\Users\\Sonto\\OpenLingua\\frontend\\src\\components\\landingPage.tsx","statementMap":{"0":{"start":{"line":1,"column":0},"end":{"line":1,"column":44}},"1":{"start":{"line":2,"column":0},"end":{"line":2,"column":31}},"2":{"start":{"line":3,"column":0},"end":{"line":3,"column":40}},"3":{"start":{"line":5,"column":14},"end":{"line":5,"column":53}},"4":{"start":{"line":7,"column":20},"end":{"line":151,"column":1}},"5":{"start":{"line":8,"column":38},"end":{"line":8,"column":53}},"6":{"start":{"line":10,"column":4},"end":{"line":12,"column":11}},"7":{"start":{"line":11,"column":8},"end":{"line":11,"column":27}},"8":{"start":{"line":14,"column":27},"end":{"line":39,"column":null}},"9":{"start":{"line":42,"column":30},"end":{"line":48,"column":7}},"10":{"start":{"line":43,"column":8},"end":{"line":47,"column":9}},"11":{"start":{"line":44,"column":10},"end":{"line":44,"column":73}},"12":{"start":{"line":46,"column":10},"end":{"line":46,"column":52}},"13":{"start":{"line":50,"column":2},"end":{"line":150,"column":null}},"14":{"start":{"line":62,"column":28},"end":{"line":70,"column":null}},"15":{"start":{"line":127,"column":20},"end":{"line":128,"column":null}},"16":{"start":{"line":153,"column":0},"end":{"line":153,"column":null}}},"fnMap":{"0":{"name":"(anonymous_1)","decl":{"start":{"line":7,"column":20},"end":{"line":7,"column":23}},"loc":{"start":{"line":7,"column":25},"end":{"line":151,"column":1}}},"1":{"name":"(anonymous_2)","decl":{"start":{"line":10,"column":14},"end":{"line":10,"column":17}},"loc":{"start":{"line":10,"column":19},"end":{"line":12,"column":5}}},"2":{"name":"(anonymous_3)","decl":{"start":{"line":42,"column":30},"end":{"line":42,"column":33}},"loc":{"start":{"line":42,"column":35},"end":{"line":48,"column":7}}},"3":{"name":"(anonymous_4)","decl":{"start":{"line":61,"column":38},"end":{"line":61,"column":39}},"loc":{"start":{"line":61,"column":70},"end":{"line":71,"column":29}}},"4":{"name":"(anonymous_5)","decl":{"start":{"line":126,"column":40},"end":{"line":126,"column":41}},"loc":{"start":{"line":127,"column":20},"end":{"line":128,"column":null}}}},"branchMap":{"0":{"loc":{"start":{"line":53,"column":73},"end":{"line":53,"column":144}},"type":"cond-expr","locations":[{"start":{"line":53,"column":85},"end":{"line":53,"column":112}},{"start":{"line":53,"column":115},"end":{"line":53,"column":144}}]},"1":{"loc":{"start":{"line":64,"column":125},"end":{"line":64,"column":191}},"type":"cond-expr","locations":[{"start":{"line":64,"column":136},"end":{"line":64,"column":163}},{"start":{"line":64,"column":166},"end":{"line":64,"column":191}}]},"2":{"loc":{"start":{"line":75,"column":223},"end":{"line":75,"column":289}},"type":"cond-expr","locations":[{"start":{"line":75,"column":234},"end":{"line":75,"column":261}},{"start":{"line":75,"column":264},"end":{"line":75,"column":289}}]},"3":{"loc":{"start":{"line":88,"column":109},"end":{"line":88,"column":177}},"type":"cond-expr","locations":[{"start":{"line":88,"column":121},"end":{"line":88,"column":148}},{"start":{"line":88,"column":151},"end":{"line":88,"column":177}}]},"4":{"loc":{"start":{"line":95,"column":130},"end":{"line":95,"column":198}},"type":"cond-expr","locations":[{"start":{"line":95,"column":142},"end":{"line":95,"column":169}},{"start":{"line":95,"column":172},"end":{"line":95,"column":198}}]},"5":{"loc":{"start":{"line":98,"column":134},"end":{"line":98,"column":202}},"type":"cond-expr","locations":[{"start":{"line":98,"column":146},"end":{"line":98,"column":173}},{"start":{"line":98,"column":176},"end":{"line":98,"column":202}}]},"6":{"loc":{"start":{"line":130,"column":212},"end":{"line":130,"column":280}},"type":"cond-expr","locations":[{"start":{"line":130,"column":224},"end":{"line":130,"column":251}},{"start":{"line":130,"column":254},"end":{"line":130,"column":280}}]}},"s":{"0":1,"1":1,"2":1,"3":1,"4":1,"5":2,"6":2,"7":1,"8":2,"9":2,"10":0,"11":0,"12":0,"13":2,"14":8,"15":8,"16":1},"f":{"0":2,"1":1,"2":0,"3":8,"4":8},"b":{"0":[1,1],"1":[4,4],"2":[1,1],"3":[1,1],"4":[1,1],"5":[1,1],"6":[4,4]}}
,"C:\\Users\\Sonto\\OpenLingua\\frontend\\src\\components\\profileForm.tsx": {"path":"C:\\Users\\Sonto\\OpenLingua\\frontend\\src\\components\\profileForm.tsx","statementMap":{"0":{"start":{"line":1,"column":0},"end":{"line":1,"column":51}},"1":{"start":{"line":17,"column":48},"end":{"line":173,"column":1}},"2":{"start":{"line":18,"column":36},"end":{"line":18,"column":51}},"3":{"start":{"line":19,"column":34},"end":{"line":21,"column":4}},"4":{"start":{"line":22,"column":30},"end":{"line":22,"column":50}},"5":{"start":{"line":23,"column":32},"end":{"line":23,"column":47}},"6":{"start":{"line":25,"column":2},"end":{"line":27,"column":9}},"7":{"start":{"line":26,"column":4},"end":{"line":26,"column":23}},"8":{"start":{"line":29,"column":23},"end":{"line":40,"column":3}},"9":{"start":{"line":30,"column":30},"end":{"line":30,"column":32}},"10":{"start":{"line":32,"column":4},"end":{"line":36,"column":5}},"11":{"start":{"line":33,"column":6},"end":{"line":33,"column":42}},"12":{"start":{"line":34,"column":11},"end":{"line":36,"column":5}},"13":{"start":{"line":35,"column":6},"end":{"line":35,"column":60}},"14":{"start":{"line":38,"column":4},"end":{"line":38,"column":25}},"15":{"start":{"line":39,"column":4},"end":{"line":39,"column":47}},"16":{"start":{"line":42,"column":23},"end":{"line":57,"column":3}},"17":{"start":{"line":43,"column":4},"end":{"line":43,"column":30}},"18":{"start":{"line":43,"column":11},"end":{"line":43,"column":30}},"19":{"start":{"line":45,"column":4},"end":{"line":45,"column":32}},"20":{"start":{"line":45,"column":25},"end":{"line":45,"column":32}},"21":{"start":{"line":47,"column":4},"end":{"line":47,"column":21}},"22":{"start":{"line":49,"column":4},"end":{"line":56,"column":5}},"23":{"start":{"line":50,"column":6},"end":{"line":50,"column":52}},"24":{"start":{"line":52,"column":6},"end":{"line":52,"column":56}},"25":{"start":{"line":53,"column":6},"end":{"line":53,"column":82}},"26":{"start":{"line":55,"column":6},"end":{"line":55,"column":24}},"27":{"start":{"line":59,"column":28},"end":{"line":72,"column":3}},"28":{"start":{"line":60,"column":28},"end":{"line":60,"column":36}},"29":{"start":{"line":61,"column":4},"end":{"line":64,"column":8}},"30":{"start":{"line":61,"column":25},"end":{"line":64,"column":6}},"31":{"start":{"line":66,"column":4},"end":{"line":71,"column":5}},"32":{"start":{"line":67,"column":6},"end":{"line":70,"column":10}},"33":{"start":{"line":67,"column":25},"end":{"line":70,"column":8}},"34":{"start":{"line":74,"column":25},"end":{"line":78,"column":3}},"35":{"start":{"line":75,"column":4},"end":{"line":77,"column":5}},"36":{"start":{"line":76,"column":6},"end":{"line":76,"column":21}},"37":{"start":{"line":80,"column":2},"end":{"line":172,"column":4}},"38":{"start":{"line":175,"column":0},"end":{"line":175,"column":27}}},"fnMap":{"0":{"name":"(anonymous_0)","decl":{"start":{"line":17,"column":48},"end":{"line":17,"column":49}},"loc":{"start":{"line":17,"column":85},"end":{"line":173,"column":1}}},"1":{"name":"(anonymous_1)","decl":{"start":{"line":25,"column":12},"end":{"line":25,"column":15}},"loc":{"start":{"line":25,"column":17},"end":{"line":27,"column":3}}},"2":{"name":"(anonymous_2)","decl":{"start":{"line":29,"column":23},"end":{"line":29,"column":35}},"loc":{"start":{"line":29,"column":37},"end":{"line":40,"column":3}}},"3":{"name":"(anonymous_3)","decl":{"start":{"line":42,"column":23},"end":{"line":42,"column":28}},"loc":{"start":{"line":42,"column":88},"end":{"line":57,"column":3}}},"4":{"name":"(anonymous_4)","decl":{"start":{"line":59,"column":28},"end":{"line":59,"column":29}},"loc":{"start":{"line":59,"column":77},"end":{"line":72,"column":3}}},"5":{"name":"(anonymous_5)","decl":{"start":{"line":61,"column":16},"end":{"line":61,"column":20}},"loc":{"start":{"line":61,"column":25},"end":{"line":64,"column":6}}},"6":{"name":"(anonymous_6)","decl":{"start":{"line":67,"column":16},"end":{"line":67,"column":20}},"loc":{"start":{"line":67,"column":25},"end":{"line":70,"column":8}}},"7":{"name":"(anonymous_7)","decl":{"start":{"line":74,"column":25},"end":{"line":74,"column":26}},"loc":{"start":{"line":74,"column":76},"end":{"line":78,"column":3}}}},"branchMap":{"0":{"loc":{"start":{"line":32,"column":4},"end":{"line":36,"column":5}},"type":"if","locations":[{"start":{"line":32,"column":4},"end":{"line":36,"column":5}},{"start":{"line":34,"column":11},"end":{"line":36,"column":5}}]},"1":{"loc":{"start":{"line":34,"column":11},"end":{"line":36,"column":5}},"type":"if","locations":[{"start":{"line":34,"column":11},"end":{"line":36,"column":5}},{"start":{},"end":{}}]},"2":{"loc":{"start":{"line":43,"column":4},"end":{"line":43,"column":30}},"type":"if","locations":[{"start":{"line":43,"column":4},"end":{"line":43,"column":30}},{"start":{},"end":{}}]},"3":{"loc":{"start":{"line":45,"column":4},"end":{"line":45,"column":32}},"type":"if","locations":[{"start":{"line":45,"column":4},"end":{"line":45,"column":32}},{"start":{},"end":{}}]},"4":{"loc":{"start":{"line":66,"column":4},"end":{"line":71,"column":5}},"type":"if","locations":[{"start":{"line":66,"column":4},"end":{"line":71,"column":5}},{"start":{},"end":{}}]},"5":{"loc":{"start":{"line":75,"column":4},"end":{"line":77,"column":5}},"type":"if","locations":[{"start":{"line":75,"column":4},"end":{"line":77,"column":5}},{"start":{},"end":{}}]},"6":{"loc":{"start":{"line":97,"column":8},"end":{"line":97,"column":null}},"type":"cond-expr","locations":[{"start":{"line":97,"column":20},"end":{"line":97,"column":47}},{"start":{"line":97,"column":50},"end":{"line":97,"column":null}}]},"7":{"loc":{"start":{"line":125,"column":18},"end":{"line":125,"column":null}},"type":"cond-expr","locations":[{"start":{"line":125,"column":32},"end":{"line":125,"column":48}},{"start":{"line":125,"column":51},"end":{"line":125,"column":null}}]},"8":{"loc":{"start":{"line":130,"column":15},"end":{"line":131,"column":null}},"type":"binary-expr","locations":[{"start":{"line":130,"column":15},"end":{"line":130,"column":26}},{"start":{"line":131,"column":16},"end":{"line":131,"column":74}}]},"9":{"loc":{"start":{"line":136,"column":13},"end":{"line":139,"column":null}},"type":"binary-expr","locations":[{"start":{"line":136,"column":13},"end":{"line":136,"column":26}},{"start":{"line":137,"column":14},"end":{"line":138,"column":null}}]},"10":{"loc":{"start":{"line":147,"column":16},"end":{"line":149,"column":null}},"type":"cond-expr","locations":[{"start":{"line":148,"column":20},"end":{"line":148,"column":52}},{"start":{"line":149,"column":20},"end":{"line":149,"column":null}}]},"11":{"loc":{"start":{"line":152,"column":15},"end":{"line":158,"column":null}},"type":"cond-expr","locations":[{"start":{"line":153,"column":16},"end":{"line":154,"column":null}},{"start":{"line":158,"column":16},"end":{"line":158,"column":39}}]}},"s":{"0":1,"1":1,"2":0,"3":0,"4":0,"5":0,"6":0,"7":0,"8":0,"9":0,"10":0,"11":0,"12":0,"13":0,"14":0,"15":0,"16":0,"17":0,"18":0,"19":0,"20":0,"21":0,"22":0,"23":0,"24":0,"25":0,"26":0,"27":0,"28":0,"29":0,"30":0,"31":0,"32":0,"33":0,"34":0,"35":0,"36":0,"37":0,"38":1},"f":{"0":0,"1":0,"2":0,"3":0,"4":0,"5":0,"6":0,"7":0},"b":{"0":[0,0],"1":[0,0],"2":[0,0],"3":[0,0],"4":[0,0],"5":[0,0],"6":[0,0],"7":[0,0],"8":[0,0],"9":[0,0],"10":[0,0],"11":[0,0]}}
,"C:\\Users\\Sonto\\OpenLingua\\frontend\\src\\components\\signIn.tsx": {"path":"C:\\Users\\Sonto\\OpenLingua\\frontend\\src\\components\\signIn.tsx","statementMap":{"0":{"start":{"line":1,"column":0},"end":{"line":1,"column":51}},"1":{"start":{"line":2,"column":0},"end":{"line":2,"column":31}},"2":{"start":{"line":3,"column":0},"end":{"line":3,"column":40}},"3":{"start":{"line":17,"column":25},"end":{"line":246,"column":1}},"4":{"start":{"line":18,"column":36},"end":{"line":18,"column":51}},"5":{"start":{"line":19,"column":34},"end":{"line":22,"column":4}},"6":{"start":{"line":23,"column":30},"end":{"line":23,"column":50}},"7":{"start":{"line":24,"column":32},"end":{"line":24,"column":47}},"8":{"start":{"line":26,"column":2},"end":{"line":28,"column":9}},"9":{"start":{"line":27,"column":4},"end":{"line":27,"column":23}},"10":{"start":{"line":30,"column":28},"end":{"line":36,"column":3}},"11":{"start":{"line":31,"column":4},"end":{"line":35,"column":5}},"12":{"start":{"line":32,"column":6},"end":{"line":32,"column":69}},"13":{"start":{"line":34,"column":6},"end":{"line":34,"column":48}},"14":{"start":{"line":38,"column":31},"end":{"line":44,"column":3}},"15":{"start":{"line":39,"column":4},"end":{"line":43,"column":5}},"16":{"start":{"line":40,"column":6},"end":{"line":40,"column":72}},"17":{"start":{"line":42,"column":6},"end":{"line":42,"column":51}},"18":{"start":{"line":46,"column":23},"end":{"line":63,"column":3}},"19":{"start":{"line":47,"column":30},"end":{"line":47,"column":32}},"20":{"start":{"line":49,"column":4},"end":{"line":53,"column":5}},"21":{"start":{"line":50,"column":6},"end":{"line":50,"column":44}},"22":{"start":{"line":51,"column":11},"end":{"line":53,"column":5}},"23":{"start":{"line":52,"column":6},"end":{"line":52,"column":43}},"24":{"start":{"line":55,"column":4},"end":{"line":59,"column":5}},"25":{"start":{"line":56,"column":6},"end":{"line":56,"column":50}},"26":{"start":{"line":57,"column":11},"end":{"line":59,"column":5}},"27":{"start":{"line":58,"column":6},"end":{"line":58,"column":68}},"28":{"start":{"line":61,"column":4},"end":{"line":61,"column":25}},"29":{"start":{"line":62,"column":4},"end":{"line":62,"column":47}},"30":{"start":{"line":65,"column":23},"end":{"line":98,"column":3}},"31":{"start":{"line":66,"column":4},"end":{"line":66,"column":30}},"32":{"start":{"line":66,"column":11},"end":{"line":66,"column":30}},"33":{"start":{"line":68,"column":4},"end":{"line":68,"column":32}},"34":{"start":{"line":68,"column":25},"end":{"line":68,"column":32}},"35":{"start":{"line":70,"column":4},"end":{"line":70,"column":21}},"36":{"start":{"line":72,"column":4},"end":{"line":97,"column":5}},"37":{"start":{"line":73,"column":23},"end":{"line":82,"column":8}},"38":{"start":{"line":84,"column":19},"end":{"line":84,"column":40}},"39":{"start":{"line":86,"column":6},"end":{"line":92,"column":7}},"40":{"start":{"line":88,"column":8},"end":{"line":88,"column":48}},"41":{"start":{"line":91,"column":8},"end":{"line":91,"column":71}},"42":{"start":{"line":94,"column":6},"end":{"line":94,"column":64}},"43":{"start":{"line":96,"column":6},"end":{"line":96,"column":24}},"44":{"start":{"line":100,"column":28},"end":{"line":114,"column":3}},"45":{"start":{"line":101,"column":28},"end":{"line":101,"column":36}},"46":{"start":{"line":102,"column":4},"end":{"line":105,"column":8}},"47":{"start":{"line":102,"column":25},"end":{"line":105,"column":6}},"48":{"start":{"line":108,"column":4},"end":{"line":113,"column":5}},"49":{"start":{"line":109,"column":6},"end":{"line":112,"column":10}},"50":{"start":{"line":109,"column":25},"end":{"line":112,"column":8}},"51":{"start":{"line":116,"column":25},"end":{"line":120,"column":3}},"52":{"start":{"line":117,"column":4},"end":{"line":119,"column":5}},"53":{"start":{"line":118,"column":6},"end":{"line":118,"column":21}},"54":{"start":{"line":122,"column":2},"end":{"line":245,"column":4}},"55":{"start":{"line":248,"column":0},"end":{"line":248,"column":22}}},"fnMap":{"0":{"name":"(anonymous_1)","decl":{"start":{"line":17,"column":25},"end":{"line":17,"column":28}},"loc":{"start":{"line":17,"column":30},"end":{"line":246,"column":1}}},"1":{"name":"(anonymous_2)","decl":{"start":{"line":26,"column":12},"end":{"line":26,"column":15}},"loc":{"start":{"line":26,"column":17},"end":{"line":28,"column":3}}},"2":{"name":"(anonymous_3)","decl":{"start":{"line":30,"column":28},"end":{"line":30,"column":37}},"loc":{"start":{"line":30,"column":39},"end":{"line":36,"column":3}}},"3":{"name":"(anonymous_4)","decl":{"start":{"line":38,"column":31},"end":{"line":38,"column":40}},"loc":{"start":{"line":38,"column":42},"end":{"line":44,"column":3}}},"4":{"name":"(anonymous_5)","decl":{"start":{"line":46,"column":23},"end":{"line":46,"column":35}},"loc":{"start":{"line":46,"column":37},"end":{"line":63,"column":3}}},"5":{"name":"(anonymous_6)","decl":{"start":{"line":65,"column":23},"end":{"line":65,"column":28}},"loc":{"start":{"line":65,"column":88},"end":{"line":98,"column":3}}},"6":{"name":"(anonymous_7)","decl":{"start":{"line":100,"column":28},"end":{"line":100,"column":29}},"loc":{"start":{"line":100,"column":77},"end":{"line":114,"column":3}}},"7":{"name":"(anonymous_8)","decl":{"start":{"line":102,"column":16},"end":{"line":102,"column":20}},"loc":{"start":{"line":102,"column":25},"end":{"line":105,"column":6}}},"8":{"name":"(anonymous_9)","decl":{"start":{"line":109,"column":16},"end":{"line":109,"column":20}},"loc":{"start":{"line":109,"column":25},"end":{"line":112,"column":8}}},"9":{"name":"(anonymous_10)","decl":{"start":{"line":116,"column":25},"end":{"line":116,"column":26}},"loc":{"start":{"line":116,"column":76},"end":{"line":120,"column":3}}}},"branchMap":{"0":{"loc":{"start":{"line":49,"column":4},"end":{"line":53,"column":5}},"type":"if","locations":[{"start":{"line":49,"column":4},"end":{"line":53,"column":5}},{"start":{"line":51,"column":11},"end":{"line":53,"column":5}}]},"1":{"loc":{"start":{"line":51,"column":11},"end":{"line":53,"column":5}},"type":"if","locations":[{"start":{"line":51,"column":11},"end":{"line":53,"column":5}},{"start":{},"end":{}}]},"2":{"loc":{"start":{"line":55,"column":4},"end":{"line":59,"column":5}},"type":"if","locations":[{"start":{"line":55,"column":4},"end":{"line":59,"column":5}},{"start":{"line":57,"column":11},"end":{"line":59,"column":5}}]},"3":{"loc":{"start":{"line":57,"column":11},"end":{"line":59,"column":5}},"type":"if","locations":[{"start":{"line":57,"column":11},"end":{"line":59,"column":5}},{"start":{},"end":{}}]},"4":{"loc":{"start":{"line":66,"column":4},"end":{"line":66,"column":30}},"type":"if","locations":[{"start":{"line":66,"column":4},"end":{"line":66,"column":30}},{"start":{},"end":{}}]},"5":{"loc":{"start":{"line":68,"column":4},"end":{"line":68,"column":32}},"type":"if","locations":[{"start":{"line":68,"column":4},"end":{"line":68,"column":32}},{"start":{},"end":{}}]},"6":{"loc":{"start":{"line":86,"column":6},"end":{"line":92,"column":7}},"type":"if","locations":[{"start":{"line":86,"column":6},"end":{"line":92,"column":7}},{"start":{"line":90,"column":13},"end":{"line":92,"column":7}}]},"7":{"loc":{"start":{"line":91,"column":28},"end":{"line":91,"column":67}},"type":"binary-expr","locations":[{"start":{"line":91,"column":28},"end":{"line":91,"column":40}},{"start":{"line":91,"column":44},"end":{"line":91,"column":67}}]},"8":{"loc":{"start":{"line":108,"column":4},"end":{"line":113,"column":5}},"type":"if","locations":[{"start":{"line":108,"column":4},"end":{"line":113,"column":5}},{"start":{},"end":{}}]},"9":{"loc":{"start":{"line":117,"column":4},"end":{"line":119,"column":5}},"type":"if","locations":[{"start":{"line":117,"column":4},"end":{"line":119,"column":5}},{"start":{},"end":{}}]},"10":{"loc":{"start":{"line":150,"column":72},"end":{"line":150,"column":140}},"type":"cond-expr","locations":[{"start":{"line":150,"column":84},"end":{"line":150,"column":111}},{"start":{"line":150,"column":114},"end":{"line":150,"column":140}}]},"11":{"loc":{"start":{"line":171,"column":17},"end":{"line":171,"column":92}},"type":"binary-expr","locations":[{"start":{"line":171,"column":17},"end":{"line":171,"column":29}},{"start":{"line":171,"column":33},"end":{"line":171,"column":92}}]},"12":{"loc":{"start":{"line":185,"column":17},"end":{"line":185,"column":98}},"type":"binary-expr","locations":[{"start":{"line":185,"column":17},"end":{"line":185,"column":32}},{"start":{"line":185,"column":36},"end":{"line":185,"column":98}}]},"13":{"loc":{"start":{"line":188,"column":15},"end":{"line":188,"column":99}},"type":"binary-expr","locations":[{"start":{"line":188,"column":15},"end":{"line":188,"column":28}},{"start":{"line":188,"column":32},"end":{"line":188,"column":99}}]},"14":{"loc":{"start":{"line":195,"column":17},"end":{"line":195,"column":54}},"type":"cond-expr","locations":[{"start":{"line":195,"column":27},"end":{"line":195,"column":42}},{"start":{"line":195,"column":45},"end":{"line":195,"column":54}}]}},"s":{"0":1,"1":1,"2":1,"3":1,"4":0,"5":0,"6":0,"7":0,"8":0,"9":0,"10":0,"11":0,"12":0,"13":0,"14":0,"15":0,"16":0,"17":0,"18":0,"19":0,"20":0,"21":0,"22":0,"23":0,"24":0,"25":0,"26":0,"27":0,"28":0,"29":0,"30":0,"31":0,"32":0,"33":0,"34":0,"35":0,"36":0,"37":0,"38":0,"39":0,"40":0,"41":0,"42":0,"43":0,"44":0,"45":0,"46":0,"47":0,"48":0,"49":0,"50":0,"51":0,"52":0,"53":0,"54":0,"55":1},"f":{"0":0,"1":0,"2":0,"3":0,"4":0,"5":0,"6":0,"7":0,"8":0,"9":0},"b":{"0":[0,0],"1":[0,0],"2":[0,0],"3":[0,0],"4":[0,0],"5":[0,0],"6":[0,0],"7":[0,0],"8":[0,0],"9":[0,0],"10":[0,0],"11":[0,0],"12":[0,0],"13":[0,0],"14":[0,0]}}
,"C:\\Users\\Sonto\\OpenLingua\\frontend\\src\\components\\signUp.tsx": {"path":"C:\\Users\\Sonto\\OpenLingua\\frontend\\src\\components\\signUp.tsx","statementMap":{"0":{"start":{"line":1,"column":0},"end":{"line":1,"column":51}},"1":{"start":{"line":2,"column":0},"end":{"line":2,"column":31}},"2":{"start":{"line":3,"column":0},"end":{"line":3,"column":53}},"3":{"start":{"line":4,"column":0},"end":{"line":4,"column":40}},"4":{"start":{"line":19,"column":25},"end":{"line":270,"column":1}},"5":{"start":{"line":20,"column":36},"end":{"line":20,"column":51}},"6":{"start":{"line":21,"column":48},"end":{"line":21,"column":63}},"7":{"start":{"line":22,"column":42},"end":{"line":22,"column":98}},"8":{"start":{"line":23,"column":34},"end":{"line":27,"column":4}},"9":{"start":{"line":28,"column":30},"end":{"line":28,"column":50}},"10":{"start":{"line":29,"column":20},"end":{"line":29,"column":35}},"11":{"start":{"line":30,"column":19},"end":{"line":30,"column":32}},"12":{"start":{"line":32,"column":2},"end":{"line":34,"column":9}},"13":{"start":{"line":33,"column":4},"end":{"line":33,"column":23}},"14":{"start":{"line":37,"column":32},"end":{"line":73,"column":3}},"15":{"start":{"line":38,"column":4},"end":{"line":41,"column":5}},"16":{"start":{"line":39,"column":6},"end":{"line":39,"column":43}},"17":{"start":{"line":40,"column":6},"end":{"line":40,"column":13}},"18":{"start":{"line":43,"column":4},"end":{"line":72,"column":5}},"19":{"start":{"line":44,"column":23},"end":{"line":55,"column":8}},"20":{"start":{"line":57,"column":19},"end":{"line":57,"column":40}},"21":{"start":{"line":59,"column":6},"end":{"line":67,"column":7}},"22":{"start":{"line":60,"column":8},"end":{"line":60,"column":54}},"23":{"start":{"line":62,"column":8},"end":{"line":62,"column":31}},"24":{"start":{"line":65,"column":8},"end":{"line":65,"column":34}},"25":{"start":{"line":66,"column":8},"end":{"line":66,"column":67}},"26":{"start":{"line":69,"column":6},"end":{"line":69,"column":50}},"27":{"start":{"line":70,"column":6},"end":{"line":70,"column":32}},"28":{"start":{"line":71,"column":6},"end":{"line":71,"column":64}},"29":{"start":{"line":76,"column":2},"end":{"line":83,"column":3}},"30":{"start":{"line":77,"column":4},"end":{"line":82,"column":6}},"31":{"start":{"line":85,"column":28},"end":{"line":91,"column":3}},"32":{"start":{"line":86,"column":4},"end":{"line":90,"column":5}},"33":{"start":{"line":87,"column":6},"end":{"line":87,"column":69}},"34":{"start":{"line":89,"column":6},"end":{"line":89,"column":48}},"35":{"start":{"line":93,"column":31},"end":{"line":99,"column":3}},"36":{"start":{"line":94,"column":4},"end":{"line":98,"column":5}},"37":{"start":{"line":95,"column":6},"end":{"line":95,"column":72}},"38":{"start":{"line":97,"column":6},"end":{"line":97,"column":51}},"39":{"start":{"line":102,"column":24},"end":{"line":109,"column":3}},"40":{"start":{"line":103,"column":8},"end":{"line":106,"column":11}},"41":{"start":{"line":107,"column":8},"end":{"line":107,"column":33}},"42":{"start":{"line":111,"column":28},"end":{"line":124,"column":3}},"43":{"start":{"line":112,"column":28},"end":{"line":112,"column":36}},"44":{"start":{"line":113,"column":4},"end":{"line":116,"column":8}},"45":{"start":{"line":113,"column":25},"end":{"line":116,"column":6}},"46":{"start":{"line":118,"column":4},"end":{"line":123,"column":5}},"47":{"start":{"line":119,"column":6},"end":{"line":122,"column":10}},"48":{"start":{"line":119,"column":25},"end":{"line":122,"column":8}},"49":{"start":{"line":126,"column":25},"end":{"line":130,"column":3}},"50":{"start":{"line":127,"column":4},"end":{"line":129,"column":5}},"51":{"start":{"line":128,"column":6},"end":{"line":128,"column":21}},"52":{"start":{"line":132,"column":2},"end":{"line":269,"column":4}},"53":{"start":{"line":272,"column":0},"end":{"line":272,"column":22}}},"fnMap":{"0":{"name":"(anonymous_1)","decl":{"start":{"line":19,"column":25},"end":{"line":19,"column":28}},"loc":{"start":{"line":19,"column":30},"end":{"line":270,"column":1}}},"1":{"name":"(anonymous_2)","decl":{"start":{"line":32,"column":12},"end":{"line":32,"column":15}},"loc":{"start":{"line":32,"column":17},"end":{"line":34,"column":3}}},"2":{"name":"(anonymous_3)","decl":{"start":{"line":37,"column":32},"end":{"line":37,"column":37}},"loc":{"start":{"line":37,"column":55},"end":{"line":73,"column":3}}},"3":{"name":"(anonymous_4)","decl":{"start":{"line":85,"column":28},"end":{"line":85,"column":37}},"loc":{"start":{"line":85,"column":39},"end":{"line":91,"column":3}}},"4":{"name":"(anonymous_5)","decl":{"start":{"line":93,"column":31},"end":{"line":93,"column":40}},"loc":{"start":{"line":93,"column":42},"end":{"line":99,"column":3}}},"5":{"name":"(anonymous_6)","decl":{"start":{"line":102,"column":24},"end":{"line":102,"column":27}},"loc":{"start":{"line":102,"column":29},"end":{"line":109,"column":3}}},"6":{"name":"(anonymous_7)","decl":{"start":{"line":111,"column":28},"end":{"line":111,"column":29}},"loc":{"start":{"line":111,"column":77},"end":{"line":124,"column":3}}},"7":{"name":"(anonymous_8)","decl":{"start":{"line":113,"column":16},"end":{"line":113,"column":20}},"loc":{"start":{"line":113,"column":25},"end":{"line":116,"column":6}}},"8":{"name":"(anonymous_9)","decl":{"start":{"line":119,"column":16},"end":{"line":119,"column":20}},"loc":{"start":{"line":119,"column":25},"end":{"line":122,"column":8}}},"9":{"name":"(anonymous_10)","decl":{"start":{"line":126,"column":25},"end":{"line":126,"column":26}},"loc":{"start":{"line":126,"column":76},"end":{"line":130,"column":3}}}},"branchMap":{"0":{"loc":{"start":{"line":38,"column":4},"end":{"line":41,"column":5}},"type":"if","locations":[{"start":{"line":38,"column":4},"end":{"line":41,"column":5}},{"start":{},"end":{}}]},"1":{"loc":{"start":{"line":59,"column":6},"end":{"line":67,"column":7}},"type":"if","locations":[{"start":{"line":59,"column":6},"end":{"line":67,"column":7}},{"start":{"line":63,"column":13},"end":{"line":67,"column":7}}]},"2":{"loc":{"start":{"line":66,"column":28},"end":{"line":66,"column":63}},"type":"binary-expr","locations":[{"start":{"line":66,"column":28},"end":{"line":66,"column":38}},{"start":{"line":66,"column":42},"end":{"line":66,"column":63}}]},"3":{"loc":{"start":{"line":76,"column":2},"end":{"line":83,"column":3}},"type":"if","locations":[{"start":{"line":76,"column":2},"end":{"line":83,"column":3}},{"start":{},"end":{}}]},"4":{"loc":{"start":{"line":80,"column":19},"end":{"line":80,"column":44}},"type":"binary-expr","locations":[{"start":{"line":80,"column":19},"end":{"line":80,"column":38}},{"start":{"line":80,"column":42},"end":{"line":80,"column":44}}]},"5":{"loc":{"start":{"line":118,"column":4},"end":{"line":123,"column":5}},"type":"if","locations":[{"start":{"line":118,"column":4},"end":{"line":123,"column":5}},{"start":{},"end":{}}]},"6":{"loc":{"start":{"line":127,"column":4},"end":{"line":129,"column":5}},"type":"if","locations":[{"start":{"line":127,"column":4},"end":{"line":129,"column":5}},{"start":{},"end":{}}]},"7":{"loc":{"start":{"line":160,"column":72},"end":{"line":160,"column":140}},"type":"cond-expr","locations":[{"start":{"line":160,"column":84},"end":{"line":160,"column":111}},{"start":{"line":160,"column":114},"end":{"line":160,"column":140}}]},"8":{"loc":{"start":{"line":181,"column":17},"end":{"line":181,"column":92}},"type":"binary-expr","locations":[{"start":{"line":181,"column":17},"end":{"line":181,"column":29}},{"start":{"line":181,"column":33},"end":{"line":181,"column":92}}]},"9":{"loc":{"start":{"line":195,"column":17},"end":{"line":195,"column":98}},"type":"binary-expr","locations":[{"start":{"line":195,"column":17},"end":{"line":195,"column":32}},{"start":{"line":195,"column":36},"end":{"line":195,"column":98}}]},"10":{"loc":{"start":{"line":209,"column":17},"end":{"line":209,"column":112}},"type":"binary-expr","locations":[{"start":{"line":209,"column":17},"end":{"line":209,"column":39}},{"start":{"line":209,"column":43},"end":{"line":209,"column":112}}]},"11":{"loc":{"start":{"line":212,"column":15},"end":{"line":212,"column":99}},"type":"binary-expr","locations":[{"start":{"line":212,"column":15},"end":{"line":212,"column":28}},{"start":{"line":212,"column":32},"end":{"line":212,"column":99}}]},"12":{"loc":{"start":{"line":219,"column":17},"end":{"line":219,"column":53}},"type":"cond-expr","locations":[{"start":{"line":219,"column":27},"end":{"line":219,"column":40}},{"start":{"line":219,"column":43},"end":{"line":219,"column":53}}]}},"s":{"0":1,"1":1,"2":1,"3":1,"4":1,"5":0,"6":0,"7":0,"8":0,"9":0,"10":0,"11":0,"12":0,"13":0,"14":0,"15":0,"16":0,"17":0,"18":0,"19":0,"20":0,"21":0,"22":0,"23":0,"24":0,"25":0,"26":0,"27":0,"28":0,"29":0,"30":0,"31":0,"32":0,"33":0,"34":0,"35":0,"36":0,"37":0,"38":0,"39":0,"40":0,"41":0,"42":0,"43":0,"44":0,"45":0,"46":0,"47":0,"48":0,"49":0,"50":0,"51":0,"52":0,"53":1},"f":{"0":0,"1":0,"2":0,"3":0,"4":0,"5":0,"6":0,"7":0,"8":0,"9":0},"b":{"0":[0,0],"1":[0,0],"2":[0,0],"3":[0,0],"4":[0,0],"5":[0,0],"6":[0,0],"7":[0,0],"8":[0,0],"9":[0,0],"10":[0,0],"11":[0,0],"12":[0,0]}}
}
