{"C:\\Users\\mirth\\codetests\\OpenLingua\\frontend\\styleMock.js": {"path":"C:\\Users\\mirth\\codetests\\OpenLingua\\frontend\\styleMock.js","statementMap":{"0":{"start":{"line":1,"column":0},"end":{"line":1,"column":20}}},"fnMap":{},"branchMap":{},"s":{"0":3},"f":{},"b":{},"inputSourceMap":null,"_coverageSchema":"1a1c01bbd47fc00a2c39e90264f33305004495a9","hash":"1f366c84d18e374df1a19be4379566eb10f9d015"}
,"C:\\Users\\mirth\\codetests\\OpenLingua\\frontend\\src\\config.tsx": {"path":"C:\\Users\\mirth\\codetests\\OpenLingua\\frontend\\src\\config.tsx","statementMap":{"0":{"start":{"line":4,"column":28},"end":{"line":4,"column":51}},"1":{"start":{"line":5,"column":29},"end":{"line":5,"column":73}},"2":{"start":{"line":6,"column":29},"end":{"line":6,"column":70}},"3":{"start":{"line":7,"column":0},"end":{"line":11,"column":2}}},"fnMap":{},"branchMap":{},"s":{"0":7,"1":7,"2":7,"3":7},"f":{},"b":{}}
,"C:\\Users\\mirth\\codetests\\OpenLingua\\frontend\\src\\components\\auth\\ProfileForm.tsx": {"path":"C:\\Users\\mirth\\codetests\\OpenLingua\\frontend\\src\\components\\auth\\ProfileForm.tsx","statementMap":{"0":{"start":{"line":1,"column":0},"end":{"line":1,"column":51}},"1":{"start":{"line":17,"column":48},"end":{"line":173,"column":1}},"2":{"start":{"line":18,"column":36},"end":{"line":18,"column":51}},"3":{"start":{"line":19,"column":34},"end":{"line":21,"column":4}},"4":{"start":{"line":22,"column":30},"end":{"line":22,"column":50}},"5":{"start":{"line":23,"column":32},"end":{"line":23,"column":47}},"6":{"start":{"line":25,"column":2},"end":{"line":27,"column":9}},"7":{"start":{"line":26,"column":4},"end":{"line":26,"column":23}},"8":{"start":{"line":29,"column":23},"end":{"line":40,"column":3}},"9":{"start":{"line":30,"column":30},"end":{"line":30,"column":32}},"10":{"start":{"line":32,"column":4},"end":{"line":36,"column":5}},"11":{"start":{"line":33,"column":6},"end":{"line":33,"column":42}},"12":{"start":{"line":34,"column":11},"end":{"line":36,"column":5}},"13":{"start":{"line":35,"column":6},"end":{"line":35,"column":60}},"14":{"start":{"line":38,"column":4},"end":{"line":38,"column":25}},"15":{"start":{"line":39,"column":4},"end":{"line":39,"column":47}},"16":{"start":{"line":42,"column":23},"end":{"line":57,"column":4}},"17":{"start":{"line":42,"column":88},"end":{"line":57,"column":4}},"18":{"start":{"line":43,"column":4},"end":{"line":43,"column":30}},"19":{"start":{"line":43,"column":11},"end":{"line":43,"column":30}},"20":{"start":{"line":45,"column":4},"end":{"line":45,"column":32}},"21":{"start":{"line":45,"column":25},"end":{"line":45,"column":32}},"22":{"start":{"line":47,"column":4},"end":{"line":47,"column":21}},"23":{"start":{"line":49,"column":4},"end":{"line":56,"column":5}},"24":{"start":{"line":50,"column":6},"end":{"line":50,"column":52}},"25":{"start":{"line":52,"column":6},"end":{"line":52,"column":56}},"26":{"start":{"line":53,"column":6},"end":{"line":53,"column":82}},"27":{"start":{"line":55,"column":6},"end":{"line":55,"column":24}},"28":{"start":{"line":59,"column":28},"end":{"line":72,"column":3}},"29":{"start":{"line":60,"column":28},"end":{"line":60,"column":36}},"30":{"start":{"line":61,"column":4},"end":{"line":64,"column":8}},"31":{"start":{"line":61,"column":24},"end":{"line":63,"column":null}},"32":{"start":{"line":66,"column":4},"end":{"line":71,"column":5}},"33":{"start":{"line":67,"column":6},"end":{"line":70,"column":10}},"34":{"start":{"line":67,"column":24},"end":{"line":69,"column":null}},"35":{"start":{"line":74,"column":25},"end":{"line":78,"column":3}},"36":{"start":{"line":75,"column":4},"end":{"line":77,"column":5}},"37":{"start":{"line":76,"column":6},"end":{"line":76,"column":21}},"38":{"start":{"line":80,"column":2},"end":{"line":172,"column":4}},"39":{"start":{"line":175,"column":0},"end":{"line":175,"column":27}}},"fnMap":{"0":{"name":"(anonymous_7)","decl":{"start":{"line":17,"column":48},"end":{"line":17,"column":49}},"loc":{"start":{"line":17,"column":85},"end":{"line":173,"column":1}}},"1":{"name":"(anonymous_8)","decl":{"start":{"line":25,"column":12},"end":{"line":25,"column":15}},"loc":{"start":{"line":25,"column":17},"end":{"line":27,"column":3}}},"2":{"name":"(anonymous_9)","decl":{"start":{"line":29,"column":23},"end":{"line":29,"column":35}},"loc":{"start":{"line":29,"column":37},"end":{"line":40,"column":3}}},"3":{"name":"(anonymous_10)","decl":{"start":{"line":42,"column":23},"end":{"line":42,"column":30}},"loc":{"start":{"line":42,"column":88},"end":{"line":57,"column":4}}},"4":{"name":"(anonymous_11)","decl":{"start":{"line":42,"column":88},"end":{"line":42,"column":null}},"loc":{"start":{"line":42,"column":88},"end":{"line":57,"column":3}}},"5":{"name":"(anonymous_12)","decl":{"start":{"line":59,"column":28},"end":{"line":59,"column":29}},"loc":{"start":{"line":59,"column":77},"end":{"line":72,"column":3}}},"6":{"name":"(anonymous_13)","decl":{"start":{"line":61,"column":16},"end":{"line":61,"column":20}},"loc":{"start":{"line":61,"column":24},"end":{"line":63,"column":null}}},"7":{"name":"(anonymous_14)","decl":{"start":{"line":67,"column":16},"end":{"line":67,"column":20}},"loc":{"start":{"line":67,"column":24},"end":{"line":69,"column":null}}},"8":{"name":"(anonymous_15)","decl":{"start":{"line":74,"column":25},"end":{"line":74,"column":26}},"loc":{"start":{"line":74,"column":76},"end":{"line":78,"column":3}}}},"branchMap":{"0":{"loc":{"start":{"line":32,"column":4},"end":{"line":36,"column":5}},"type":"if","locations":[{"start":{"line":32,"column":4},"end":{"line":36,"column":5}},{"start":{"line":34,"column":11},"end":{"line":36,"column":5}}]},"1":{"loc":{"start":{"line":34,"column":11},"end":{"line":36,"column":5}},"type":"if","locations":[{"start":{"line":34,"column":11},"end":{"line":36,"column":5}},{"start":{},"end":{}}]},"2":{"loc":{"start":{"line":43,"column":4},"end":{"line":43,"column":30}},"type":"if","locations":[{"start":{"line":43,"column":4},"end":{"line":43,"column":30}},{"start":{},"end":{}}]},"3":{"loc":{"start":{"line":45,"column":4},"end":{"line":45,"column":32}},"type":"if","locations":[{"start":{"line":45,"column":4},"end":{"line":45,"column":32}},{"start":{},"end":{}}]},"4":{"loc":{"start":{"line":66,"column":4},"end":{"line":71,"column":5}},"type":"if","locations":[{"start":{"line":66,"column":4},"end":{"line":71,"column":5}},{"start":{},"end":{}}]},"5":{"loc":{"start":{"line":75,"column":4},"end":{"line":77,"column":5}},"type":"if","locations":[{"start":{"line":75,"column":4},"end":{"line":77,"column":5}},{"start":{},"end":{}}]},"6":{"loc":{"start":{"line":97,"column":8},"end":{"line":97,"column":null}},"type":"cond-expr","locations":[{"start":{"line":97,"column":20},"end":{"line":97,"column":47}},{"start":{"line":97,"column":50},"end":{"line":97,"column":null}}]},"7":{"loc":{"start":{"line":125,"column":18},"end":{"line":125,"column":null}},"type":"cond-expr","locations":[{"start":{"line":125,"column":32},"end":{"line":125,"column":48}},{"start":{"line":125,"column":51},"end":{"line":125,"column":null}}]},"8":{"loc":{"start":{"line":130,"column":15},"end":{"line":131,"column":null}},"type":"binary-expr","locations":[{"start":{"line":130,"column":15},"end":{"line":130,"column":26}},{"start":{"line":131,"column":16},"end":{"line":131,"column":74}}]},"9":{"loc":{"start":{"line":136,"column":13},"end":{"line":139,"column":null}},"type":"binary-expr","locations":[{"start":{"line":136,"column":13},"end":{"line":136,"column":26}},{"start":{"line":137,"column":14},"end":{"line":138,"column":null}}]},"10":{"loc":{"start":{"line":147,"column":16},"end":{"line":149,"column":null}},"type":"cond-expr","locations":[{"start":{"line":148,"column":20},"end":{"line":148,"column":52}},{"start":{"line":149,"column":20},"end":{"line":149,"column":null}}]},"11":{"loc":{"start":{"line":152,"column":15},"end":{"line":158,"column":null}},"type":"cond-expr","locations":[{"start":{"line":153,"column":16},"end":{"line":154,"column":null}},{"start":{"line":158,"column":16},"end":{"line":158,"column":39}}]}},"s":{"0":2,"1":2,"2":90,"3":90,"4":90,"5":90,"6":90,"7":12,"8":90,"9":9,"10":9,"11":1,"12":8,"13":2,"14":9,"15":9,"16":90,"17":9,"18":9,"19":8,"20":9,"21":3,"22":6,"23":6,"24":6,"25":1,"26":1,"27":6,"28":90,"29":53,"30":53,"31":53,"32":53,"33":1,"34":1,"35":90,"36":54,"37":1,"38":90,"39":2},"f":{"0":90,"1":12,"2":9,"3":9,"4":9,"5":53,"6":53,"7":1,"8":54},"b":{"0":[1,8],"1":[2,6],"2":[8,1],"3":[3,6],"4":[1,52],"5":[1,53],"6":[78,12],"7":[3,87],"8":[90,3],"9":[90,1],"10":[6,84],"11":[6,84]}}
,"C:\\Users\\mirth\\codetests\\OpenLingua\\frontend\\src\\components\\auth\\SignIn.tsx": {"path":"C:\\Users\\mirth\\codetests\\OpenLingua\\frontend\\src\\components\\auth\\SignIn.tsx","statementMap":{"0":{"start":{"line":1,"column":0},"end":{"line":1,"column":51}},"1":{"start":{"line":2,"column":0},"end":{"line":2,"column":34}},"2":{"start":{"line":3,"column":0},"end":{"line":3,"column":40}},"3":{"start":{"line":4,"column":0},"end":{"line":4,"column":35}},"4":{"start":{"line":5,"column":0},"end":{"line":5,"column":50}},"5":{"start":{"line":18,"column":25},"end":{"line":253,"column":1}},"6":{"start":{"line":19,"column":36},"end":{"line":19,"column":51}},"7":{"start":{"line":20,"column":34},"end":{"line":23,"column":4}},"8":{"start":{"line":24,"column":30},"end":{"line":24,"column":50}},"9":{"start":{"line":25,"column":32},"end":{"line":25,"column":47}},"10":{"start":{"line":27,"column":2},"end":{"line":33,"column":9}},"11":{"start":{"line":29,"column":4},"end":{"line":29,"column":50}},"12":{"start":{"line":30,"column":4},"end":{"line":30,"column":46}},"13":{"start":{"line":32,"column":4},"end":{"line":32,"column":23}},"14":{"start":{"line":35,"column":28},"end":{"line":42,"column":3}},"15":{"start":{"line":36,"column":4},"end":{"line":41,"column":5}},"16":{"start":{"line":38,"column":6},"end":{"line":38,"column":58}},"17":{"start":{"line":40,"column":6},"end":{"line":40,"column":48}},"18":{"start":{"line":44,"column":31},"end":{"line":51,"column":3}},"19":{"start":{"line":45,"column":4},"end":{"line":50,"column":5}},"20":{"start":{"line":47,"column":7},"end":{"line":47,"column":62}},"21":{"start":{"line":49,"column":6},"end":{"line":49,"column":51}},"22":{"start":{"line":53,"column":23},"end":{"line":70,"column":3}},"23":{"start":{"line":54,"column":30},"end":{"line":54,"column":32}},"24":{"start":{"line":56,"column":4},"end":{"line":60,"column":5}},"25":{"start":{"line":57,"column":6},"end":{"line":57,"column":44}},"26":{"start":{"line":58,"column":11},"end":{"line":60,"column":5}},"27":{"start":{"line":59,"column":6},"end":{"line":59,"column":43}},"28":{"start":{"line":62,"column":4},"end":{"line":66,"column":5}},"29":{"start":{"line":63,"column":6},"end":{"line":63,"column":50}},"30":{"start":{"line":64,"column":11},"end":{"line":66,"column":5}},"31":{"start":{"line":65,"column":6},"end":{"line":65,"column":68}},"32":{"start":{"line":68,"column":4},"end":{"line":68,"column":25}},"33":{"start":{"line":69,"column":4},"end":{"line":69,"column":47}},"34":{"start":{"line":72,"column":23},"end":{"line":105,"column":4}},"35":{"start":{"line":72,"column":88},"end":{"line":105,"column":4}},"36":{"start":{"line":73,"column":4},"end":{"line":73,"column":30}},"37":{"start":{"line":73,"column":11},"end":{"line":73,"column":30}},"38":{"start":{"line":75,"column":4},"end":{"line":75,"column":32}},"39":{"start":{"line":75,"column":25},"end":{"line":75,"column":32}},"40":{"start":{"line":77,"column":4},"end":{"line":77,"column":21}},"41":{"start":{"line":79,"column":4},"end":{"line":104,"column":5}},"42":{"start":{"line":80,"column":23},"end":{"line":89,"column":8}},"43":{"start":{"line":91,"column":19},"end":{"line":91,"column":40}},"44":{"start":{"line":93,"column":6},"end":{"line":99,"column":7}},"45":{"start":{"line":95,"column":8},"end":{"line":95,"column":48}},"46":{"start":{"line":98,"column":8},"end":{"line":98,"column":71}},"47":{"start":{"line":101,"column":6},"end":{"line":101,"column":64}},"48":{"start":{"line":103,"column":6},"end":{"line":103,"column":24}},"49":{"start":{"line":107,"column":28},"end":{"line":121,"column":3}},"50":{"start":{"line":108,"column":28},"end":{"line":108,"column":36}},"51":{"start":{"line":109,"column":4},"end":{"line":112,"column":8}},"52":{"start":{"line":109,"column":24},"end":{"line":111,"column":null}},"53":{"start":{"line":115,"column":4},"end":{"line":120,"column":5}},"54":{"start":{"line":116,"column":6},"end":{"line":119,"column":10}},"55":{"start":{"line":116,"column":24},"end":{"line":118,"column":null}},"56":{"start":{"line":123,"column":25},"end":{"line":127,"column":3}},"57":{"start":{"line":124,"column":4},"end":{"line":126,"column":5}},"58":{"start":{"line":125,"column":6},"end":{"line":125,"column":21}},"59":{"start":{"line":129,"column":2},"end":{"line":252,"column":4}},"60":{"start":{"line":255,"column":0},"end":{"line":255,"column":22}}},"fnMap":{"0":{"name":"(anonymous_8)","decl":{"start":{"line":18,"column":25},"end":{"line":18,"column":28}},"loc":{"start":{"line":18,"column":30},"end":{"line":253,"column":1}}},"1":{"name":"(anonymous_9)","decl":{"start":{"line":27,"column":12},"end":{"line":27,"column":15}},"loc":{"start":{"line":27,"column":17},"end":{"line":33,"column":3}}},"2":{"name":"(anonymous_10)","decl":{"start":{"line":35,"column":28},"end":{"line":35,"column":37}},"loc":{"start":{"line":35,"column":39},"end":{"line":42,"column":3}}},"3":{"name":"(anonymous_11)","decl":{"start":{"line":44,"column":31},"end":{"line":44,"column":40}},"loc":{"start":{"line":44,"column":42},"end":{"line":51,"column":3}}},"4":{"name":"(anonymous_12)","decl":{"start":{"line":53,"column":23},"end":{"line":53,"column":35}},"loc":{"start":{"line":53,"column":37},"end":{"line":70,"column":3}}},"5":{"name":"(anonymous_13)","decl":{"start":{"line":72,"column":23},"end":{"line":72,"column":30}},"loc":{"start":{"line":72,"column":88},"end":{"line":105,"column":4}}},"6":{"name":"(anonymous_14)","decl":{"start":{"line":72,"column":88},"end":{"line":72,"column":null}},"loc":{"start":{"line":72,"column":88},"end":{"line":105,"column":3}}},"7":{"name":"(anonymous_15)","decl":{"start":{"line":107,"column":28},"end":{"line":107,"column":29}},"loc":{"start":{"line":107,"column":77},"end":{"line":121,"column":3}}},"8":{"name":"(anonymous_16)","decl":{"start":{"line":109,"column":16},"end":{"line":109,"column":20}},"loc":{"start":{"line":109,"column":24},"end":{"line":111,"column":null}}},"9":{"name":"(anonymous_17)","decl":{"start":{"line":116,"column":16},"end":{"line":116,"column":20}},"loc":{"start":{"line":116,"column":24},"end":{"line":118,"column":null}}},"10":{"name":"(anonymous_18)","decl":{"start":{"line":123,"column":25},"end":{"line":123,"column":26}},"loc":{"start":{"line":123,"column":76},"end":{"line":127,"column":3}}}},"branchMap":{"0":{"loc":{"start":{"line":56,"column":4},"end":{"line":60,"column":5}},"type":"if","locations":[{"start":{"line":56,"column":4},"end":{"line":60,"column":5}},{"start":{"line":58,"column":11},"end":{"line":60,"column":5}}]},"1":{"loc":{"start":{"line":58,"column":11},"end":{"line":60,"column":5}},"type":"if","locations":[{"start":{"line":58,"column":11},"end":{"line":60,"column":5}},{"start":{},"end":{}}]},"2":{"loc":{"start":{"line":62,"column":4},"end":{"line":66,"column":5}},"type":"if","locations":[{"start":{"line":62,"column":4},"end":{"line":66,"column":5}},{"start":{"line":64,"column":11},"end":{"line":66,"column":5}}]},"3":{"loc":{"start":{"line":64,"column":11},"end":{"line":66,"column":5}},"type":"if","locations":[{"start":{"line":64,"column":11},"end":{"line":66,"column":5}},{"start":{},"end":{}}]},"4":{"loc":{"start":{"line":73,"column":4},"end":{"line":73,"column":30}},"type":"if","locations":[{"start":{"line":73,"column":4},"end":{"line":73,"column":30}},{"start":{},"end":{}}]},"5":{"loc":{"start":{"line":75,"column":4},"end":{"line":75,"column":32}},"type":"if","locations":[{"start":{"line":75,"column":4},"end":{"line":75,"column":32}},{"start":{},"end":{}}]},"6":{"loc":{"start":{"line":93,"column":6},"end":{"line":99,"column":7}},"type":"if","locations":[{"start":{"line":93,"column":6},"end":{"line":99,"column":7}},{"start":{"line":97,"column":13},"end":{"line":99,"column":7}}]},"7":{"loc":{"start":{"line":98,"column":28},"end":{"line":98,"column":67}},"type":"binary-expr","locations":[{"start":{"line":98,"column":28},"end":{"line":98,"column":40}},{"start":{"line":98,"column":44},"end":{"line":98,"column":67}}]},"8":{"loc":{"start":{"line":115,"column":4},"end":{"line":120,"column":5}},"type":"if","locations":[{"start":{"line":115,"column":4},"end":{"line":120,"column":5}},{"start":{},"end":{}}]},"9":{"loc":{"start":{"line":124,"column":4},"end":{"line":126,"column":5}},"type":"if","locations":[{"start":{"line":124,"column":4},"end":{"line":126,"column":5}},{"start":{},"end":{}}]},"10":{"loc":{"start":{"line":157,"column":72},"end":{"line":157,"column":140}},"type":"cond-expr","locations":[{"start":{"line":157,"column":84},"end":{"line":157,"column":111}},{"start":{"line":157,"column":114},"end":{"line":157,"column":140}}]},"11":{"loc":{"start":{"line":178,"column":17},"end":{"line":178,"column":92}},"type":"binary-expr","locations":[{"start":{"line":178,"column":17},"end":{"line":178,"column":29}},{"start":{"line":178,"column":33},"end":{"line":178,"column":92}}]},"12":{"loc":{"start":{"line":192,"column":17},"end":{"line":192,"column":98}},"type":"binary-expr","locations":[{"start":{"line":192,"column":17},"end":{"line":192,"column":32}},{"start":{"line":192,"column":36},"end":{"line":192,"column":98}}]},"13":{"loc":{"start":{"line":195,"column":15},"end":{"line":195,"column":99}},"type":"binary-expr","locations":[{"start":{"line":195,"column":15},"end":{"line":195,"column":28}},{"start":{"line":195,"column":32},"end":{"line":195,"column":99}}]},"14":{"loc":{"start":{"line":202,"column":17},"end":{"line":202,"column":54}},"type":"cond-expr","locations":[{"start":{"line":202,"column":27},"end":{"line":202,"column":42}},{"start":{"line":202,"column":45},"end":{"line":202,"column":54}}]}},"s":{"0":1,"1":1,"2":1,"3":1,"4":1,"5":1,"6":159,"7":159,"8":159,"9":159,"10":159,"11":10,"12":10,"13":10,"14":159,"15":1,"16":1,"17":0,"18":159,"19":1,"20":1,"21":0,"22":159,"23":7,"24":7,"25":1,"26":6,"27":2,"28":7,"29":1,"30":6,"31":2,"32":7,"33":7,"34":159,"35":7,"36":7,"37":6,"38":7,"39":3,"40":4,"41":4,"42":4,"43":3,"44":3,"45":2,"46":1,"47":1,"48":4,"49":159,"50":129,"51":129,"52":129,"53":129,"54":2,"55":2,"56":159,"57":128,"58":1,"59":159,"60":1},"f":{"0":159,"1":10,"2":1,"3":1,"4":7,"5":7,"6":7,"7":129,"8":129,"9":2,"10":128},"b":{"0":[1,6],"1":[2,4],"2":[1,6],"3":[2,4],"4":[6,1],"5":[3,4],"6":[2,1],"7":[1,0],"8":[2,127],"9":[1,127],"10":[149,10],"11":[159,3],"12":[159,21],"13":[159,2],"14":[4,155]}}
,"C:\\Users\\mirth\\codetests\\OpenLingua\\frontend\\src\\components\\auth\\SignUp.tsx": {"path":"C:\\Users\\mirth\\codetests\\OpenLingua\\frontend\\src\\components\\auth\\SignUp.tsx","statementMap":{"0":{"start":{"line":1,"column":0},"end":{"line":1,"column":51}},"1":{"start":{"line":2,"column":0},"end":{"line":2,"column":34}},"2":{"start":{"line":3,"column":0},"end":{"line":3,"column":53}},"3":{"start":{"line":4,"column":0},"end":{"line":4,"column":40}},"4":{"start":{"line":5,"column":0},"end":{"line":5,"column":35}},"5":{"start":{"line":6,"column":0},"end":{"line":6,"column":50}},"6":{"start":{"line":20,"column":25},"end":{"line":277,"column":1}},"7":{"start":{"line":21,"column":36},"end":{"line":21,"column":51}},"8":{"start":{"line":22,"column":48},"end":{"line":22,"column":63}},"9":{"start":{"line":23,"column":42},"end":{"line":23,"column":98}},"10":{"start":{"line":24,"column":34},"end":{"line":28,"column":4}},"11":{"start":{"line":29,"column":30},"end":{"line":29,"column":50}},"12":{"start":{"line":30,"column":20},"end":{"line":30,"column":35}},"13":{"start":{"line":31,"column":19},"end":{"line":31,"column":32}},"14":{"start":{"line":33,"column":2},"end":{"line":39,"column":9}},"15":{"start":{"line":35,"column":4},"end":{"line":35,"column":50}},"16":{"start":{"line":36,"column":4},"end":{"line":36,"column":46}},"17":{"start":{"line":38,"column":4},"end":{"line":38,"column":23}},"18":{"start":{"line":42,"column":32},"end":{"line":78,"column":4}},"19":{"start":{"line":42,"column":55},"end":{"line":78,"column":4}},"20":{"start":{"line":43,"column":4},"end":{"line":46,"column":5}},"21":{"start":{"line":44,"column":6},"end":{"line":44,"column":43}},"22":{"start":{"line":45,"column":6},"end":{"line":45,"column":13}},"23":{"start":{"line":48,"column":4},"end":{"line":77,"column":5}},"24":{"start":{"line":49,"column":23},"end":{"line":60,"column":8}},"25":{"start":{"line":62,"column":19},"end":{"line":62,"column":40}},"26":{"start":{"line":64,"column":6},"end":{"line":72,"column":7}},"27":{"start":{"line":65,"column":8},"end":{"line":65,"column":54}},"28":{"start":{"line":67,"column":8},"end":{"line":67,"column":31}},"29":{"start":{"line":70,"column":8},"end":{"line":70,"column":34}},"30":{"start":{"line":71,"column":8},"end":{"line":71,"column":67}},"31":{"start":{"line":74,"column":6},"end":{"line":74,"column":50}},"32":{"start":{"line":75,"column":6},"end":{"line":75,"column":32}},"33":{"start":{"line":76,"column":6},"end":{"line":76,"column":64}},"34":{"start":{"line":81,"column":2},"end":{"line":88,"column":3}},"35":{"start":{"line":82,"column":4},"end":{"line":87,"column":6}},"36":{"start":{"line":90,"column":30},"end":{"line":97,"column":5}},"37":{"start":{"line":91,"column":6},"end":{"line":96,"column":7}},"38":{"start":{"line":93,"column":8},"end":{"line":93,"column":60}},"39":{"start":{"line":95,"column":8},"end":{"line":95,"column":50}},"40":{"start":{"line":99,"column":33},"end":{"line":106,"column":5}},"41":{"start":{"line":100,"column":6},"end":{"line":105,"column":7}},"42":{"start":{"line":102,"column":9},"end":{"line":102,"column":64}},"43":{"start":{"line":104,"column":8},"end":{"line":104,"column":53}},"44":{"start":{"line":109,"column":24},"end":{"line":116,"column":3}},"45":{"start":{"line":110,"column":8},"end":{"line":113,"column":11}},"46":{"start":{"line":114,"column":8},"end":{"line":114,"column":33}},"47":{"start":{"line":118,"column":28},"end":{"line":131,"column":3}},"48":{"start":{"line":119,"column":28},"end":{"line":119,"column":36}},"49":{"start":{"line":120,"column":4},"end":{"line":123,"column":8}},"50":{"start":{"line":120,"column":24},"end":{"line":122,"column":null}},"51":{"start":{"line":125,"column":4},"end":{"line":130,"column":5}},"52":{"start":{"line":126,"column":6},"end":{"line":129,"column":10}},"53":{"start":{"line":126,"column":24},"end":{"line":128,"column":null}},"54":{"start":{"line":133,"column":25},"end":{"line":137,"column":3}},"55":{"start":{"line":134,"column":4},"end":{"line":136,"column":5}},"56":{"start":{"line":135,"column":6},"end":{"line":135,"column":21}},"57":{"start":{"line":139,"column":2},"end":{"line":276,"column":4}},"58":{"start":{"line":279,"column":0},"end":{"line":279,"column":22}}},"fnMap":{"0":{"name":"(anonymous_8)","decl":{"start":{"line":20,"column":25},"end":{"line":20,"column":28}},"loc":{"start":{"line":20,"column":30},"end":{"line":277,"column":1}}},"1":{"name":"(anonymous_9)","decl":{"start":{"line":33,"column":12},"end":{"line":33,"column":15}},"loc":{"start":{"line":33,"column":17},"end":{"line":39,"column":3}}},"2":{"name":"(anonymous_10)","decl":{"start":{"line":42,"column":32},"end":{"line":42,"column":39}},"loc":{"start":{"line":42,"column":55},"end":{"line":78,"column":4}}},"3":{"name":"(anonymous_11)","decl":{"start":{"line":42,"column":55},"end":{"line":42,"column":null}},"loc":{"start":{"line":42,"column":55},"end":{"line":78,"column":3}}},"4":{"name":"(anonymous_12)","decl":{"start":{"line":90,"column":30},"end":{"line":90,"column":39}},"loc":{"start":{"line":90,"column":41},"end":{"line":97,"column":5}}},"5":{"name":"(anonymous_13)","decl":{"start":{"line":99,"column":33},"end":{"line":99,"column":42}},"loc":{"start":{"line":99,"column":44},"end":{"line":106,"column":5}}},"6":{"name":"(anonymous_14)","decl":{"start":{"line":109,"column":24},"end":{"line":109,"column":27}},"loc":{"start":{"line":109,"column":29},"end":{"line":116,"column":3}}},"7":{"name":"(anonymous_15)","decl":{"start":{"line":118,"column":28},"end":{"line":118,"column":29}},"loc":{"start":{"line":118,"column":77},"end":{"line":131,"column":3}}},"8":{"name":"(anonymous_16)","decl":{"start":{"line":120,"column":16},"end":{"line":120,"column":20}},"loc":{"start":{"line":120,"column":24},"end":{"line":122,"column":null}}},"9":{"name":"(anonymous_17)","decl":{"start":{"line":126,"column":16},"end":{"line":126,"column":20}},"loc":{"start":{"line":126,"column":24},"end":{"line":128,"column":null}}},"10":{"name":"(anonymous_18)","decl":{"start":{"line":133,"column":25},"end":{"line":133,"column":26}},"loc":{"start":{"line":133,"column":76},"end":{"line":137,"column":3}}}},"branchMap":{"0":{"loc":{"start":{"line":43,"column":4},"end":{"line":46,"column":5}},"type":"if","locations":[{"start":{"line":43,"column":4},"end":{"line":46,"column":5}},{"start":{},"end":{}}]},"1":{"loc":{"start":{"line":64,"column":6},"end":{"line":72,"column":7}},"type":"if","locations":[{"start":{"line":64,"column":6},"end":{"line":72,"column":7}},{"start":{"line":68,"column":13},"end":{"line":72,"column":7}}]},"2":{"loc":{"start":{"line":71,"column":28},"end":{"line":71,"column":63}},"type":"binary-expr","locations":[{"start":{"line":71,"column":28},"end":{"line":71,"column":38}},{"start":{"line":71,"column":42},"end":{"line":71,"column":63}}]},"3":{"loc":{"start":{"line":81,"column":2},"end":{"line":88,"column":3}},"type":"if","locations":[{"start":{"line":81,"column":2},"end":{"line":88,"column":3}},{"start":{},"end":{}}]},"4":{"loc":{"start":{"line":85,"column":19},"end":{"line":85,"column":44}},"type":"binary-expr","locations":[{"start":{"line":85,"column":19},"end":{"line":85,"column":38}},{"start":{"line":85,"column":42},"end":{"line":85,"column":44}}]},"5":{"loc":{"start":{"line":85,"column":19},"end":{"line":85,"column":38}},"type":"cond-expr","locations":[{"start":{"line":85,"column":31},"end":{"line":85,"column":33}},{"start":{"line":85,"column":19},"end":{"line":85,"column":38}}]},"6":{"loc":{"start":{"line":85,"column":19},"end":{"line":85,"column":33}},"type":"binary-expr","locations":[{"start":{"line":85,"column":19},"end":{"line":85,"column":33}},{"start":{"line":85,"column":19},"end":{"line":85,"column":33}}]},"7":{"loc":{"start":{"line":125,"column":4},"end":{"line":130,"column":5}},"type":"if","locations":[{"start":{"line":125,"column":4},"end":{"line":130,"column":5}},{"start":{},"end":{}}]},"8":{"loc":{"start":{"line":134,"column":4},"end":{"line":136,"column":5}},"type":"if","locations":[{"start":{"line":134,"column":4},"end":{"line":136,"column":5}},{"start":{},"end":{}}]},"9":{"loc":{"start":{"line":167,"column":72},"end":{"line":167,"column":140}},"type":"cond-expr","locations":[{"start":{"line":167,"column":84},"end":{"line":167,"column":111}},{"start":{"line":167,"column":114},"end":{"line":167,"column":140}}]},"10":{"loc":{"start":{"line":188,"column":17},"end":{"line":188,"column":92}},"type":"binary-expr","locations":[{"start":{"line":188,"column":17},"end":{"line":188,"column":29}},{"start":{"line":188,"column":33},"end":{"line":188,"column":92}}]},"11":{"loc":{"start":{"line":202,"column":17},"end":{"line":202,"column":98}},"type":"binary-expr","locations":[{"start":{"line":202,"column":17},"end":{"line":202,"column":32}},{"start":{"line":202,"column":36},"end":{"line":202,"column":98}}]},"12":{"loc":{"start":{"line":216,"column":17},"end":{"line":216,"column":112}},"type":"binary-expr","locations":[{"start":{"line":216,"column":17},"end":{"line":216,"column":39}},{"start":{"line":216,"column":43},"end":{"line":216,"column":112}}]},"13":{"loc":{"start":{"line":219,"column":15},"end":{"line":219,"column":99}},"type":"binary-expr","locations":[{"start":{"line":219,"column":15},"end":{"line":219,"column":28}},{"start":{"line":219,"column":32},"end":{"line":219,"column":99}}]},"14":{"loc":{"start":{"line":226,"column":17},"end":{"line":226,"column":53}},"type":"cond-expr","locations":[{"start":{"line":226,"column":27},"end":{"line":226,"column":40}},{"start":{"line":226,"column":43},"end":{"line":226,"column":53}}]}},"s":{"0":1,"1":1,"2":1,"3":1,"4":1,"5":1,"6":1,"7":213,"8":213,"9":213,"10":213,"11":213,"12":213,"13":213,"14":213,"15":8,"16":8,"17":8,"18":213,"19":3,"20":3,"21":0,"22":0,"23":3,"24":3,"25":2,"26":2,"27":1,"28":1,"29":1,"30":1,"31":1,"32":1,"33":1,"34":213,"35":5,"36":208,"37":1,"38":1,"39":0,"40":208,"41":1,"42":1,"43":0,"44":208,"45":5,"46":5,"47":208,"48":190,"49":190,"50":190,"51":190,"52":0,"53":0,"54":208,"55":191,"56":1,"57":208,"58":1},"f":{"0":213,"1":8,"2":3,"3":3,"4":1,"5":1,"6":5,"7":190,"8":190,"9":0,"10":191},"b":{"0":[0,3],"1":[1,1],"2":[1,0],"3":[5,208],"4":[5,0],"5":[0,5],"6":[5,5],"7":[0,190],"8":[1,190],"9":[200,8],"10":[208,0],"11":[208,0],"12":[208,0],"13":[208,2],"14":[0,208]}}
,"C:\\Users\\mirth\\codetests\\OpenLingua\\frontend\\src\\components\\community\\CommunityDashboard.tsx": {"path":"C:\\Users\\mirth\\codetests\\OpenLingua\\frontend\\src\\components\\community\\CommunityDashboard.tsx","statementMap":{"0":{"start":{"line":1,"column":0},"end":{"line":1,"column":33}},"1":{"start":{"line":2,"column":0},"end":{"line":2,"column":47}},"2":{"start":{"line":3,"column":0},"end":{"line":3,"column":76}},"3":{"start":{"line":4,"column":0},"end":{"line":4,"column":48}},"4":{"start":{"line":5,"column":0},"end":{"line":5,"column":51}},"5":{"start":{"line":6,"column":0},"end":{"line":6,"column":48}},"6":{"start":{"line":7,"column":0},"end":{"line":7,"column":60}},"7":{"start":{"line":10,"column":20},"end":{"line":15,"column":2}},"8":{"start":{"line":18,"column":25},"end":{"line":22,"column":2}},"9":{"start":{"line":25,"column":15},"end":{"line":28,"column":2}},"10":{"start":{"line":31,"column":20},"end":{"line":35,"column":2}},"11":{"start":{"line":38,"column":25},"end":{"line":42,"column":1}},"12":{"start":{"line":39,"column":25},"end":{"line":39,"column":110}},"13":{"start":{"line":39,"column":65},"end":{"line":39,"column":109}},"14":{"start":{"line":40,"column":24},"end":{"line":40,"column":108}},"15":{"start":{"line":40,"column":63},"end":{"line":40,"column":107}},"16":{"start":{"line":41,"column":2},"end":{"line":41,"column":47}},"17":{"start":{"line":44,"column":27},"end":{"line":219,"column":1}},"18":{"start":{"line":45,"column":46},"end":{"line":45,"column":95}},"19":{"start":{"line":46,"column":44},"end":{"line":46,"column":59}},"20":{"start":{"line":47,"column":42},"end":{"line":47,"column":57}},"21":{"start":{"line":48,"column":19},"end":{"line":48,"column":32}},"22":{"start":{"line":49,"column":19},"end":{"line":49,"column":32}},"23":{"start":{"line":51,"column":26},"end":{"line":51,"column":128}},"24":{"start":{"line":51,"column":60},"end":{"line":51,"column":127}},"25":{"start":{"line":53,"column":23},"end":{"line":68,"column":4}},"26":{"start":{"line":53,"column":34},"end":{"line":68,"column":4}},"27":{"start":{"line":54,"column":4},"end":{"line":54,"column":26}},"28":{"start":{"line":55,"column":4},"end":{"line":67,"column":5}},"29":{"start":{"line":56,"column":22},"end":{"line":56,"column":43}},"30":{"start":{"line":57,"column":6},"end":{"line":57,"column":29}},"31":{"start":{"line":59,"column":6},"end":{"line":63,"column":7}},"32":{"start":{"line":60,"column":8},"end":{"line":60,"column":28}},"33":{"start":{"line":62,"column":8},"end":{"line":62,"column":63}},"34":{"start":{"line":65,"column":6},"end":{"line":65,"column":29}},"35":{"start":{"line":66,"column":6},"end":{"line":66,"column":61}},"36":{"start":{"line":70,"column":2},"end":{"line":218,"column":4}},"37":{"start":{"line":76,"column":25},"end":{"line":76,"column":47}},"38":{"start":{"line":105,"column":34},"end":{"line":105,"column":58}},"39":{"start":{"line":106,"column":12},"end":{"line":120,"column":14}},"40":{"start":{"line":110,"column":31},"end":{"line":110,"column":56}},"41":{"start":{"line":131,"column":27},"end":{"line":131,"column":59}},"42":{"start":{"line":167,"column":12},"end":{"line":167,"column":32}},"43":{"start":{"line":184,"column":12},"end":{"line":184,"column":37}},"44":{"start":{"line":198,"column":80},"end":{"line":198,"column":103}},"45":{"start":{"line":221,"column":0},"end":{"line":221,"column":34}}},"fnMap":{"0":{"name":"(anonymous_8)","decl":{"start":{"line":38,"column":25},"end":{"line":38,"column":26}},"loc":{"start":{"line":38,"column":64},"end":{"line":42,"column":1}}},"1":{"name":"(anonymous_9)","decl":{"start":{"line":39,"column":55},"end":{"line":39,"column":61}},"loc":{"start":{"line":39,"column":65},"end":{"line":39,"column":109}}},"2":{"name":"(anonymous_10)","decl":{"start":{"line":40,"column":53},"end":{"line":40,"column":59}},"loc":{"start":{"line":40,"column":63},"end":{"line":40,"column":107}}},"3":{"name":"(anonymous_11)","decl":{"start":{"line":44,"column":27},"end":{"line":44,"column":30}},"loc":{"start":{"line":44,"column":32},"end":{"line":219,"column":1}}},"4":{"name":"(anonymous_12)","decl":{"start":{"line":51,"column":50},"end":{"line":51,"column":56}},"loc":{"start":{"line":51,"column":60},"end":{"line":51,"column":127}}},"5":{"name":"(anonymous_13)","decl":{"start":{"line":53,"column":23},"end":{"line":53,"column":32}},"loc":{"start":{"line":53,"column":34},"end":{"line":68,"column":4}}},"6":{"name":"(anonymous_14)","decl":{"start":{"line":53,"column":34},"end":{"line":53,"column":null}},"loc":{"start":{"line":53,"column":34},"end":{"line":68,"column":3}}},"7":{"name":"(anonymous_15)","decl":{"start":{"line":76,"column":19},"end":{"line":76,"column":22}},"loc":{"start":{"line":76,"column":25},"end":{"line":76,"column":47}}},"8":{"name":"(anonymous_16)","decl":{"start":{"line":104,"column":31},"end":{"line":104,"column":37}},"loc":{"start":{"line":104,"column":40},"end":{"line":121,"column":11}}},"9":{"name":"(anonymous_17)","decl":{"start":{"line":110,"column":25},"end":{"line":110,"column":28}},"loc":{"start":{"line":110,"column":31},"end":{"line":110,"column":56}}},"10":{"name":"(anonymous_18)","decl":{"start":{"line":131,"column":21},"end":{"line":131,"column":24}},"loc":{"start":{"line":131,"column":27},"end":{"line":131,"column":59}}},"11":{"name":"(anonymous_19)","decl":{"start":{"line":166,"column":22},"end":{"line":166,"column":27}},"loc":{"start":{"line":167,"column":12},"end":{"line":167,"column":32}}},"12":{"name":"(anonymous_20)","decl":{"start":{"line":183,"column":27},"end":{"line":183,"column":37}},"loc":{"start":{"line":184,"column":12},"end":{"line":184,"column":37}}},"13":{"name":"(anonymous_21)","decl":{"start":{"line":198,"column":74},"end":{"line":198,"column":77}},"loc":{"start":{"line":198,"column":80},"end":{"line":198,"column":103}}}},"branchMap":{"0":{"loc":{"start":{"line":51,"column":60},"end":{"line":51,"column":127}},"type":"binary-expr","locations":[{"start":{"line":51,"column":60},"end":{"line":51,"column":88}},{"start":{"line":51,"column":92},"end":{"line":51,"column":127}}]},"1":{"loc":{"start":{"line":59,"column":6},"end":{"line":63,"column":7}},"type":"if","locations":[{"start":{"line":59,"column":6},"end":{"line":63,"column":7}},{"start":{"line":61,"column":13},"end":{"line":63,"column":7}}]},"2":{"loc":{"start":{"line":72,"column":7},"end":{"line":72,"column":65}},"type":"binary-expr","locations":[{"start":{"line":72,"column":7},"end":{"line":72,"column":19}},{"start":{"line":72,"column":23},"end":{"line":72,"column":65}}]},"3":{"loc":{"start":{"line":140,"column":9},"end":{"line":162,"column":null}},"type":"binary-expr","locations":[{"start":{"line":140,"column":9},"end":{"line":140,"column":22}},{"start":{"line":141,"column":10},"end":{"line":161,"column":null}}]},"4":{"loc":{"start":{"line":193,"column":7},"end":{"line":214,"column":null}},"type":"binary-expr","locations":[{"start":{"line":193,"column":7},"end":{"line":193,"column":21}},{"start":{"line":194,"column":8},"end":{"line":213,"column":null}}]}},"s":{"0":1,"1":1,"2":1,"3":1,"4":1,"5":1,"6":1,"7":1,"8":1,"9":1,"10":1,"11":1,"12":168,"13":168,"14":168,"15":84,"16":168,"17":1,"18":42,"19":42,"20":42,"21":42,"22":42,"23":42,"24":126,"25":42,"26":3,"27":3,"28":3,"29":3,"30":2,"31":2,"32":1,"33":1,"34":1,"35":1,"36":42,"37":1,"38":84,"39":84,"40":3,"41":6,"42":84,"43":126,"44":1,"45":1},"f":{"0":168,"1":168,"2":84,"3":42,"4":126,"5":3,"6":3,"7":1,"8":84,"9":3,"10":6,"11":84,"12":126,"13":1},"b":{"0":[126,84],"1":[1,1],"2":[42,3],"3":[42,5],"4":[42,3]}}
,"C:\\Users\\mirth\\codetests\\OpenLingua\\frontend\\src\\components\\community\\ForumSection.tsx": {"path":"C:\\Users\\mirth\\codetests\\OpenLingua\\frontend\\src\\components\\community\\ForumSection.tsx","statementMap":{"0":{"start":{"line":13,"column":0},"end":{"line":13,"column":24}},"1":{"start":{"line":1,"column":0},"end":{"line":1,"column":33}},"2":{"start":{"line":2,"column":0},"end":{"line":2,"column":69}},"3":{"start":{"line":4,"column":0},"end":{"line":4,"column":58}},"4":{"start":{"line":14,"column":32},"end":{"line":14,"column":44}},"5":{"start":{"line":15,"column":48},"end":{"line":15,"column":63}},"6":{"start":{"line":17,"column":22},"end":{"line":17,"column":47}},"7":{"start":{"line":19,"column":23},"end":{"line":33,"column":4}},"8":{"start":{"line":19,"column":52},"end":{"line":33,"column":4}},"9":{"start":{"line":20,"column":4},"end":{"line":20,"column":23}},"10":{"start":{"line":21,"column":4},"end":{"line":21,"column":45}},"11":{"start":{"line":21,"column":38},"end":{"line":21,"column":45}},"12":{"start":{"line":23,"column":4},"end":{"line":23,"column":29}},"13":{"start":{"line":24,"column":4},"end":{"line":32,"column":5}},"14":{"start":{"line":25,"column":6},"end":{"line":25,"column":35}},"15":{"start":{"line":26,"column":6},"end":{"line":26,"column":21}},"16":{"start":{"line":31,"column":6},"end":{"line":31,"column":32}},"17":{"start":{"line":35,"column":2},"end":{"line":130,"column":4}},"18":{"start":{"line":60,"column":29},"end":{"line":60,"column":55}},"19":{"start":{"line":100,"column":10},"end":{"line":101,"column":null}}},"fnMap":{"0":{"name":"ForumSection","decl":{"start":{"line":13,"column":24},"end":{"line":13,"column":36}},"loc":{"start":{"line":13,"column":105},"end":{"line":131,"column":1}}},"1":{"name":"(anonymous_8)","decl":{"start":{"line":19,"column":23},"end":{"line":19,"column":30}},"loc":{"start":{"line":19,"column":52},"end":{"line":33,"column":4}}},"2":{"name":"(anonymous_9)","decl":{"start":{"line":19,"column":52},"end":{"line":19,"column":null}},"loc":{"start":{"line":19,"column":52},"end":{"line":33,"column":3}}},"3":{"name":"(anonymous_10)","decl":{"start":{"line":60,"column":22},"end":{"line":60,"column":23}},"loc":{"start":{"line":60,"column":29},"end":{"line":60,"column":55}}},"4":{"name":"(anonymous_11)","decl":{"start":{"line":99,"column":20},"end":{"line":99,"column":21}},"loc":{"start":{"line":100,"column":10},"end":{"line":101,"column":null}}}},"branchMap":{"0":{"loc":{"start":{"line":21,"column":4},"end":{"line":21,"column":45}},"type":"if","locations":[{"start":{"line":21,"column":4},"end":{"line":21,"column":45}},{"start":{},"end":{}}]},"1":{"loc":{"start":{"line":21,"column":8},"end":{"line":21,"column":36}},"type":"binary-expr","locations":[{"start":{"line":21,"column":8},"end":{"line":21,"column":20}},{"start":{"line":21,"column":24},"end":{"line":21,"column":36}}]},"2":{"loc":{"start":{"line":38,"column":8},"end":{"line":38,"column":null}},"type":"cond-expr","locations":[{"start":{"line":38,"column":20},"end":{"line":38,"column":47}},{"start":{"line":38,"column":50},"end":{"line":38,"column":null}}]},"3":{"loc":{"start":{"line":63,"column":30},"end":{"line":63,"column":95}},"type":"cond-expr","locations":[{"start":{"line":63,"column":67},"end":{"line":63,"column":80}},{"start":{"line":63,"column":83},"end":{"line":63,"column":95}}]},"4":{"loc":{"start":{"line":63,"column":30},"end":{"line":63,"column":64}},"type":"binary-expr","locations":[{"start":{"line":63,"column":30},"end":{"line":63,"column":42}},{"start":{"line":63,"column":46},"end":{"line":63,"column":64}}]},"5":{"loc":{"start":{"line":66,"column":11},"end":{"line":69,"column":null}},"type":"binary-expr","locations":[{"start":{"line":66,"column":11},"end":{"line":66,"column":23}},{"start":{"line":66,"column":27},"end":{"line":66,"column":45}},{"start":{"line":67,"column":12},"end":{"line":67,"column":null}}]},"6":{"loc":{"start":{"line":77,"column":20},"end":{"line":77,"column":51}},"type":"binary-expr","locations":[{"start":{"line":77,"column":20},"end":{"line":77,"column":35}},{"start":{"line":77,"column":39},"end":{"line":77,"column":51}}]},"7":{"loc":{"start":{"line":81,"column":11},"end":{"line":84,"column":null}},"type":"cond-expr","locations":[{"start":{"line":82,"column":12},"end":{"line":82,"column":77}},{"start":{"line":84,"column":12},"end":{"line":84,"column":58}}]},"8":{"loc":{"start":{"line":86,"column":11},"end":{"line":86,"column":50}},"type":"cond-expr","locations":[{"start":{"line":86,"column":29},"end":{"line":86,"column":41}},{"start":{"line":86,"column":44},"end":{"line":86,"column":50}}]},"9":{"loc":{"start":{"line":91,"column":9},"end":{"line":96,"column":null}},"type":"binary-expr","locations":[{"start":{"line":91,"column":9},"end":{"line":91,"column":28}},{"start":{"line":92,"column":10},"end":{"line":95,"column":null}}]}},"s":{"0":2,"1":2,"2":2,"3":2,"4":57,"5":57,"6":57,"7":57,"8":9,"9":9,"10":9,"11":2,"12":7,"13":7,"14":7,"15":5,"16":7,"17":57,"18":15,"19":176},"f":{"0":57,"1":9,"2":9,"3":15,"4":176},"b":{"0":[2,7],"1":[9,9],"2":[56,1],"3":[1,56],"4":[57,34],"5":[57,34,1],"6":[57,50],"7":[7,50],"8":[7,50],"9":[57,15]}}
,"C:\\Users\\mirth\\codetests\\OpenLingua\\frontend\\src\\components\\community\\ReviewsSection.tsx": {"path":"C:\\Users\\mirth\\codetests\\OpenLingua\\frontend\\src\\components\\community\\ReviewsSection.tsx","statementMap":{"0":{"start":{"line":14,"column":0},"end":{"line":14,"column":24}},"1":{"start":{"line":1,"column":0},"end":{"line":1,"column":33}},"2":{"start":{"line":2,"column":0},"end":{"line":2,"column":45}},"3":{"start":{"line":4,"column":0},"end":{"line":4,"column":58}},"4":{"start":{"line":21,"column":36},"end":{"line":21,"column":69}},"5":{"start":{"line":22,"column":50},"end":{"line":22,"column":65}},"6":{"start":{"line":24,"column":22},"end":{"line":24,"column":104}},"7":{"start":{"line":26,"column":23},"end":{"line":40,"column":4}},"8":{"start":{"line":26,"column":52},"end":{"line":40,"column":4}},"9":{"start":{"line":27,"column":4},"end":{"line":27,"column":23}},"10":{"start":{"line":28,"column":4},"end":{"line":28,"column":45}},"11":{"start":{"line":28,"column":38},"end":{"line":28,"column":45}},"12":{"start":{"line":30,"column":4},"end":{"line":30,"column":30}},"13":{"start":{"line":31,"column":4},"end":{"line":39,"column":5}},"14":{"start":{"line":32,"column":6},"end":{"line":32,"column":61}},"15":{"start":{"line":33,"column":6},"end":{"line":33,"column":44}},"16":{"start":{"line":38,"column":6},"end":{"line":38,"column":33}},"17":{"start":{"line":42,"column":2},"end":{"line":188,"column":4}},"18":{"start":{"line":63,"column":12},"end":{"line":64,"column":null}},"19":{"start":{"line":90,"column":22},"end":{"line":91,"column":null}},"20":{"start":{"line":107,"column":37},"end":{"line":107,"column":64}},"21":{"start":{"line":144,"column":31},"end":{"line":144,"column":83}},"22":{"start":{"line":166,"column":31},"end":{"line":166,"column":93}},"23":{"start":{"line":171,"column":16},"end":{"line":171,"column":32}}},"fnMap":{"0":{"name":"ReviewsSection","decl":{"start":{"line":14,"column":24},"end":{"line":14,"column":38}},"loc":{"start":{"line":20,"column":22},"end":{"line":189,"column":1}}},"1":{"name":"(anonymous_8)","decl":{"start":{"line":26,"column":23},"end":{"line":26,"column":30}},"loc":{"start":{"line":26,"column":52},"end":{"line":40,"column":4}}},"2":{"name":"(anonymous_9)","decl":{"start":{"line":26,"column":52},"end":{"line":26,"column":null}},"loc":{"start":{"line":26,"column":52},"end":{"line":40,"column":3}}},"3":{"name":"(anonymous_10)","decl":{"start":{"line":62,"column":22},"end":{"line":62,"column":23}},"loc":{"start":{"line":63,"column":12},"end":{"line":64,"column":null}}},"4":{"name":"(anonymous_11)","decl":{"start":{"line":89,"column":39},"end":{"line":89,"column":40}},"loc":{"start":{"line":90,"column":22},"end":{"line":91,"column":null}}},"5":{"name":"(anonymous_12)","decl":{"start":{"line":107,"column":31},"end":{"line":107,"column":34}},"loc":{"start":{"line":107,"column":37},"end":{"line":107,"column":64}}},"6":{"name":"(anonymous_13)","decl":{"start":{"line":144,"column":24},"end":{"line":144,"column":25}},"loc":{"start":{"line":144,"column":31},"end":{"line":144,"column":83}}},"7":{"name":"(anonymous_14)","decl":{"start":{"line":166,"column":24},"end":{"line":166,"column":25}},"loc":{"start":{"line":166,"column":31},"end":{"line":166,"column":93}}},"8":{"name":"(anonymous_15)","decl":{"start":{"line":170,"column":35},"end":{"line":170,"column":36}},"loc":{"start":{"line":171,"column":16},"end":{"line":171,"column":32}}}},"branchMap":{"0":{"loc":{"start":{"line":24,"column":22},"end":{"line":24,"column":104}},"type":"binary-expr","locations":[{"start":{"line":24,"column":22},"end":{"line":24,"column":54}},{"start":{"line":24,"column":58},"end":{"line":24,"column":79}},{"start":{"line":24,"column":83},"end":{"line":24,"column":104}}]},"1":{"loc":{"start":{"line":28,"column":4},"end":{"line":28,"column":45}},"type":"if","locations":[{"start":{"line":28,"column":4},"end":{"line":28,"column":45}},{"start":{},"end":{}}]},"2":{"loc":{"start":{"line":28,"column":8},"end":{"line":28,"column":36}},"type":"binary-expr","locations":[{"start":{"line":28,"column":8},"end":{"line":28,"column":20}},{"start":{"line":28,"column":24},"end":{"line":28,"column":36}}]},"3":{"loc":{"start":{"line":45,"column":8},"end":{"line":45,"column":null}},"type":"cond-expr","locations":[{"start":{"line":45,"column":20},"end":{"line":45,"column":47}},{"start":{"line":45,"column":50},"end":{"line":45,"column":null}}]},"4":{"loc":{"start":{"line":55,"column":9},"end":{"line":127,"column":null}},"type":"cond-expr","locations":[{"start":{"line":56,"column":10},"end":{"line":59,"column":null}},{"start":{"line":62,"column":10},"end":{"line":127,"column":12}}]},"5":{"loc":{"start":{"line":93,"column":30},"end":{"line":93,"column":70}},"type":"cond-expr","locations":[{"start":{"line":93,"column":47},"end":{"line":93,"column":61}},{"start":{"line":93,"column":64},"end":{"line":93,"column":70}}]},"6":{"loc":{"start":{"line":94,"column":35},"end":{"line":94,"column":87}},"type":"cond-expr","locations":[{"start":{"line":94,"column":52},"end":{"line":94,"column":69}},{"start":{"line":94,"column":72},"end":{"line":94,"column":87}}]},"7":{"loc":{"start":{"line":109,"column":24},"end":{"line":111,"column":null}},"type":"cond-expr","locations":[{"start":{"line":110,"column":28},"end":{"line":110,"column":103}},{"start":{"line":111,"column":28},"end":{"line":111,"column":null}}]},"8":{"loc":{"start":{"line":114,"column":52},"end":{"line":114,"column":85}},"type":"cond-expr","locations":[{"start":{"line":114,"column":74},"end":{"line":114,"column":80}},{"start":{"line":114,"column":83},"end":{"line":114,"column":85}}]},"9":{"loc":{"start":{"line":146,"column":32},"end":{"line":146,"column":106}},"type":"cond-expr","locations":[{"start":{"line":146,"column":76},"end":{"line":146,"column":90}},{"start":{"line":146,"column":93},"end":{"line":146,"column":106}}]},"10":{"loc":{"start":{"line":146,"column":32},"end":{"line":146,"column":73}},"type":"binary-expr","locations":[{"start":{"line":146,"column":32},"end":{"line":146,"column":44}},{"start":{"line":146,"column":48},"end":{"line":146,"column":73}}]},"11":{"loc":{"start":{"line":149,"column":13},"end":{"line":152,"column":null}},"type":"binary-expr","locations":[{"start":{"line":149,"column":13},"end":{"line":149,"column":25}},{"start":{"line":149,"column":29},"end":{"line":149,"column":54}},{"start":{"line":150,"column":14},"end":{"line":150,"column":null}}]},"12":{"loc":{"start":{"line":171,"column":67},"end":{"line":171,"column":85}},"type":"cond-expr","locations":[{"start":{"line":171,"column":77},"end":{"line":171,"column":80}},{"start":{"line":171,"column":83},"end":{"line":171,"column":85}}]},"13":{"loc":{"start":{"line":178,"column":22},"end":{"line":178,"column":54}},"type":"binary-expr","locations":[{"start":{"line":178,"column":22},"end":{"line":178,"column":38}},{"start":{"line":178,"column":42},"end":{"line":178,"column":54}}]},"14":{"loc":{"start":{"line":182,"column":13},"end":{"line":182,"column":104}},"type":"cond-expr","locations":[{"start":{"line":182,"column":32},"end":{"line":182,"column":97}},{"start":{"line":182,"column":100},"end":{"line":182,"column":104}}]},"15":{"loc":{"start":{"line":183,"column":13},"end":{"line":183,"column":65}},"type":"cond-expr","locations":[{"start":{"line":183,"column":32},"end":{"line":183,"column":47}},{"start":{"line":183,"column":50},"end":{"line":183,"column":65}}]}},"s":{"0":2,"1":2,"2":2,"3":2,"4":64,"5":64,"6":64,"7":64,"8":8,"9":8,"10":8,"11":2,"12":6,"13":6,"14":6,"15":4,"16":6,"17":64,"18":143,"19":715,"20":1,"21":14,"22":3,"23":320},"f":{"0":64,"1":8,"2":8,"3":143,"4":715,"5":1,"6":14,"7":3,"8":320},"b":{"0":[64,23,23],"1":[2,6],"2":[8,8],"3":[63,1],"4":[15,49],"5":[524,191],"6":[524,191],"7":[65,78],"8":[65,78],"9":[1,63],"10":[64,41],"11":[64,41,1],"12":[256,64],"13":[64,58],"14":[6,58],"15":[6,58]}}
,"C:\\Users\\mirth\\codetests\\OpenLingua\\frontend\\src\\components\\layout\\EventsSidebar.tsx": {"path":"C:\\Users\\mirth\\codetests\\OpenLingua\\frontend\\src\\components\\layout\\EventsSidebar.tsx","statementMap":{"0":{"start":{"line":22,"column":0},"end":{"line":22,"column":24}},"1":{"start":{"line":1,"column":0},"end":{"line":1,"column":40}},"2":{"start":{"line":23,"column":2},"end":{"line":103,"column":4}},"3":{"start":{"line":46,"column":12},"end":{"line":46,"column":32}},"4":{"start":{"line":82,"column":31},"end":{"line":82,"column":45}}},"fnMap":{"0":{"name":"EventsSidebar","decl":{"start":{"line":22,"column":24},"end":{"line":22,"column":37}},"loc":{"start":{"line":22,"column":93},"end":{"line":104,"column":1}}},"1":{"name":"(anonymous_1)","decl":{"start":{"line":45,"column":22},"end":{"line":45,"column":23}},"loc":{"start":{"line":46,"column":12},"end":{"line":46,"column":32}}},"2":{"name":"(anonymous_2)","decl":{"start":{"line":82,"column":25},"end":{"line":82,"column":28}},"loc":{"start":{"line":82,"column":31},"end":{"line":82,"column":45}}}},"branchMap":{"0":{"loc":{"start":{"line":25,"column":163},"end":{"line":25,"column":206}},"type":"cond-expr","locations":[{"start":{"line":25,"column":170},"end":{"line":25,"column":185}},{"start":{"line":25,"column":188},"end":{"line":25,"column":206}}]},"1":{"loc":{"start":{"line":43,"column":7},"end":{"line":100,"column":null}},"type":"cond-expr","locations":[{"start":{"line":44,"column":8},"end":{"line":93,"column":null}},{"start":{"line":96,"column":8},"end":{"line":99,"column":null}}]},"2":{"loc":{"start":{"line":51,"column":20},"end":{"line":57,"column":null}},"type":"cond-expr","locations":[{"start":{"line":52,"column":24},"end":{"line":52,"column":54}},{"start":{"line":53,"column":24},"end":{"line":57,"column":null}}]},"3":{"loc":{"start":{"line":53,"column":24},"end":{"line":57,"column":null}},"type":"cond-expr","locations":[{"start":{"line":54,"column":24},"end":{"line":54,"column":58}},{"start":{"line":55,"column":24},"end":{"line":57,"column":null}}]},"4":{"loc":{"start":{"line":55,"column":24},"end":{"line":57,"column":null}},"type":"cond-expr","locations":[{"start":{"line":56,"column":24},"end":{"line":56,"column":56}},{"start":{"line":57,"column":24},"end":{"line":57,"column":null}}]},"5":{"loc":{"start":{"line":68,"column":17},"end":{"line":68,"column":93}},"type":"binary-expr","locations":[{"start":{"line":68,"column":17},"end":{"line":68,"column":27}},{"start":{"line":68,"column":31},"end":{"line":68,"column":93}}]},"6":{"loc":{"start":{"line":72,"column":21},"end":{"line":72,"column":51}},"type":"binary-expr","locations":[{"start":{"line":72,"column":21},"end":{"line":72,"column":31}},{"start":{"line":72,"column":35},"end":{"line":72,"column":51}}]},"7":{"loc":{"start":{"line":74,"column":19},"end":{"line":77,"column":null}},"type":"binary-expr","locations":[{"start":{"line":74,"column":19},"end":{"line":74,"column":29}},{"start":{"line":75,"column":20},"end":{"line":76,"column":null}}]},"8":{"loc":{"start":{"line":75,"column":48},"end":{"line":75,"column":114}},"type":"cond-expr","locations":[{"start":{"line":75,"column":81},"end":{"line":75,"column":95}},{"start":{"line":75,"column":98},"end":{"line":75,"column":114}}]},"9":{"loc":{"start":{"line":76,"column":23},"end":{"line":76,"column":110}},"type":"cond-expr","locations":[{"start":{"line":76,"column":56},"end":{"line":76,"column":62}},{"start":{"line":76,"column":65},"end":{"line":76,"column":110}}]},"10":{"loc":{"start":{"line":83,"column":26},"end":{"line":83,"column":88}},"type":"binary-expr","locations":[{"start":{"line":83,"column":26},"end":{"line":83,"column":38}},{"start":{"line":83,"column":42},"end":{"line":83,"column":54}},{"start":{"line":83,"column":58},"end":{"line":83,"column":88}}]},"11":{"loc":{"start":{"line":85,"column":18},"end":{"line":85,"column":null}},"type":"cond-expr","locations":[{"start":{"line":85,"column":32},"end":{"line":85,"column":86}},{"start":{"line":85,"column":89},"end":{"line":85,"column":null}}]},"12":{"loc":{"start":{"line":88,"column":28},"end":{"line":88,"column":91}},"type":"cond-expr","locations":[{"start":{"line":88,"column":42},"end":{"line":88,"column":69}},{"start":{"line":88,"column":72},"end":{"line":88,"column":91}}]},"13":{"loc":{"start":{"line":90,"column":17},"end":{"line":90,"column":127}},"type":"cond-expr","locations":[{"start":{"line":90,"column":31},"end":{"line":90,"column":44}},{"start":{"line":90,"column":47},"end":{"line":90,"column":127}}]},"14":{"loc":{"start":{"line":90,"column":47},"end":{"line":90,"column":127}},"type":"cond-expr","locations":[{"start":{"line":90,"column":94},"end":{"line":90,"column":109}},{"start":{"line":90,"column":112},"end":{"line":90,"column":127}}]},"15":{"loc":{"start":{"line":90,"column":47},"end":{"line":90,"column":91}},"type":"binary-expr","locations":[{"start":{"line":90,"column":47},"end":{"line":90,"column":58}},{"start":{"line":90,"column":62},"end":{"line":90,"column":91}}]}},"s":{"0":1,"1":1,"2":20,"3":51,"4":1},"f":{"0":20,"1":51,"2":1},"b":{"0":[19,1],"1":[19,1],"2":[16,35],"3":[16,19],"4":[17,2],"5":[51,50],"6":[51,49],"7":[51,49],"8":[16,33],"9":[16,33],"10":[51,35,33],"11":[16,35],"12":[16,35],"13":[16,35],"14":[19,16],"15":[35,33]}}
,"C:\\Users\\mirth\\codetests\\OpenLingua\\frontend\\src\\components\\layout\\Footer.tsx": {"path":"C:\\Users\\mirth\\codetests\\OpenLingua\\frontend\\src\\components\\layout\\Footer.tsx","statementMap":{"0":{"start":{"line":1,"column":0},"end":{"line":1,"column":24}},"1":{"start":{"line":2,"column":2},"end":{"line":6,"column":4}}},"fnMap":{"0":{"name":"Footer","decl":{"start":{"line":1,"column":24},"end":{"line":1,"column":30}},"loc":{"start":{"line":1,"column":30},"end":{"line":7,"column":1}}}},"branchMap":{},"s":{"0":1,"1":12},"f":{"0":12},"b":{}}
,"C:\\Users\\mirth\\codetests\\OpenLingua\\frontend\\src\\components\\layout\\Navbar.tsx": {"path":"C:\\Users\\mirth\\codetests\\OpenLingua\\frontend\\src\\components\\layout\\Navbar.tsx","statementMap":{"0":{"start":{"line":3,"column":0},"end":{"line":3,"column":24}},"1":{"start":{"line":1,"column":0},"end":{"line":1,"column":40}},"2":{"start":{"line":4,"column":2},"end":{"line":15,"column":4}}},"fnMap":{"0":{"name":"Navbar","decl":{"start":{"line":3,"column":24},"end":{"line":3,"column":30}},"loc":{"start":{"line":3,"column":30},"end":{"line":16,"column":1}}}},"branchMap":{},"s":{"0":1,"1":1,"2":23},"f":{"0":23},"b":{}}
,"C:\\Users\\mirth\\codetests\\OpenLingua\\frontend\\src\\components\\layout\\ThemeToggle.tsx": {"path":"C:\\Users\\mirth\\codetests\\OpenLingua\\frontend\\src\\components\\layout\\ThemeToggle.tsx","statementMap":{"0":{"start":{"line":4,"column":0},"end":{"line":4,"column":24}},"1":{"start":{"line":1,"column":0},"end":{"line":1,"column":41}},"2":{"start":{"line":2,"column":0},"end":{"line":2,"column":54}},"3":{"start":{"line":5,"column":33},"end":{"line":5,"column":43}},"4":{"start":{"line":6,"column":17},"end":{"line":6,"column":33}},"5":{"start":{"line":8,"column":22},"end":{"line":10,"column":173}},"6":{"start":{"line":12,"column":2},"end":{"line":22,"column":4}}},"fnMap":{"0":{"name":"ThemeToggle","decl":{"start":{"line":4,"column":24},"end":{"line":4,"column":35}},"loc":{"start":{"line":4,"column":35},"end":{"line":23,"column":1}}}},"branchMap":{"0":{"loc":{"start":{"line":8,"column":22},"end":{"line":10,"column":173}},"type":"cond-expr","locations":[{"start":{"line":9,"column":6},"end":{"line":9,"column":166}},{"start":{"line":10,"column":6},"end":{"line":10,"column":173}}]},"1":{"loc":{"start":{"line":19,"column":7},"end":{"line":19,"column":54}},"type":"cond-expr","locations":[{"start":{"line":19,"column":16},"end":{"line":19,"column":33}},{"start":{"line":19,"column":36},"end":{"line":19,"column":54}}]},"2":{"loc":{"start":{"line":20,"column":13},"end":{"line":20,"column":38}},"type":"cond-expr","locations":[{"start":{"line":20,"column":22},"end":{"line":20,"column":29}},{"start":{"line":20,"column":32},"end":{"line":20,"column":38}}]}},"s":{"0":1,"1":1,"2":1,"3":31,"4":28,"5":28,"6":28},"f":{"0":31},"b":{"0":[19,9],"1":[19,9],"2":[19,9]}}
,"C:\\Users\\mirth\\codetests\\OpenLingua\\frontend\\src\\components\\pages\\LandingPage.tsx": {"path":"C:\\Users\\mirth\\codetests\\OpenLingua\\frontend\\src\\components\\pages\\LandingPage.tsx","statementMap":{"0":{"start":{"line":1,"column":0},"end":{"line":1,"column":44}},"1":{"start":{"line":2,"column":0},"end":{"line":2,"column":53}},"2":{"start":{"line":3,"column":0},"end":{"line":3,"column":35}},"3":{"start":{"line":5,"column":14},"end":{"line":5,"column":58}},"4":{"start":{"line":7,"column":20},"end":{"line":242,"column":1}},"5":{"start":{"line":8,"column":38},"end":{"line":8,"column":53}},"6":{"start":{"line":9,"column":54},"end":{"line":9,"column":65}},"7":{"start":{"line":10,"column":21},"end":{"line":10,"column":34}},"8":{"start":{"line":12,"column":4},"end":{"line":23,"column":11}},"9":{"start":{"line":14,"column":8},"end":{"line":14,"column":54}},"10":{"start":{"line":15,"column":8},"end":{"line":15,"column":50}},"11":{"start":{"line":17,"column":8},"end":{"line":17,"column":null}},"12":{"start":{"line":18,"column":25},"end":{"line":20,"column":16}},"13":{"start":{"line":19,"column":12},"end":{"line":19,"column":null}},"14":{"start":{"line":19,"column":41},"end":{"line":19,"column":53}},"15":{"start":{"line":21,"column":8},"end":{"line":21,"column":null}},"16":{"start":{"line":21,"column":21},"end":{"line":21,"column":44}},"17":{"start":{"line":25,"column":27},"end":{"line":50,"column":6}},"18":{"start":{"line":51,"column":25},"end":{"line":71,"column":null}},"19":{"start":{"line":73,"column":2},"end":{"line":241,"column":null}},"20":{"start":{"line":80,"column":39},"end":{"line":80,"column":61}},"21":{"start":{"line":88,"column":41},"end":{"line":88,"column":48}},"22":{"start":{"line":89,"column":28},"end":{"line":89,"column":68}},"23":{"start":{"line":89,"column":50},"end":{"line":89,"column":68}},"24":{"start":{"line":90,"column":28},"end":{"line":90,"column":82}},"25":{"start":{"line":90,"column":57},"end":{"line":90,"column":82}},"26":{"start":{"line":91,"column":28},"end":{"line":91,"column":72}},"27":{"start":{"line":91,"column":52},"end":{"line":91,"column":72}},"28":{"start":{"line":93,"column":28},"end":{"line":104,"column":30}},"29":{"start":{"line":163,"column":20},"end":{"line":164,"column":null}},"30":{"start":{"line":195,"column":24},"end":{"line":196,"column":null}},"31":{"start":{"line":223,"column":28},"end":{"line":224,"column":null}},"32":{"start":{"line":226,"column":47},"end":{"line":226,"column":74}},"33":{"start":{"line":243,"column":0},"end":{"line":243,"column":null}}},"fnMap":{"0":{"name":"(anonymous_0)","decl":{"start":{"line":7,"column":20},"end":{"line":7,"column":23}},"loc":{"start":{"line":7,"column":25},"end":{"line":242,"column":1}}},"1":{"name":"(anonymous_1)","decl":{"start":{"line":12,"column":14},"end":{"line":12,"column":17}},"loc":{"start":{"line":12,"column":19},"end":{"line":23,"column":5}}},"2":{"name":"(anonymous_2)","decl":{"start":{"line":18,"column":37},"end":{"line":18,"column":39}},"loc":{"start":{"line":18,"column":41},"end":{"line":20,"column":9}}},"3":{"name":"(anonymous_3)","decl":{"start":{"line":19,"column":33},"end":{"line":19,"column":37}},"loc":{"start":{"line":19,"column":41},"end":{"line":19,"column":53}}},"4":{"name":"(anonymous_4)","decl":{"start":{"line":21,"column":15},"end":{"line":21,"column":18}},"loc":{"start":{"line":21,"column":21},"end":{"line":21,"column":44}}},"5":{"name":"(anonymous_5)","decl":{"start":{"line":80,"column":33},"end":{"line":80,"column":36}},"loc":{"start":{"line":80,"column":39},"end":{"line":80,"column":61}}},"6":{"name":"(anonymous_6)","decl":{"start":{"line":87,"column":35},"end":{"line":87,"column":36}},"loc":{"start":{"line":87,"column":67},"end":{"line":105,"column":25}}},"7":{"name":"(anonymous_7)","decl":{"start":{"line":162,"column":40},"end":{"line":162,"column":41}},"loc":{"start":{"line":163,"column":20},"end":{"line":164,"column":null}}},"8":{"name":"(anonymous_8)","decl":{"start":{"line":194,"column":38},"end":{"line":194,"column":39}},"loc":{"start":{"line":195,"column":24},"end":{"line":196,"column":null}}},"9":{"name":"(anonymous_9)","decl":{"start":{"line":222,"column":42},"end":{"line":222,"column":43}},"loc":{"start":{"line":223,"column":28},"end":{"line":224,"column":null}}},"10":{"name":"(anonymous_10)","decl":{"start":{"line":226,"column":41},"end":{"line":226,"column":44}},"loc":{"start":{"line":226,"column":47},"end":{"line":226,"column":74}}}},"branchMap":{"0":{"loc":{"start":{"line":76,"column":73},"end":{"line":76,"column":144}},"type":"cond-expr","locations":[{"start":{"line":76,"column":85},"end":{"line":76,"column":112}},{"start":{"line":76,"column":115},"end":{"line":76,"column":144}}]},"1":{"loc":{"start":{"line":89,"column":28},"end":{"line":89,"column":68}},"type":"if","locations":[{"start":{"line":89,"column":28},"end":{"line":89,"column":68}},{"start":{},"end":{}}]},"2":{"loc":{"start":{"line":90,"column":28},"end":{"line":90,"column":82}},"type":"if","locations":[{"start":{"line":90,"column":28},"end":{"line":90,"column":82}},{"start":{},"end":{}}]},"3":{"loc":{"start":{"line":91,"column":28},"end":{"line":91,"column":72}},"type":"if","locations":[{"start":{"line":91,"column":28},"end":{"line":91,"column":72}},{"start":{},"end":{}}]},"4":{"loc":{"start":{"line":98,"column":32},"end":{"line":98,"column":null}},"type":"cond-expr","locations":[{"start":{"line":98,"column":44},"end":{"line":98,"column":71}},{"start":{"line":98,"column":74},"end":{"line":98,"column":null}}]},"5":{"loc":{"start":{"line":109,"column":226},"end":{"line":109,"column":292}},"type":"cond-expr","locations":[{"start":{"line":109,"column":237},"end":{"line":109,"column":264}},{"start":{"line":109,"column":267},"end":{"line":109,"column":292}}]},"6":{"loc":{"start":{"line":124,"column":109},"end":{"line":124,"column":177}},"type":"cond-expr","locations":[{"start":{"line":124,"column":121},"end":{"line":124,"column":148}},{"start":{"line":124,"column":151},"end":{"line":124,"column":177}}]},"7":{"loc":{"start":{"line":131,"column":130},"end":{"line":131,"column":198}},"type":"cond-expr","locations":[{"start":{"line":131,"column":142},"end":{"line":131,"column":169}},{"start":{"line":131,"column":172},"end":{"line":131,"column":198}}]},"8":{"loc":{"start":{"line":134,"column":134},"end":{"line":134,"column":202}},"type":"cond-expr","locations":[{"start":{"line":134,"column":146},"end":{"line":134,"column":173}},{"start":{"line":134,"column":176},"end":{"line":134,"column":202}}]},"9":{"loc":{"start":{"line":166,"column":212},"end":{"line":166,"column":280}},"type":"cond-expr","locations":[{"start":{"line":166,"column":224},"end":{"line":166,"column":251}},{"start":{"line":166,"column":254},"end":{"line":166,"column":280}}]},"10":{"loc":{"start":{"line":198,"column":28},"end":{"line":200,"column":null}},"type":"cond-expr","locations":[{"start":{"line":199,"column":34},"end":{"line":199,"column":70}},{"start":{"line":200,"column":34},"end":{"line":200,"column":null}}]},"11":{"loc":{"start":{"line":225,"column":95},"end":{"line":225,"column":204}},"type":"cond-expr","locations":[{"start":{"line":225,"column":124},"end":{"line":225,"column":170}},{"start":{"line":225,"column":172},"end":{"line":225,"column":204}}]}},"s":{"0":1,"1":1,"2":1,"3":1,"4":1,"5":45,"6":45,"7":45,"8":45,"9":20,"10":20,"11":20,"12":20,"13":23,"14":5,"15":20,"16":20,"17":45,"18":45,"19":45,"20":0,"21":180,"22":180,"23":45,"24":180,"25":45,"26":180,"27":45,"28":180,"29":180,"30":135,"31":135,"32":0,"33":1},"f":{"0":45,"1":20,"2":23,"3":5,"4":20,"5":0,"6":180,"7":180,"8":135,"9":135,"10":0},"b":{"0":[25,20],"1":[45,135],"2":[45,135],"3":[45,135],"4":[100,80],"5":[25,20],"6":[25,20],"7":[25,20],"8":[25,20],"9":[100,80],"10":[45,90],"11":[45,90]}}
,"C:\\Users\\mirth\\codetests\\OpenLingua\\frontend\\src\\components\\ui\\LoaderOverlay.tsx": {"path":"C:\\Users\\mirth\\codetests\\OpenLingua\\frontend\\src\\components\\ui\\LoaderOverlay.tsx","statementMap":{"0":{"start":{"line":7,"column":0},"end":{"line":7,"column":24}},"1":{"start":{"line":1,"column":0},"end":{"line":1,"column":39}},"2":{"start":{"line":8,"column":2},"end":{"line":15,"column":4}}},"fnMap":{"0":{"name":"LoaderOverlay","decl":{"start":{"line":7,"column":24},"end":{"line":7,"column":37}},"loc":{"start":{"line":7,"column":77},"end":{"line":16,"column":1}}}},"branchMap":{"0":{"loc":{"start":{"line":7,"column":40},"end":{"line":7,"column":62}},"type":"default-arg","locations":[{"start":{"line":7,"column":50},"end":{"line":7,"column":62}}]}},"s":{"0":1,"1":1,"2":30},"f":{"0":30},"b":{"0":[21]}}
,"C:\\Users\\mirth\\codetests\\OpenLingua\\frontend\\src\\context\\ThemeContext.tsx": {"path":"C:\\Users\\mirth\\codetests\\OpenLingua\\frontend\\src\\context\\ThemeContext.tsx","statementMap":{"0":{"start":{"line":16,"column":0},"end":{"line":16,"column":16}},"1":{"start":{"line":44,"column":0},"end":{"line":44,"column":16}},"2":{"start":{"line":1,"column":0},"end":{"line":1,"column":80}},"3":{"start":{"line":12,"column":21},"end":{"line":12,"column":76}},"4":{"start":{"line":14,"column":26},"end":{"line":14,"column":44}},"5":{"start":{"line":17,"column":26},"end":{"line":22,"column":3}},"6":{"start":{"line":18,"column":4},"end":{"line":18,"column":53}},"7":{"start":{"line":18,"column":39},"end":{"line":18,"column":53}},"8":{"start":{"line":19,"column":19},"end":{"line":19,"column":74}},"9":{"start":{"line":20,"column":4},"end":{"line":20,"column":63}},"10":{"start":{"line":20,"column":49},"end":{"line":20,"column":63}},"11":{"start":{"line":21,"column":4},"end":{"line":21,"column":89}},"12":{"start":{"line":24,"column":33},"end":{"line":24,"column":65}},"13":{"start":{"line":26,"column":2},"end":{"line":30,"column":14}},"14":{"start":{"line":27,"column":4},"end":{"line":27,"column":51}},"15":{"start":{"line":28,"column":4},"end":{"line":28,"column":64}},"16":{"start":{"line":29,"column":4},"end":{"line":29,"column":50}},"17":{"start":{"line":32,"column":16},"end":{"line":38,"column":null}},"18":{"start":{"line":33,"column":11},"end":{"line":37,"column":6}},"19":{"start":{"line":35,"column":25},"end":{"line":35,"column":84}},"20":{"start":{"line":35,"column":48},"end":{"line":35,"column":82}},"21":{"start":{"line":41,"column":2},"end":{"line":41,"column":81}},"22":{"start":{"line":45,"column":18},"end":{"line":45,"column":42}},"23":{"start":{"line":46,"column":2},"end":{"line":48,"column":3}},"24":{"start":{"line":47,"column":4},"end":{"line":47,"column":68}},"25":{"start":{"line":49,"column":2},"end":{"line":49,"column":17}}},"fnMap":{"0":{"name":"ThemeProvider","decl":{"start":{"line":16,"column":16},"end":{"line":16,"column":29}},"loc":{"start":{"line":16,"column":67},"end":{"line":42,"column":1}}},"1":{"name":"(anonymous_1)","decl":{"start":{"line":17,"column":26},"end":{"line":17,"column":36}},"loc":{"start":{"line":17,"column":38},"end":{"line":22,"column":3}}},"2":{"name":"(anonymous_2)","decl":{"start":{"line":26,"column":12},"end":{"line":26,"column":15}},"loc":{"start":{"line":26,"column":17},"end":{"line":30,"column":3}}},"3":{"name":"(anonymous_3)","decl":{"start":{"line":33,"column":4},"end":{"line":33,"column":7}},"loc":{"start":{"line":33,"column":11},"end":{"line":37,"column":6}}},"4":{"name":"(anonymous_4)","decl":{"start":{"line":35,"column":19},"end":{"line":35,"column":22}},"loc":{"start":{"line":35,"column":25},"end":{"line":35,"column":84}}},"5":{"name":"(anonymous_5)","decl":{"start":{"line":35,"column":39},"end":{"line":35,"column":43}},"loc":{"start":{"line":35,"column":48},"end":{"line":35,"column":82}}},"6":{"name":"useTheme","decl":{"start":{"line":44,"column":16},"end":{"line":44,"column":24}},"loc":{"start":{"line":44,"column":24},"end":{"line":50,"column":1}}}},"branchMap":{"0":{"loc":{"start":{"line":18,"column":4},"end":{"line":18,"column":53}},"type":"if","locations":[{"start":{"line":18,"column":4},"end":{"line":18,"column":53}},{"start":{},"end":{}}]},"1":{"loc":{"start":{"line":20,"column":4},"end":{"line":20,"column":63}},"type":"if","locations":[{"start":{"line":20,"column":4},"end":{"line":20,"column":63}},{"start":{},"end":{}}]},"2":{"loc":{"start":{"line":20,"column":8},"end":{"line":20,"column":47}},"type":"binary-expr","locations":[{"start":{"line":20,"column":8},"end":{"line":20,"column":26}},{"start":{"line":20,"column":30},"end":{"line":20,"column":47}}]},"3":{"loc":{"start":{"line":21,"column":11},"end":{"line":21,"column":88}},"type":"cond-expr","locations":[{"start":{"line":21,"column":72},"end":{"line":21,"column":79}},{"start":{"line":21,"column":82},"end":{"line":21,"column":88}}]},"4":{"loc":{"start":{"line":35,"column":48},"end":{"line":35,"column":82}},"type":"cond-expr","locations":[{"start":{"line":35,"column":66},"end":{"line":35,"column":73}},{"start":{"line":35,"column":76},"end":{"line":35,"column":82}}]},"5":{"loc":{"start":{"line":46,"column":2},"end":{"line":48,"column":3}},"type":"if","locations":[{"start":{"line":46,"column":2},"end":{"line":48,"column":3}},{"start":{},"end":{}}]}},"s":{"0":1,"1":1,"2":1,"3":1,"4":1,"5":28,"6":20,"7":0,"8":20,"9":20,"10":1,"11":19,"12":28,"13":28,"14":28,"15":28,"16":28,"17":28,"18":28,"19":8,"20":8,"21":28,"22":31,"23":30,"24":2,"25":28},"f":{"0":28,"1":20,"2":28,"3":28,"4":8,"5":8,"6":31},"b":{"0":[0,20],"1":[1,19],"2":[20,19],"3":[1,18],"4":[7,1],"5":[2,28]}}
,"C:\\Users\\mirth\\codetests\\OpenLingua\\frontend\\src\\utils\\api.ts": {"path":"C:\\Users\\mirth\\codetests\\OpenLingua\\frontend\\src\\utils\\api.ts","statementMap":{"0":{"start":{"line":1,"column":0},"end":{"line":1,"column":31}},"1":{"start":{"line":7,"column":24},"end":{"line":31,"column":2}},"2":{"start":{"line":10,"column":23},"end":{"line":31,"column":2}},"3":{"start":{"line":11,"column":14},"end":{"line":13,"column":40}},"4":{"start":{"line":16,"column":18},"end":{"line":16,"column":44}},"5":{"start":{"line":17,"column":38},"end":{"line":17,"column":40}},"6":{"start":{"line":19,"column":2},"end":{"line":21,"column":3}},"7":{"start":{"line":20,"column":4},"end":{"line":20,"column":56}},"8":{"start":{"line":23,"column":2},"end":{"line":30,"column":5}},"9":{"start":{"line":7,"column":13},"end":{"line":7,"column":24}}},"fnMap":{"0":{"name":"(anonymous_8)","decl":{"start":{"line":7,"column":24},"end":{"line":7,"column":null}},"loc":{"start":{"line":10,"column":23},"end":{"line":31,"column":2}}},"1":{"name":"(anonymous_9)","decl":{"start":{"line":10,"column":23},"end":{"line":10,"column":null}},"loc":{"start":{"line":9,"column":27},"end":{"line":31,"column":1}}}},"branchMap":{"0":{"loc":{"start":{"line":9,"column":2},"end":{"line":9,"column":27}},"type":"default-arg","locations":[{"start":{"line":9,"column":25},"end":{"line":9,"column":27}}]},"1":{"loc":{"start":{"line":11,"column":14},"end":{"line":13,"column":40}},"type":"cond-expr","locations":[{"start":{"line":12,"column":6},"end":{"line":12,"column":14}},{"start":{"line":13,"column":6},"end":{"line":13,"column":40}}]},"2":{"loc":{"start":{"line":19,"column":2},"end":{"line":21,"column":3}},"type":"if","locations":[{"start":{"line":19,"column":2},"end":{"line":21,"column":3}},{"start":{},"end":{}}]}},"s":{"0":1,"1":1,"2":6,"3":6,"4":6,"5":6,"6":6,"7":2,"8":6,"9":1},"f":{"0":6,"1":6},"b":{"0":[3],"1":[1,5],"2":[2,4]}}
,"C:\\Users\\mirth\\codetests\\OpenLingua\\frontend\\src\\utils\\api_quiz.ts": {"path":"C:\\Users\\mirth\\codetests\\OpenLingua\\frontend\\src\\utils\\api_quiz.ts","statementMap":{"0":{"start":{"line":1,"column":0},"end":{"line":1,"column":31}},"1":{"start":{"line":7,"column":24},"end":{"line":31,"column":2}},"2":{"start":{"line":10,"column":23},"end":{"line":31,"column":2}},"3":{"start":{"line":11,"column":14},"end":{"line":13,"column":41}},"4":{"start":{"line":16,"column":18},"end":{"line":16,"column":44}},"5":{"start":{"line":17,"column":38},"end":{"line":17,"column":40}},"6":{"start":{"line":19,"column":2},"end":{"line":21,"column":3}},"7":{"start":{"line":20,"column":4},"end":{"line":20,"column":56}},"8":{"start":{"line":23,"column":2},"end":{"line":30,"column":5}},"9":{"start":{"line":7,"column":13},"end":{"line":7,"column":24}}},"fnMap":{"0":{"name":"(anonymous_8)","decl":{"start":{"line":7,"column":24},"end":{"line":7,"column":null}},"loc":{"start":{"line":10,"column":23},"end":{"line":31,"column":2}}},"1":{"name":"(anonymous_9)","decl":{"start":{"line":10,"column":23},"end":{"line":10,"column":null}},"loc":{"start":{"line":9,"column":27},"end":{"line":31,"column":1}}}},"branchMap":{"0":{"loc":{"start":{"line":9,"column":2},"end":{"line":9,"column":27}},"type":"default-arg","locations":[{"start":{"line":9,"column":25},"end":{"line":9,"column":27}}]},"1":{"loc":{"start":{"line":11,"column":14},"end":{"line":13,"column":41}},"type":"cond-expr","locations":[{"start":{"line":12,"column":6},"end":{"line":12,"column":14}},{"start":{"line":13,"column":6},"end":{"line":13,"column":41}}]},"2":{"loc":{"start":{"line":19,"column":2},"end":{"line":21,"column":3}},"type":"if","locations":[{"start":{"line":19,"column":2},"end":{"line":21,"column":3}},{"start":{},"end":{}}]}},"s":{"0":1,"1":1,"2":6,"3":6,"4":6,"5":6,"6":6,"7":2,"8":6,"9":1},"f":{"0":6,"1":6},"b":{"0":[3],"1":[1,5],"2":[2,4]}}
,"C:\\Users\\mirth\\codetests\\OpenLingua\\frontend\\src\\utils\\handleUnauthorized.ts": {"path":"C:\\Users\\mirth\\codetests\\OpenLingua\\frontend\\src\\utils\\handleUnauthorized.ts","statementMap":{"0":{"start":{"line":9,"column":34},"end":{"line":21,"column":1}},"1":{"start":{"line":14,"column":2},"end":{"line":18,"column":3}},"2":{"start":{"line":15,"column":4},"end":{"line":15,"column":70}},"3":{"start":{"line":16,"column":4},"end":{"line":16,"column":43}},"4":{"start":{"line":17,"column":4},"end":{"line":17,"column":16}},"5":{"start":{"line":20,"column":2},"end":{"line":20,"column":15}},"6":{"start":{"line":9,"column":13},"end":{"line":9,"column":34}}},"fnMap":{"0":{"name":"(anonymous_0)","decl":{"start":{"line":9,"column":34},"end":{"line":9,"column":null}},"loc":{"start":{"line":13,"column":13},"end":{"line":21,"column":1}}}},"branchMap":{"0":{"loc":{"start":{"line":14,"column":2},"end":{"line":18,"column":3}},"type":"if","locations":[{"start":{"line":14,"column":2},"end":{"line":18,"column":3}},{"start":{},"end":{}}]},"1":{"loc":{"start":{"line":15,"column":4},"end":{"line":15,"column":69}},"type":"cond-expr","locations":[{"start":{"line":15,"column":12},"end":{"line":15,"column":14}},{"start":{"line":15,"column":4},"end":{"line":15,"column":69}}]},"2":{"loc":{"start":{"line":15,"column":4},"end":{"line":15,"column":14}},"type":"binary-expr","locations":[{"start":{"line":15,"column":4},"end":{"line":15,"column":14}},{"start":{"line":15,"column":4},"end":{"line":15,"column":14}}]}},"s":{"0":1,"1":3,"2":2,"3":2,"4":2,"5":1,"6":1},"f":{"0":3},"b":{"0":[2,1],"1":[1,1],"2":[2,2]}}
,"C:\\Users\\mirth\\codetests\\OpenLingua\\frontend\\src\\utils\\logout.ts": {"path":"C:\\Users\\mirth\\codetests\\OpenLingua\\frontend\\src\\utils\\logout.ts","statementMap":{"0":{"start":{"line":3,"column":0},"end":{"line":3,"column":22}},"1":{"start":{"line":1,"column":0},"end":{"line":1,"column":31}},"2":{"start":{"line":4,"column":2},"end":{"line":20,"column":3}},"3":{"start":{"line":5,"column":21},"end":{"line":9,"column":6}},"4":{"start":{"line":11,"column":4},"end":{"line":14,"column":5}},"5":{"start":{"line":12,"column":6},"end":{"line":12,"column":60}},"6":{"start":{"line":13,"column":6},"end":{"line":13,"column":19}},"7":{"start":{"line":16,"column":4},"end":{"line":16,"column":16}},"8":{"start":{"line":18,"column":4},"end":{"line":18,"column":41}},"9":{"start":{"line":19,"column":4},"end":{"line":19,"column":17}}},"fnMap":{"0":{"name":"logoutRequest","decl":{"start":{"line":3,"column":22},"end":{"line":3,"column":35}},"loc":{"start":{"line":3,"column":35},"end":{"line":21,"column":null}}}},"branchMap":{"0":{"loc":{"start":{"line":11,"column":4},"end":{"line":14,"column":5}},"type":"if","locations":[{"start":{"line":11,"column":4},"end":{"line":14,"column":5}},{"start":{},"end":{}}]}},"s":{"0":2,"1":2,"2":3,"3":3,"4":2,"5":1,"6":1,"7":1,"8":1,"9":1},"f":{"0":3},"b":{"0":[1,1]}}
,"C:\\Users\\mirth\\codetests\\OpenLingua\\frontend\\src\\utils\\navigate.ts": {"path":"C:\\Users\\mirth\\codetests\\OpenLingua\\frontend\\src\\utils\\navigate.ts","statementMap":{"0":{"start":{"line":6,"column":0},"end":{"line":6,"column":16}},"1":{"start":{"line":1,"column":51},"end":{"line":4,"column":1}},"2":{"start":{"line":3,"column":3},"end":{"line":3,"column":51}},"3":{"start":{"line":1,"column":11},"end":{"line":1,"column":51}},"4":{"start":{"line":7,"column":2},"end":{"line":7,"column":22}}},"fnMap":{"0":{"name":"(anonymous_0)","decl":{"start":{"line":1,"column":51},"end":{"line":1,"column":52}},"loc":{"start":{"line":1,"column":67},"end":{"line":4,"column":1}}},"1":{"name":"navigateTo","decl":{"start":{"line":6,"column":16},"end":{"line":6,"column":26}},"loc":{"start":{"line":6,"column":38},"end":{"line":8,"column":1}}}},"branchMap":{},"s":{"0":3,"1":3,"2":0,"3":3,"4":1},"f":{"0":0,"1":1},"b":{}}
}
