TN:
SF:styleMock.js
FNF:0
FNH:0
DA:1,3
LF:1
LH:1
BRF:0
BRH:0
end_of_record
TN:
SF:src\config.tsx
FNF:0
FNH:0
DA:4,7
DA:5,7
DA:6,7
DA:7,7
LF:4
LH:4
BRF:0
BRH:0
end_of_record
TN:
SF:src\components\auth\ProfileForm.tsx
FN:17,(anonymous_7)
FN:25,(anonymous_8)
FN:29,(anonymous_9)
FN:42,(anonymous_10)
FN:42,(anonymous_11)
FN:59,(anonymous_12)
FN:61,(anonymous_13)
FN:67,(anonymous_14)
FN:74,(anonymous_15)
FNF:9
FNH:9
FNDA:90,(anonymous_7)
FNDA:12,(anonymous_8)
FNDA:9,(anonymous_9)
FNDA:9,(anonymous_10)
FNDA:9,(anonymous_11)
FNDA:53,(anonymous_12)
FNDA:53,(anonymous_13)
FNDA:1,(anonymous_14)
FNDA:54,(anonymous_15)
DA:1,2
DA:17,2
DA:18,90
DA:19,90
DA:22,90
DA:23,90
DA:25,90
DA:26,12
DA:29,90
DA:30,9
DA:32,9
DA:33,1
DA:34,8
DA:35,2
DA:38,9
DA:39,9
DA:42,90
DA:43,9
DA:45,9
DA:47,6
DA:49,6
DA:50,6
DA:52,1
DA:53,1
DA:55,6
DA:59,90
DA:60,53
DA:61,53
DA:66,53
DA:67,1
DA:74,90
DA:75,54
DA:76,1
DA:80,90
DA:175,2
LF:35
LH:35
BRDA:32,0,0,1
BRDA:32,0,1,8
BRDA:34,1,0,2
BRDA:34,1,1,6
BRDA:43,2,0,8
BRDA:43,2,1,1
BRDA:45,3,0,3
BRDA:45,3,1,6
BRDA:66,4,0,1
BRDA:66,4,1,52
BRDA:75,5,0,1
BRDA:75,5,1,53
BRDA:97,6,0,78
BRDA:97,6,1,12
BRDA:125,7,0,3
BRDA:125,7,1,87
BRDA:130,8,0,90
BRDA:130,8,1,3
BRDA:136,9,0,90
BRDA:136,9,1,1
BRDA:147,10,0,6
BRDA:147,10,1,84
BRDA:152,11,0,6
BRDA:152,11,1,84
BRF:24
BRH:24
end_of_record
TN:
SF:src\components\auth\SignIn.tsx
FN:18,(anonymous_8)
FN:27,(anonymous_9)
FN:35,(anonymous_10)
FN:44,(anonymous_11)
FN:53,(anonymous_12)
FN:72,(anonymous_13)
FN:72,(anonymous_14)
FN:107,(anonymous_15)
FN:109,(anonymous_16)
FN:116,(anonymous_17)
FN:123,(anonymous_18)
FNF:11
FNH:11
FNDA:159,(anonymous_8)
FNDA:10,(anonymous_9)
FNDA:1,(anonymous_10)
FNDA:1,(anonymous_11)
FNDA:7,(anonymous_12)
FNDA:7,(anonymous_13)
FNDA:7,(anonymous_14)
FNDA:129,(anonymous_15)
FNDA:129,(anonymous_16)
FNDA:2,(anonymous_17)
FNDA:128,(anonymous_18)
DA:1,1
DA:2,1
DA:3,1
DA:4,1
DA:5,1
DA:18,1
DA:19,159
DA:20,159
DA:24,159
DA:25,159
DA:27,159
DA:29,10
DA:30,10
DA:32,10
DA:35,159
DA:36,1
DA:38,1
DA:40,0
DA:44,159
DA:45,1
DA:47,1
DA:49,0
DA:53,159
DA:54,7
DA:56,7
DA:57,1
DA:58,6
DA:59,2
DA:62,7
DA:63,1
DA:64,6
DA:65,2
DA:68,7
DA:69,7
DA:72,159
DA:73,7
DA:75,7
DA:77,4
DA:79,4
DA:80,4
DA:91,3
DA:93,3
DA:95,2
DA:98,1
DA:101,1
DA:103,4
DA:107,159
DA:108,129
DA:109,129
DA:115,129
DA:116,2
DA:123,159
DA:124,128
DA:125,1
DA:129,159
DA:255,1
LF:56
LH:54
BRDA:56,0,0,1
BRDA:56,0,1,6
BRDA:58,1,0,2
BRDA:58,1,1,4
BRDA:62,2,0,1
BRDA:62,2,1,6
BRDA:64,3,0,2
BRDA:64,3,1,4
BRDA:73,4,0,6
BRDA:73,4,1,1
BRDA:75,5,0,3
BRDA:75,5,1,4
BRDA:93,6,0,2
BRDA:93,6,1,1
BRDA:98,7,0,1
BRDA:98,7,1,0
BRDA:115,8,0,2
BRDA:115,8,1,127
BRDA:124,9,0,1
BRDA:124,9,1,127
BRDA:157,10,0,149
BRDA:157,10,1,10
BRDA:178,11,0,159
BRDA:178,11,1,3
BRDA:192,12,0,159
BRDA:192,12,1,21
BRDA:195,13,0,159
BRDA:195,13,1,2
BRDA:202,14,0,4
BRDA:202,14,1,155
BRF:30
BRH:29
end_of_record
TN:
SF:src\components\auth\SignUp.tsx
FN:20,(anonymous_8)
FN:33,(anonymous_9)
FN:42,(anonymous_10)
FN:42,(anonymous_11)
FN:90,(anonymous_12)
FN:99,(anonymous_13)
FN:109,(anonymous_14)
FN:118,(anonymous_15)
FN:120,(anonymous_16)
FN:126,(anonymous_17)
FN:133,(anonymous_18)
FNF:11
FNH:10
FNDA:213,(anonymous_8)
FNDA:8,(anonymous_9)
FNDA:3,(anonymous_10)
FNDA:3,(anonymous_11)
FNDA:1,(anonymous_12)
FNDA:1,(anonymous_13)
FNDA:5,(anonymous_14)
FNDA:190,(anonymous_15)
FNDA:190,(anonymous_16)
FNDA:0,(anonymous_17)
FNDA:191,(anonymous_18)
DA:1,1
DA:2,1
DA:3,1
DA:4,1
DA:5,1
DA:6,1
DA:20,1
DA:21,213
DA:22,213
DA:23,213
DA:24,213
DA:29,213
DA:30,213
DA:31,213
DA:33,213
DA:35,8
DA:36,8
DA:38,8
DA:42,213
DA:43,3
DA:44,0
DA:45,0
DA:48,3
DA:49,3
DA:62,2
DA:64,2
DA:65,1
DA:67,1
DA:70,1
DA:71,1
DA:74,1
DA:75,1
DA:76,1
DA:81,213
DA:82,5
DA:90,208
DA:91,1
DA:93,1
DA:95,0
DA:99,208
DA:100,1
DA:102,1
DA:104,0
DA:109,208
DA:110,5
DA:114,5
DA:118,208
DA:119,190
DA:120,190
DA:125,190
DA:126,0
DA:133,208
DA:134,191
DA:135,1
DA:139,208
DA:279,1
LF:56
LH:51
BRDA:43,0,0,0
BRDA:43,0,1,3
BRDA:64,1,0,1
BRDA:64,1,1,1
BRDA:71,2,0,1
BRDA:71,2,1,0
BRDA:81,3,0,5
BRDA:81,3,1,208
BRDA:85,4,0,5
BRDA:85,4,1,0
BRDA:85,5,0,0
BRDA:85,5,1,5
BRDA:85,6,0,5
BRDA:85,6,1,5
BRDA:125,7,0,0
BRDA:125,7,1,190
BRDA:134,8,0,1
BRDA:134,8,1,190
BRDA:167,9,0,200
BRDA:167,9,1,8
BRDA:188,10,0,208
BRDA:188,10,1,0
BRDA:202,11,0,208
BRDA:202,11,1,0
BRDA:216,12,0,208
BRDA:216,12,1,0
BRDA:219,13,0,208
BRDA:219,13,1,2
BRDA:226,14,0,0
BRDA:226,14,1,208
BRF:30
BRH:21
end_of_record
TN:
SF:src\components\community\CommunityDashboard.tsx
FN:38,(anonymous_8)
FN:39,(anonymous_9)
FN:40,(anonymous_10)
FN:44,(anonymous_11)
FN:51,(anonymous_12)
FN:53,(anonymous_13)
FN:53,(anonymous_14)
FN:76,(anonymous_15)
FN:104,(anonymous_16)
FN:110,(anonymous_17)
FN:131,(anonymous_18)
FN:166,(anonymous_19)
FN:183,(anonymous_20)
FN:198,(anonymous_21)
FNF:14
FNH:14
FNDA:168,(anonymous_8)
FNDA:168,(anonymous_9)
FNDA:84,(anonymous_10)
FNDA:42,(anonymous_11)
FNDA:126,(anonymous_12)
FNDA:3,(anonymous_13)
FNDA:3,(anonymous_14)
FNDA:1,(anonymous_15)
FNDA:84,(anonymous_16)
FNDA:3,(anonymous_17)
FNDA:6,(anonymous_18)
FNDA:84,(anonymous_19)
FNDA:126,(anonymous_20)
FNDA:1,(anonymous_21)
DA:1,1
DA:2,1
DA:3,1
DA:4,1
DA:5,1
DA:6,1
DA:7,1
DA:10,1
DA:18,1
DA:25,1
DA:31,1
DA:38,1
DA:39,168
DA:40,168
DA:41,168
DA:44,1
DA:45,42
DA:46,42
DA:47,42
DA:48,42
DA:49,42
DA:51,126
DA:53,42
DA:54,3
DA:55,3
DA:56,3
DA:57,2
DA:59,2
DA:60,1
DA:62,1
DA:65,1
DA:66,1
DA:70,42
DA:76,1
DA:105,84
DA:106,84
DA:110,3
DA:131,6
DA:167,84
DA:184,126
DA:198,1
DA:221,1
LF:42
LH:42
BRDA:51,0,0,126
BRDA:51,0,1,84
BRDA:59,1,0,1
BRDA:59,1,1,1
BRDA:72,2,0,42
BRDA:72,2,1,3
BRDA:140,3,0,42
BRDA:140,3,1,5
BRDA:193,4,0,42
BRDA:193,4,1,3
BRF:10
BRH:10
end_of_record
TN:
SF:src\components\community\ForumSection.tsx
FN:13,ForumSection
FN:19,(anonymous_8)
FN:19,(anonymous_9)
FN:60,(anonymous_10)
FN:99,(anonymous_11)
FNF:5
FNH:5
FNDA:57,ForumSection
FNDA:9,(anonymous_8)
FNDA:9,(anonymous_9)
FNDA:15,(anonymous_10)
FNDA:176,(anonymous_11)
DA:1,2
DA:2,2
DA:4,2
DA:13,2
DA:14,57
DA:15,57
DA:17,57
DA:19,57
DA:20,9
DA:21,9
DA:23,7
DA:24,7
DA:25,7
DA:26,5
DA:31,7
DA:35,57
DA:60,15
DA:100,176
LF:18
LH:18
BRDA:21,0,0,2
BRDA:21,0,1,7
BRDA:21,1,0,9
BRDA:21,1,1,9
BRDA:38,2,0,56
BRDA:38,2,1,1
BRDA:63,3,0,1
BRDA:63,3,1,56
BRDA:63,4,0,57
BRDA:63,4,1,34
BRDA:66,5,0,57
BRDA:66,5,1,34
BRDA:66,5,2,1
BRDA:77,6,0,57
BRDA:77,6,1,50
BRDA:81,7,0,7
BRDA:81,7,1,50
BRDA:86,8,0,7
BRDA:86,8,1,50
BRDA:91,9,0,57
BRDA:91,9,1,15
BRF:21
BRH:21
end_of_record
TN:
SF:src\components\community\ReviewsSection.tsx
FN:14,ReviewsSection
FN:26,(anonymous_8)
FN:26,(anonymous_9)
FN:62,(anonymous_10)
FN:89,(anonymous_11)
FN:107,(anonymous_12)
FN:144,(anonymous_13)
FN:166,(anonymous_14)
FN:170,(anonymous_15)
FNF:9
FNH:9
FNDA:64,ReviewsSection
FNDA:8,(anonymous_8)
FNDA:8,(anonymous_9)
FNDA:143,(anonymous_10)
FNDA:715,(anonymous_11)
FNDA:1,(anonymous_12)
FNDA:14,(anonymous_13)
FNDA:3,(anonymous_14)
FNDA:320,(anonymous_15)
DA:1,2
DA:2,2
DA:4,2
DA:14,2
DA:21,64
DA:22,64
DA:24,64
DA:26,64
DA:27,8
DA:28,8
DA:30,6
DA:31,6
DA:32,6
DA:33,4
DA:38,6
DA:42,64
DA:63,143
DA:90,715
DA:107,1
DA:144,14
DA:166,3
DA:171,320
LF:22
LH:22
BRDA:24,0,0,64
BRDA:24,0,1,23
BRDA:24,0,2,23
BRDA:28,1,0,2
BRDA:28,1,1,6
BRDA:28,2,0,8
BRDA:28,2,1,8
BRDA:45,3,0,63
BRDA:45,3,1,1
BRDA:55,4,0,15
BRDA:55,4,1,49
BRDA:93,5,0,524
BRDA:93,5,1,191
BRDA:94,6,0,524
BRDA:94,6,1,191
BRDA:109,7,0,65
BRDA:109,7,1,78
BRDA:114,8,0,65
BRDA:114,8,1,78
BRDA:146,9,0,1
BRDA:146,9,1,63
BRDA:146,10,0,64
BRDA:146,10,1,41
BRDA:149,11,0,64
BRDA:149,11,1,41
BRDA:149,11,2,1
BRDA:171,12,0,256
BRDA:171,12,1,64
BRDA:178,13,0,64
BRDA:178,13,1,58
BRDA:182,14,0,6
BRDA:182,14,1,58
BRDA:183,15,0,6
BRDA:183,15,1,58
BRF:34
BRH:34
end_of_record
TN:
SF:src\components\layout\EventsSidebar.tsx
FN:22,EventsSidebar
FN:45,(anonymous_1)
FN:82,(anonymous_2)
FNF:3
FNH:3
FNDA:20,EventsSidebar
FNDA:51,(anonymous_1)
FNDA:1,(anonymous_2)
DA:1,1
DA:22,1
DA:23,20
DA:46,51
DA:82,1
LF:5
LH:5
BRDA:25,0,0,19
BRDA:25,0,1,1
BRDA:43,1,0,19
BRDA:43,1,1,1
BRDA:51,2,0,16
BRDA:51,2,1,35
BRDA:53,3,0,16
BRDA:53,3,1,19
BRDA:55,4,0,17
BRDA:55,4,1,2
BRDA:68,5,0,51
BRDA:68,5,1,50
BRDA:72,6,0,51
BRDA:72,6,1,49
BRDA:74,7,0,51
BRDA:74,7,1,49
BRDA:75,8,0,16
BRDA:75,8,1,33
BRDA:76,9,0,16
BRDA:76,9,1,33
BRDA:83,10,0,51
BRDA:83,10,1,35
BRDA:83,10,2,33
BRDA:85,11,0,16
BRDA:85,11,1,35
BRDA:88,12,0,16
BRDA:88,12,1,35
BRDA:90,13,0,16
BRDA:90,13,1,35
BRDA:90,14,0,19
BRDA:90,14,1,16
BRDA:90,15,0,35
BRDA:90,15,1,33
BRF:33
BRH:33
end_of_record
TN:
SF:src\components\layout\Footer.tsx
FN:1,Footer
FNF:1
FNH:1
FNDA:12,Footer
DA:1,1
DA:2,12
LF:2
LH:2
BRF:0
BRH:0
end_of_record
TN:
SF:src\components\layout\Navbar.tsx
FN:3,Navbar
FNF:1
FNH:1
FNDA:23,Navbar
DA:1,1
DA:3,1
DA:4,23
LF:3
LH:3
BRF:0
BRH:0
end_of_record
TN:
SF:src\components\layout\ThemeToggle.tsx
FN:4,ThemeToggle
FNF:1
FNH:1
FNDA:31,ThemeToggle
DA:1,1
DA:2,1
DA:4,1
DA:5,31
DA:6,28
DA:8,28
DA:12,28
LF:7
LH:7
BRDA:8,0,0,19
BRDA:8,0,1,9
BRDA:19,1,0,19
BRDA:19,1,1,9
BRDA:20,2,0,19
BRDA:20,2,1,9
BRF:6
BRH:6
end_of_record
TN:
SF:src\components\pages\LandingPage.tsx
FN:7,(anonymous_0)
FN:12,(anonymous_1)
FN:18,(anonymous_2)
FN:19,(anonymous_3)
FN:21,(anonymous_4)
FN:80,(anonymous_5)
FN:87,(anonymous_6)
FN:162,(anonymous_7)
FN:194,(anonymous_8)
FN:222,(anonymous_9)
FN:226,(anonymous_10)
FNF:11
FNH:9
FNDA:45,(anonymous_0)
FNDA:20,(anonymous_1)
FNDA:23,(anonymous_2)
FNDA:5,(anonymous_3)
FNDA:20,(anonymous_4)
FNDA:0,(anonymous_5)
FNDA:180,(anonymous_6)
FNDA:180,(anonymous_7)
FNDA:135,(anonymous_8)
FNDA:135,(anonymous_9)
FNDA:0,(anonymous_10)
DA:1,1
DA:2,1
DA:3,1
DA:5,1
DA:7,1
DA:8,45
DA:9,45
DA:10,45
DA:12,45
DA:14,20
DA:15,20
DA:17,20
DA:18,20
DA:19,23
DA:21,20
DA:25,45
DA:51,45
DA:73,45
DA:80,0
DA:88,180
DA:89,180
DA:90,180
DA:91,180
DA:93,180
DA:163,180
DA:195,135
DA:223,135
DA:226,0
DA:243,1
LF:29
LH:27
BRDA:76,0,0,25
BRDA:76,0,1,20
BRDA:89,1,0,45
BRDA:89,1,1,135
BRDA:90,2,0,45
BRDA:90,2,1,135
BRDA:91,3,0,45
BRDA:91,3,1,135
BRDA:98,4,0,100
BRDA:98,4,1,80
BRDA:109,5,0,25
BRDA:109,5,1,20
BRDA:124,6,0,25
BRDA:124,6,1,20
BRDA:131,7,0,25
BRDA:131,7,1,20
BRDA:134,8,0,25
BRDA:134,8,1,20
BRDA:166,9,0,100
BRDA:166,9,1,80
BRDA:198,10,0,45
BRDA:198,10,1,90
BRDA:225,11,0,45
BRDA:225,11,1,90
BRF:24
BRH:24
end_of_record
TN:
SF:src\components\ui\LoaderOverlay.tsx
FN:7,LoaderOverlay
FNF:1
FNH:1
FNDA:30,LoaderOverlay
DA:1,1
DA:7,1
DA:8,30
LF:3
LH:3
BRDA:7,0,0,21
BRF:1
BRH:1
end_of_record
TN:
SF:src\context\ThemeContext.tsx
FN:16,ThemeProvider
FN:17,(anonymous_1)
FN:26,(anonymous_2)
FN:33,(anonymous_3)
FN:35,(anonymous_4)
FN:35,(anonymous_5)
FN:44,useTheme
FNF:7
FNH:7
FNDA:28,ThemeProvider
FNDA:20,(anonymous_1)
FNDA:28,(anonymous_2)
FNDA:28,(anonymous_3)
FNDA:8,(anonymous_4)
FNDA:8,(anonymous_5)
FNDA:31,useTheme
DA:1,1
DA:12,1
DA:14,1
DA:16,1
DA:17,28
DA:18,20
DA:19,20
DA:20,20
DA:21,19
DA:24,28
DA:26,28
DA:27,28
DA:28,28
DA:29,28
DA:32,28
DA:33,28
DA:35,8
DA:41,28
DA:44,1
DA:45,31
DA:46,30
DA:47,2
DA:49,28
LF:23
LH:23
BRDA:18,0,0,0
BRDA:18,0,1,20
BRDA:20,1,0,1
BRDA:20,1,1,19
BRDA:20,2,0,20
BRDA:20,2,1,19
BRDA:21,3,0,1
BRDA:21,3,1,18
BRDA:35,4,0,7
BRDA:35,4,1,1
BRDA:46,5,0,2
BRDA:46,5,1,28
BRF:12
BRH:11
end_of_record
TN:
SF:src\utils\api.ts
FN:7,(anonymous_8)
FN:10,(anonymous_9)
FNF:2
FNH:2
FNDA:6,(anonymous_8)
FNDA:6,(anonymous_9)
DA:1,1
DA:7,1
DA:10,6
DA:11,6
DA:16,6
DA:17,6
DA:19,6
DA:20,2
DA:23,6
LF:9
LH:9
BRDA:9,0,0,3
BRDA:11,1,0,1
BRDA:11,1,1,5
BRDA:19,2,0,2
BRDA:19,2,1,4
BRF:5
BRH:5
end_of_record
TN:
SF:src\utils\api_quiz.ts
FN:7,(anonymous_8)
FN:10,(anonymous_9)
FNF:2
FNH:2
FNDA:6,(anonymous_8)
FNDA:6,(anonymous_9)
DA:1,1
DA:7,1
DA:10,6
DA:11,6
DA:16,6
DA:17,6
DA:19,6
DA:20,2
DA:23,6
LF:9
LH:9
BRDA:9,0,0,3
BRDA:11,1,0,1
BRDA:11,1,1,5
BRDA:19,2,0,2
BRDA:19,2,1,4
BRF:5
BRH:5
end_of_record
TN:
SF:src\utils\handleUnauthorized.ts
FN:9,(anonymous_0)
FNF:1
FNH:1
FNDA:3,(anonymous_0)
DA:9,1
DA:14,3
DA:15,2
DA:16,2
DA:17,2
DA:20,1
LF:6
LH:6
BRDA:14,0,0,2
BRDA:14,0,1,1
BRDA:15,1,0,1
BRDA:15,1,1,1
BRDA:15,2,0,2
BRDA:15,2,1,2
BRF:6
BRH:6
end_of_record
TN:
SF:src\utils\logout.ts
FN:3,logoutRequest
FNF:1
FNH:1
FNDA:3,logoutRequest
DA:1,2
DA:3,2
DA:4,3
DA:5,3
DA:11,2
DA:12,1
DA:13,1
DA:16,1
DA:18,1
DA:19,1
LF:10
LH:10
BRDA:11,0,0,1
BRDA:11,0,1,1
BRF:2
BRH:2
end_of_record
TN:
SF:src\utils\navigate.ts
FN:1,(anonymous_0)
FN:6,navigateTo
FNF:2
FNH:1
FNDA:0,(anonymous_0)
FNDA:1,navigateTo
DA:1,3
DA:3,0
DA:6,3
DA:7,1
LF:4
LH:3
BRF:0
BRH:0
end_of_record
