{"C:\\Users\\Sonto\\OpenLingua\\backend\\src\\app.js": {"path":"C:\\Users\\Sonto\\OpenLingua\\backend\\src\\app.js","statementMap":{"0":{"start":{"line":1,"column":16},"end":{"line":1,"column":34}},"1":{"start":{"line":2,"column":13},"end":{"line":2,"column":28}},"2":{"start":{"line":3,"column":15},"end":{"line":3,"column":32}},"3":{"start":{"line":4,"column":21},"end":{"line":4,"column":45}},"4":{"start":{"line":5,"column":18},"end":{"line":5,"column":47}},"5":{"start":{"line":7,"column":19},"end":{"line":7,"column":43}},"6":{"start":{"line":8,"column":17},"end":{"line":8,"column":45}},"7":{"start":{"line":10,"column":12},"end":{"line":10,"column":21}},"8":{"start":{"line":12,"column":0},"end":{"line":12,"column":18}},"9":{"start":{"line":13,"column":0},"end":{"line":18,"column":4}},"10":{"start":{"line":20,"column":23},"end":{"line":24,"column":2}},"11":{"start":{"line":26,"column":20},"end":{"line":30,"column":2}},"12":{"start":{"line":32,"column":0},"end":{"line":32,"column":24}},"13":{"start":{"line":34,"column":0},"end":{"line":34,"column":40}},"14":{"start":{"line":35,"column":0},"end":{"line":35,"column":43}},"15":{"start":{"line":36,"column":0},"end":{"line":36,"column":41}},"16":{"start":{"line":38,"column":0},"end":{"line":38,"column":41}},"17":{"start":{"line":39,"column":0},"end":{"line":39,"column":49}},"18":{"start":{"line":40,"column":0},"end":{"line":40,"column":31}},"19":{"start":{"line":43,"column":0},"end":{"line":43,"column":33}},"20":{"start":{"line":45,"column":0},"end":{"line":47,"column":3}},"21":{"start":{"line":46,"column":2},"end":{"line":46,"column":98}},"22":{"start":{"line":49,"column":0},"end":{"line":51,"column":3}},"23":{"start":{"line":50,"column":2},"end":{"line":50,"column":59}},"24":{"start":{"line":53,"column":0},"end":{"line":53,"column":21}}},"fnMap":{"0":{"name":"(anonymous_0)","decl":{"start":{"line":45,"column":13},"end":{"line":45,"column":14}},"loc":{"start":{"line":45,"column":27},"end":{"line":47,"column":1}},"line":45},"1":{"name":"(anonymous_1)","decl":{"start":{"line":49,"column":19},"end":{"line":49,"column":20}},"loc":{"start":{"line":49,"column":33},"end":{"line":51,"column":1}},"line":49}},"branchMap":{},"s":{"0":1,"1":1,"2":1,"3":1,"4":1,"5":1,"6":1,"7":1,"8":1,"9":1,"10":1,"11":1,"12":1,"13":1,"14":1,"15":1,"16":1,"17":1,"18":1,"19":1,"20":1,"21":1,"22":1,"23":1,"24":1},"f":{"0":1,"1":1},"b":{},"_coverageSchema":"1a1c01bbd47fc00a2c39e90264f33305004495a9","hash":"b724153145396450a6a6dc74ed56d2c9ab67c227"}
,"C:\\Users\\Sonto\\OpenLingua\\backend\\src\\controllers\\authController.js": {"path":"C:\\Users\\Sonto\\OpenLingua\\backend\\src\\controllers\\authController.js","statementMap":{"0":{"start":{"line":1,"column":15},"end":{"line":1,"column":34}},"1":{"start":{"line":2,"column":19},"end":{"line":2,"column":43}},"2":{"start":{"line":3,"column":27},"end":{"line":3,"column":50}},"3":{"start":{"line":4,"column":45},"end":{"line":4,"column":72}},"4":{"start":{"line":6,"column":22},"end":{"line":13,"column":1}},"5":{"start":{"line":7,"column":2},"end":{"line":12,"column":4}},"6":{"start":{"line":15,"column":17},"end":{"line":97,"column":1}},"7":{"start":{"line":16,"column":2},"end":{"line":96,"column":3}},"8":{"start":{"line":17,"column":38},"end":{"line":17,"column":46}},"9":{"start":{"line":19,"column":4},"end":{"line":23,"column":5}},"10":{"start":{"line":20,"column":6},"end":{"line":22,"column":9}},"11":{"start":{"line":25,"column":23},"end":{"line":25,"column":51}},"12":{"start":{"line":26,"column":4},"end":{"line":30,"column":5}},"13":{"start":{"line":27,"column":6},"end":{"line":29,"column":9}},"14":{"start":{"line":32,"column":4},"end":{"line":36,"column":5}},"15":{"start":{"line":33,"column":6},"end":{"line":35,"column":9}},"16":{"start":{"line":38,"column":28},"end":{"line":38,"column":54}},"17":{"start":{"line":40,"column":25},"end":{"line":42,"column":6}},"18":{"start":{"line":44,"column":4},"end":{"line":48,"column":5}},"19":{"start":{"line":45,"column":6},"end":{"line":47,"column":9}},"20":{"start":{"line":50,"column":23},"end":{"line":50,"column":25}},"21":{"start":{"line":51,"column":27},"end":{"line":51,"column":66}},"22":{"start":{"line":53,"column":17},"end":{"line":64,"column":6}},"23":{"start":{"line":66,"column":19},"end":{"line":69,"column":6}},"24":{"start":{"line":71,"column":4},"end":{"line":71,"column":65}},"25":{"start":{"line":73,"column":4},"end":{"line":80,"column":7}},"26":{"start":{"line":83,"column":4},"end":{"line":83,"column":48}},"27":{"start":{"line":85,"column":4},"end":{"line":91,"column":5}},"28":{"start":{"line":86,"column":6},"end":{"line":90,"column":7}},"29":{"start":{"line":87,"column":8},"end":{"line":89,"column":11}},"30":{"start":{"line":93,"column":4},"end":{"line":95,"column":7}},"31":{"start":{"line":99,"column":14},"end":{"line":156,"column":1}},"32":{"start":{"line":100,"column":2},"end":{"line":155,"column":3}},"33":{"start":{"line":101,"column":32},"end":{"line":101,"column":40}},"34":{"start":{"line":103,"column":4},"end":{"line":107,"column":5}},"35":{"start":{"line":104,"column":6},"end":{"line":106,"column":9}},"36":{"start":{"line":109,"column":28},"end":{"line":109,"column":54}},"37":{"start":{"line":111,"column":17},"end":{"line":119,"column":6}},"38":{"start":{"line":121,"column":4},"end":{"line":125,"column":5}},"39":{"start":{"line":122,"column":6},"end":{"line":124,"column":9}},"40":{"start":{"line":127,"column":28},"end":{"line":127,"column":73}},"41":{"start":{"line":128,"column":4},"end":{"line":132,"column":5}},"42":{"start":{"line":129,"column":6},"end":{"line":131,"column":9}},"43":{"start":{"line":134,"column":19},"end":{"line":137,"column":6}},"44":{"start":{"line":139,"column":4},"end":{"line":139,"column":65}},"45":{"start":{"line":141,"column":4},"end":{"line":148,"column":7}},"46":{"start":{"line":151,"column":4},"end":{"line":151,"column":41}},"47":{"start":{"line":152,"column":4},"end":{"line":154,"column":7}},"48":{"start":{"line":158,"column":15},"end":{"line":168,"column":1}},"49":{"start":{"line":159,"column":2},"end":{"line":167,"column":3}},"50":{"start":{"line":160,"column":4},"end":{"line":160,"column":26}},"51":{"start":{"line":161,"column":4},"end":{"line":161,"column":53}},"52":{"start":{"line":163,"column":4},"end":{"line":163,"column":42}},"53":{"start":{"line":164,"column":4},"end":{"line":166,"column":7}},"54":{"start":{"line":170,"column":11},"end":{"line":194,"column":1}},"55":{"start":{"line":171,"column":2},"end":{"line":193,"column":3}},"56":{"start":{"line":172,"column":17},"end":{"line":181,"column":6}},"57":{"start":{"line":183,"column":4},"end":{"line":185,"column":5}},"58":{"start":{"line":184,"column":6},"end":{"line":184,"column":63}},"59":{"start":{"line":187,"column":4},"end":{"line":187,"column":23}},"60":{"start":{"line":189,"column":4},"end":{"line":189,"column":44}},"61":{"start":{"line":190,"column":4},"end":{"line":192,"column":7}},"62":{"start":{"line":196,"column":0},"end":{"line":201,"column":2}}},"fnMap":{"0":{"name":"(anonymous_0)","decl":{"start":{"line":6,"column":22},"end":{"line":6,"column":23}},"loc":{"start":{"line":6,"column":33},"end":{"line":13,"column":1}},"line":6},"1":{"name":"(anonymous_1)","decl":{"start":{"line":15,"column":17},"end":{"line":15,"column":18}},"loc":{"start":{"line":15,"column":37},"end":{"line":97,"column":1}},"line":15},"2":{"name":"(anonymous_2)","decl":{"start":{"line":99,"column":14},"end":{"line":99,"column":15}},"loc":{"start":{"line":99,"column":34},"end":{"line":156,"column":1}},"line":99},"3":{"name":"(anonymous_3)","decl":{"start":{"line":158,"column":15},"end":{"line":158,"column":16}},"loc":{"start":{"line":158,"column":35},"end":{"line":168,"column":1}},"line":158},"4":{"name":"(anonymous_4)","decl":{"start":{"line":170,"column":11},"end":{"line":170,"column":12}},"loc":{"start":{"line":170,"column":31},"end":{"line":194,"column":1}},"line":170}},"branchMap":{"0":{"loc":{"start":{"line":8,"column":4},"end":{"line":11,"column":34}},"type":"binary-expr","locations":[{"start":{"line":8,"column":4},"end":{"line":8,"column":29}},{"start":{"line":9,"column":4},"end":{"line":9,"column":18}},{"start":{"line":10,"column":4},"end":{"line":10,"column":19}},{"start":{"line":11,"column":4},"end":{"line":11,"column":34}}],"line":8},"1":{"loc":{"start":{"line":19,"column":4},"end":{"line":23,"column":5}},"type":"if","locations":[{"start":{"line":19,"column":4},"end":{"line":23,"column":5}},{"start":{},"end":{}}],"line":19},"2":{"loc":{"start":{"line":19,"column":8},"end":{"line":19,"column":36}},"type":"binary-expr","locations":[{"start":{"line":19,"column":8},"end":{"line":19,"column":14}},{"start":{"line":19,"column":18},"end":{"line":19,"column":27}},{"start":{"line":19,"column":31},"end":{"line":19,"column":36}}],"line":19},"3":{"loc":{"start":{"line":26,"column":4},"end":{"line":30,"column":5}},"type":"if","locations":[{"start":{"line":26,"column":4},"end":{"line":30,"column":5}},{"start":{},"end":{}}],"line":26},"4":{"loc":{"start":{"line":32,"column":4},"end":{"line":36,"column":5}},"type":"if","locations":[{"start":{"line":32,"column":4},"end":{"line":36,"column":5}},{"start":{},"end":{}}],"line":32},"5":{"loc":{"start":{"line":44,"column":4},"end":{"line":48,"column":5}},"type":"if","locations":[{"start":{"line":44,"column":4},"end":{"line":48,"column":5}},{"start":{},"end":{}}],"line":44},"6":{"loc":{"start":{"line":85,"column":4},"end":{"line":91,"column":5}},"type":"if","locations":[{"start":{"line":85,"column":4},"end":{"line":91,"column":5}},{"start":{},"end":{}}],"line":85},"7":{"loc":{"start":{"line":86,"column":6},"end":{"line":90,"column":7}},"type":"if","locations":[{"start":{"line":86,"column":6},"end":{"line":90,"column":7}},{"start":{},"end":{}}],"line":86},"8":{"loc":{"start":{"line":103,"column":4},"end":{"line":107,"column":5}},"type":"if","locations":[{"start":{"line":103,"column":4},"end":{"line":107,"column":5}},{"start":{},"end":{}}],"line":103},"9":{"loc":{"start":{"line":103,"column":8},"end":{"line":103,"column":27}},"type":"binary-expr","locations":[{"start":{"line":103,"column":8},"end":{"line":103,"column":14}},{"start":{"line":103,"column":18},"end":{"line":103,"column":27}}],"line":103},"10":{"loc":{"start":{"line":121,"column":4},"end":{"line":125,"column":5}},"type":"if","locations":[{"start":{"line":121,"column":4},"end":{"line":125,"column":5}},{"start":{},"end":{}}],"line":121},"11":{"loc":{"start":{"line":121,"column":8},"end":{"line":121,"column":31}},"type":"binary-expr","locations":[{"start":{"line":121,"column":8},"end":{"line":121,"column":13}},{"start":{"line":121,"column":17},"end":{"line":121,"column":31}}],"line":121},"12":{"loc":{"start":{"line":128,"column":4},"end":{"line":132,"column":5}},"type":"if","locations":[{"start":{"line":128,"column":4},"end":{"line":132,"column":5}},{"start":{},"end":{}}],"line":128},"13":{"loc":{"start":{"line":183,"column":4},"end":{"line":185,"column":5}},"type":"if","locations":[{"start":{"line":183,"column":4},"end":{"line":185,"column":5}},{"start":{},"end":{}}],"line":183}},"s":{"0":2,"1":2,"2":2,"3":2,"4":2,"5":2,"6":2,"7":7,"8":7,"9":7,"10":1,"11":6,"12":6,"13":1,"14":5,"15":1,"16":4,"17":4,"18":4,"19":1,"20":3,"21":3,"22":3,"23":1,"24":1,"25":1,"26":2,"27":2,"28":1,"29":1,"30":1,"31":2,"32":5,"33":5,"34":5,"35":1,"36":4,"37":4,"38":3,"39":1,"40":2,"41":2,"42":1,"43":1,"44":1,"45":1,"46":1,"47":1,"48":2,"49":2,"50":2,"51":1,"52":1,"53":1,"54":2,"55":3,"56":3,"57":2,"58":1,"59":1,"60":1,"61":1,"62":2},"f":{"0":2,"1":7,"2":5,"3":2,"4":3},"b":{"0":[2,2,2,1],"1":[1,6],"2":[7,6,6],"3":[1,5],"4":[1,4],"5":[1,3],"6":[1,1],"7":[1,0],"8":[1,4],"9":[5,4],"10":[1,2],"11":[3,2],"12":[1,1],"13":[1,1]},"_coverageSchema":"1a1c01bbd47fc00a2c39e90264f33305004495a9","hash":"8e20bc5b6ce5969acb03c822d97e10611706be5b"}
,"C:\\Users\\Sonto\\OpenLingua\\backend\\src\\controllers\\googleAuthController.js": {"path":"C:\\Users\\Sonto\\OpenLingua\\backend\\src\\controllers\\googleAuthController.js","statementMap":{"0":{"start":{"line":1,"column":17},"end":{"line":1,"column":46}},"1":{"start":{"line":2,"column":27},"end":{"line":2,"column":50}},"2":{"start":{"line":3,"column":27},"end":{"line":3,"column":54}},"3":{"start":{"line":6,"column":19},"end":{"line":10,"column":1}},"4":{"start":{"line":7,"column":2},"end":{"line":9,"column":21}},"5":{"start":{"line":13,"column":23},"end":{"line":45,"column":1}},"6":{"start":{"line":14,"column":2},"end":{"line":44,"column":21}},"7":{"start":{"line":17,"column":4},"end":{"line":43,"column":5}},"8":{"start":{"line":18,"column":6},"end":{"line":21,"column":7}},"9":{"start":{"line":19,"column":8},"end":{"line":19,"column":49}},"10":{"start":{"line":20,"column":8},"end":{"line":20,"column":83}},"11":{"start":{"line":23,"column":6},"end":{"line":26,"column":7}},"12":{"start":{"line":24,"column":8},"end":{"line":24,"column":59}},"13":{"start":{"line":25,"column":8},"end":{"line":25,"column":84}},"14":{"start":{"line":29,"column":21},"end":{"line":32,"column":8}},"15":{"start":{"line":35,"column":6},"end":{"line":35,"column":67}},"16":{"start":{"line":38,"column":6},"end":{"line":38,"column":60}},"17":{"start":{"line":41,"column":6},"end":{"line":41,"column":53}},"18":{"start":{"line":42,"column":6},"end":{"line":42,"column":75}},"19":{"start":{"line":47,"column":0},"end":{"line":50,"column":2}}},"fnMap":{"0":{"name":"(anonymous_0)","decl":{"start":{"line":6,"column":19},"end":{"line":6,"column":20}},"loc":{"start":{"line":6,"column":39},"end":{"line":10,"column":1}},"line":6},"1":{"name":"(anonymous_1)","decl":{"start":{"line":13,"column":23},"end":{"line":13,"column":24}},"loc":{"start":{"line":13,"column":43},"end":{"line":45,"column":1}},"line":13},"2":{"name":"(anonymous_2)","decl":{"start":{"line":16,"column":5},"end":{"line":16,"column":6}},"loc":{"start":{"line":16,"column":32},"end":{"line":44,"column":3}},"line":16}},"branchMap":{"0":{"loc":{"start":{"line":18,"column":6},"end":{"line":21,"column":7}},"type":"if","locations":[{"start":{"line":18,"column":6},"end":{"line":21,"column":7}},{"start":{},"end":{}}],"line":18},"1":{"loc":{"start":{"line":23,"column":6},"end":{"line":26,"column":7}},"type":"if","locations":[{"start":{"line":23,"column":6},"end":{"line":26,"column":7}},{"start":{},"end":{}}],"line":23}},"s":{"0":2,"1":2,"2":2,"3":2,"4":1,"5":2,"6":4,"7":4,"8":4,"9":1,"10":1,"11":3,"12":1,"13":1,"14":2,"15":1,"16":1,"17":1,"18":1,"19":2},"f":{"0":1,"1":4,"2":4},"b":{"0":[1,3],"1":[1,2]},"_coverageSchema":"1a1c01bbd47fc00a2c39e90264f33305004495a9","hash":"24ff74536a43829f20a9fb23888948180be14f25"}
,"C:\\Users\\Sonto\\OpenLingua\\backend\\src\\lib\\prisma.js": {"path":"C:\\Users\\Sonto\\OpenLingua\\backend\\src\\lib\\prisma.js","statementMap":{"0":{"start":{"line":1,"column":25},"end":{"line":1,"column":50}},"1":{"start":{"line":3,"column":24},"end":{"line":3,"column":34}},"2":{"start":{"line":6,"column":2},"end":{"line":9,"column":4}},"3":{"start":{"line":11,"column":0},"end":{"line":13,"column":1}},"4":{"start":{"line":12,"column":2},"end":{"line":12,"column":34}},"5":{"start":{"line":15,"column":0},"end":{"line":17,"column":2}}},"fnMap":{},"branchMap":{"0":{"loc":{"start":{"line":6,"column":2},"end":{"line":9,"column":4}},"type":"binary-expr","locations":[{"start":{"line":6,"column":2},"end":{"line":6,"column":24}},{"start":{"line":7,"column":2},"end":{"line":9,"column":4}}],"line":6},"1":{"loc":{"start":{"line":11,"column":0},"end":{"line":13,"column":1}},"type":"if","locations":[{"start":{"line":11,"column":0},"end":{"line":13,"column":1}},{"start":{},"end":{}}],"line":11}},"s":{"0":2,"1":2,"2":2,"3":2,"4":2,"5":2},"f":{},"b":{"0":[2,2],"1":[2,0]},"_coverageSchema":"1a1c01bbd47fc00a2c39e90264f33305004495a9","hash":"ebcd35c2a4f4fb722ddf8234f26575fe01596513"}
,"C:\\Users\\Sonto\\OpenLingua\\backend\\src\\routes\\auth.js": {"path":"C:\\Users\\Sonto\\OpenLingua\\backend\\src\\routes\\auth.js","statementMap":{"0":{"start":{"line":1,"column":19},"end":{"line":1,"column":37}},"1":{"start":{"line":2,"column":40},"end":{"line":2,"column":80}},"2":{"start":{"line":3,"column":39},"end":{"line":3,"column":85}},"3":{"start":{"line":4,"column":25},"end":{"line":4,"column":54}},"4":{"start":{"line":6,"column":15},"end":{"line":6,"column":23}},"5":{"start":{"line":9,"column":0},"end":{"line":9,"column":35}},"6":{"start":{"line":10,"column":0},"end":{"line":10,"column":29}},"7":{"start":{"line":13,"column":0},"end":{"line":15,"column":3}},"8":{"start":{"line":14,"column":2},"end":{"line":14,"column":29}},"9":{"start":{"line":17,"column":0},"end":{"line":19,"column":3}},"10":{"start":{"line":18,"column":2},"end":{"line":18,"column":33}},"11":{"start":{"line":22,"column":0},"end":{"line":22,"column":45}},"12":{"start":{"line":23,"column":0},"end":{"line":23,"column":36}},"13":{"start":{"line":25,"column":0},"end":{"line":25,"column":24}}},"fnMap":{"0":{"name":"(anonymous_0)","decl":{"start":{"line":13,"column":22},"end":{"line":13,"column":23}},"loc":{"start":{"line":13,"column":42},"end":{"line":15,"column":1}},"line":13},"1":{"name":"(anonymous_1)","decl":{"start":{"line":17,"column":31},"end":{"line":17,"column":32}},"loc":{"start":{"line":17,"column":51},"end":{"line":19,"column":1}},"line":17}},"branchMap":{},"s":{"0":1,"1":1,"2":1,"3":1,"4":1,"5":1,"6":1,"7":1,"8":0,"9":1,"10":0,"11":1,"12":1,"13":1},"f":{"0":0,"1":0},"b":{},"_coverageSchema":"1a1c01bbd47fc00a2c39e90264f33305004495a9","hash":"13e95488fdadab7594a13185ccbc4d3808dc7e06"}
,"C:\\Users\\Sonto\\OpenLingua\\backend\\src\\utils\\cookies.js": {"path":"C:\\Users\\Sonto\\OpenLingua\\backend\\src\\utils\\cookies.js","statementMap":{"0":{"start":{"line":1,"column":23},"end":{"line":6,"column":1}},"1":{"start":{"line":8,"column":23},"end":{"line":18,"column":1}},"2":{"start":{"line":9,"column":4},"end":{"line":12,"column":7}},"3":{"start":{"line":14,"column":4},"end":{"line":17,"column":7}},"4":{"start":{"line":20,"column":25},"end":{"line":23,"column":1}},"5":{"start":{"line":21,"column":4},"end":{"line":21,"column":51}},"6":{"start":{"line":22,"column":4},"end":{"line":22,"column":52}},"7":{"start":{"line":25,"column":0},"end":{"line":28,"column":2}}},"fnMap":{"0":{"name":"(anonymous_0)","decl":{"start":{"line":8,"column":23},"end":{"line":8,"column":24}},"loc":{"start":{"line":8,"column":59},"end":{"line":18,"column":1}},"line":8},"1":{"name":"(anonymous_1)","decl":{"start":{"line":20,"column":25},"end":{"line":20,"column":26}},"loc":{"start":{"line":20,"column":34},"end":{"line":23,"column":1}},"line":20}},"branchMap":{},"s":{"0":4,"1":4,"2":1,"3":1,"4":4,"5":1,"6":1,"7":4},"f":{"0":1,"1":1},"b":{},"_coverageSchema":"1a1c01bbd47fc00a2c39e90264f33305004495a9","hash":"32b27bee34594993107822ebdaa3f80703136fc0"}
,"C:\\Users\\Sonto\\OpenLingua\\backend\\src\\utils\\jwt.js": {"path":"C:\\Users\\Sonto\\OpenLingua\\backend\\src\\utils\\jwt.js","statementMap":{"0":{"start":{"line":1,"column":12},"end":{"line":1,"column":35}},"1":{"start":{"line":3,"column":23},"end":{"line":17,"column":1}},"2":{"start":{"line":4,"column":24},"end":{"line":8,"column":5}},"3":{"start":{"line":10,"column":25},"end":{"line":14,"column":5}},"4":{"start":{"line":16,"column":4},"end":{"line":16,"column":41}},"5":{"start":{"line":19,"column":26},"end":{"line":21,"column":1}},"6":{"start":{"line":20,"column":4},"end":{"line":20,"column":60}},"7":{"start":{"line":23,"column":27},"end":{"line":25,"column":1}},"8":{"start":{"line":24,"column":4},"end":{"line":24,"column":61}},"9":{"start":{"line":27,"column":0},"end":{"line":31,"column":2}}},"fnMap":{"0":{"name":"(anonymous_0)","decl":{"start":{"line":3,"column":23},"end":{"line":3,"column":24}},"loc":{"start":{"line":3,"column":36},"end":{"line":17,"column":1}},"line":3},"1":{"name":"(anonymous_1)","decl":{"start":{"line":19,"column":26},"end":{"line":19,"column":27}},"loc":{"start":{"line":19,"column":37},"end":{"line":21,"column":1}},"line":19},"2":{"name":"(anonymous_2)","decl":{"start":{"line":23,"column":27},"end":{"line":23,"column":28}},"loc":{"start":{"line":23,"column":38},"end":{"line":25,"column":1}},"line":23}},"branchMap":{},"s":{"0":4,"1":4,"2":1,"3":1,"4":1,"5":4,"6":1,"7":4,"8":1,"9":4},"f":{"0":1,"1":1,"2":1},"b":{},"_coverageSchema":"1a1c01bbd47fc00a2c39e90264f33305004495a9","hash":"858455539aad5b41cc05b7f0ded4c3016558943a"}
}
