TN:
SF:src\app.js
FN:45,(anonymous_0)
FN:49,(anonymous_1)
FNF:2
FNH:2
FNDA:1,(anonymous_0)
FNDA:1,(anonymous_1)
DA:1,1
DA:2,1
DA:3,1
DA:4,1
DA:5,1
DA:7,1
DA:8,1
DA:10,1
DA:12,1
DA:13,1
DA:20,1
DA:26,1
DA:32,1
DA:34,1
DA:35,1
DA:36,1
DA:38,1
DA:39,1
DA:40,1
DA:43,1
DA:45,1
DA:46,1
DA:49,1
DA:50,1
DA:53,1
LF:25
LH:25
BRF:0
BRH:0
end_of_record
TN:
SF:src\controllers\authController.js
FN:6,(anonymous_0)
FN:15,(anonymous_1)
FN:99,(anonymous_2)
FN:158,(anonymous_3)
FN:170,(anonymous_4)
FNF:5
FNH:5
FNDA:2,(anonymous_0)
FNDA:7,(anonymous_1)
FNDA:5,(anonymous_2)
FNDA:2,(anonymous_3)
FNDA:3,(anonymous_4)
DA:1,2
DA:2,2
DA:3,2
DA:4,2
DA:6,2
DA:7,2
DA:15,2
DA:16,7
DA:17,7
DA:19,7
DA:20,1
DA:25,6
DA:26,6
DA:27,1
DA:32,5
DA:33,1
DA:38,4
DA:40,4
DA:44,4
DA:45,1
DA:50,3
DA:51,3
DA:53,3
DA:66,1
DA:71,1
DA:73,1
DA:83,2
DA:85,2
DA:86,1
DA:87,1
DA:93,1
DA:99,2
DA:100,5
DA:101,5
DA:103,5
DA:104,1
DA:109,4
DA:111,4
DA:121,3
DA:122,1
DA:127,2
DA:128,2
DA:129,1
DA:134,1
DA:139,1
DA:141,1
DA:151,1
DA:152,1
DA:158,2
DA:159,2
DA:160,2
DA:161,1
DA:163,1
DA:164,1
DA:170,2
DA:171,3
DA:172,3
DA:183,2
DA:184,1
DA:187,1
DA:189,1
DA:190,1
DA:196,2
LF:63
LH:63
BRDA:8,0,0,2
BRDA:8,0,1,2
BRDA:8,0,2,2
BRDA:8,0,3,1
BRDA:19,1,0,1
BRDA:19,1,1,6
BRDA:19,2,0,7
BRDA:19,2,1,6
BRDA:19,2,2,6
BRDA:26,3,0,1
BRDA:26,3,1,5
BRDA:32,4,0,1
BRDA:32,4,1,4
BRDA:44,5,0,1
BRDA:44,5,1,3
BRDA:85,6,0,1
BRDA:85,6,1,1
BRDA:86,7,0,1
BRDA:86,7,1,0
BRDA:103,8,0,1
BRDA:103,8,1,4
BRDA:103,9,0,5
BRDA:103,9,1,4
BRDA:121,10,0,1
BRDA:121,10,1,2
BRDA:121,11,0,3
BRDA:121,11,1,2
BRDA:128,12,0,1
BRDA:128,12,1,1
BRDA:183,13,0,1
BRDA:183,13,1,1
BRF:31
BRH:30
end_of_record
TN:
SF:src\controllers\googleAuthController.js
FN:6,(anonymous_0)
FN:13,(anonymous_1)
FN:16,(anonymous_2)
FNF:3
FNH:3
FNDA:1,(anonymous_0)
FNDA:4,(anonymous_1)
FNDA:4,(anonymous_2)
DA:1,2
DA:2,2
DA:3,2
DA:6,2
DA:7,1
DA:13,2
DA:14,4
DA:17,4
DA:18,4
DA:19,1
DA:20,1
DA:23,3
DA:24,1
DA:25,1
DA:29,2
DA:35,1
DA:38,1
DA:41,1
DA:42,1
DA:47,2
LF:20
LH:20
BRDA:18,0,0,1
BRDA:18,0,1,3
BRDA:23,1,0,1
BRDA:23,1,1,2
BRF:4
BRH:4
end_of_record
TN:
SF:src\lib\prisma.js
FNF:0
FNH:0
DA:1,2
DA:3,2
DA:6,2
DA:11,2
DA:12,2
DA:15,2
LF:6
LH:6
BRDA:6,0,0,2
BRDA:6,0,1,2
BRDA:11,1,0,2
BRDA:11,1,1,0
BRF:4
BRH:3
end_of_record
TN:
SF:src\routes\auth.js
FN:13,(anonymous_0)
FN:17,(anonymous_1)
FNF:2
FNH:0
FNDA:0,(anonymous_0)
FNDA:0,(anonymous_1)
DA:1,1
DA:2,1
DA:3,1
DA:4,1
DA:6,1
DA:9,1
DA:10,1
DA:13,1
DA:14,0
DA:17,1
DA:18,0
DA:22,1
DA:23,1
DA:25,1
LF:14
LH:12
BRF:0
BRH:0
end_of_record
TN:
SF:src\utils\cookies.js
FN:8,(anonymous_0)
FN:20,(anonymous_1)
FNF:2
FNH:2
FNDA:1,(anonymous_0)
FNDA:1,(anonymous_1)
DA:1,4
DA:8,4
DA:9,1
DA:14,1
DA:20,4
DA:21,1
DA:22,1
DA:25,4
LF:8
LH:8
BRF:0
BRH:0
end_of_record
TN:
SF:src\utils\jwt.js
FN:3,(anonymous_0)
FN:19,(anonymous_1)
FN:23,(anonymous_2)
FNF:3
FNH:3
FNDA:1,(anonymous_0)
FNDA:1,(anonymous_1)
FNDA:1,(anonymous_2)
DA:1,4
DA:3,4
DA:4,1
DA:10,1
DA:16,1
DA:19,4
DA:20,1
DA:23,4
DA:24,1
DA:27,4
LF:10
LH:10
BRF:0
BRH:0
end_of_record
