TN:
SF:src\app.js
FN:64,(anonymous_0)
FN:81,(anonymous_1)
FN:86,(anonymous_2)
FN:95,(anonymous_3)
FN:101,(anonymous_4)
FNF:5
FNH:4
FNDA:3,(anonymous_0)
FNDA:1,(anonymous_1)
FNDA:1,(anonymous_2)
FNDA:1,(anonymous_3)
FNDA:0,(anonymous_4)
DA:1,1
DA:2,1
DA:3,1
DA:4,1
DA:5,1
DA:6,1
DA:7,1
DA:9,1
DA:11,1
DA:14,1
DA:27,1
DA:28,1
DA:29,1
DA:32,1
DA:35,1
DA:60,1
DA:61,1
DA:64,1
DA:65,3
DA:66,3
DA:67,3
DA:68,3
DA:69,3
DA:70,3
DA:71,3
DA:75,1
DA:76,1
DA:77,1
DA:78,1
DA:79,1
DA:81,1
DA:82,1
DA:86,1
DA:87,1
DA:95,1
DA:96,1
DA:97,1
DA:101,1
DA:102,0
DA:103,0
DA:109,1
LF:41
LH:39
BRDA:38,0,0,1
BRDA:38,0,1,1
BRDA:69,1,0,3
BRDA:69,1,1,3
BRDA:105,2,0,0
BRDA:105,2,1,0
BRF:6
BRH:4
end_of_record
TN:
SF:src\server.js
FN:10,(anonymous_0)
FN:15,(anonymous_1)
FN:20,(anonymous_2)
FNF:3
FNH:3
FNDA:4,(anonymous_0)
FNDA:1,(anonymous_1)
FNDA:2,(anonymous_2)
DA:1,4
DA:4,4
DA:6,4
DA:8,4
DA:10,4
DA:11,4
DA:15,4
DA:16,1
DA:17,1
DA:20,4
DA:21,2
DA:22,2
LF:12
LH:12
BRDA:8,0,0,4
BRDA:8,0,1,3
BRF:2
BRH:2
end_of_record
TN:
SF:src\config\passport.js
FN:17,(anonymous_0)
FN:58,(anonymous_1)
FN:62,(anonymous_2)
FNF:3
FNH:3
FNDA:2,(anonymous_0)
FNDA:1,(anonymous_1)
FNDA:2,(anonymous_2)
DA:1,7
DA:2,7
DA:3,7
DA:8,7
DA:9,7
DA:18,2
DA:19,2
DA:20,2
DA:21,2
DA:22,2
DA:24,2
DA:42,1
DA:44,1
DA:45,1
DA:52,0
DA:54,0
DA:58,7
DA:59,1
DA:62,7
DA:63,2
DA:64,2
DA:67,1
DA:69,1
DA:70,1
DA:74,7
LF:25
LH:23
BRDA:8,0,0,7
BRDA:8,0,1,0
BRDA:8,1,0,7
BRDA:8,1,1,7
BRDA:14,2,0,7
BRDA:14,2,1,0
BRDA:52,3,0,0
BRDA:52,3,1,0
BRF:8
BRH:4
end_of_record
TN:
SF:src\controllers\authController.js
FN:6,(anonymous_0)
FN:64,(anonymous_1)
FN:105,(anonymous_2)
FN:115,(anonymous_3)
FNF:4
FNH:4
FNDA:7,(anonymous_0)
FNDA:5,(anonymous_1)
FNDA:2,(anonymous_2)
FNDA:3,(anonymous_3)
DA:1,3
DA:2,3
DA:3,3
DA:4,3
DA:6,3
DA:7,7
DA:8,7
DA:11,7
DA:12,1
DA:14,6
DA:15,6
DA:16,1
DA:18,5
DA:19,1
DA:22,4
DA:26,4
DA:27,1
DA:30,3
DA:32,3
DA:43,1
DA:44,1
DA:46,1
DA:56,2
DA:57,1
DA:59,1
DA:60,1
DA:64,3
DA:65,5
DA:66,5
DA:68,5
DA:69,1
DA:72,4
DA:76,3
DA:77,1
DA:80,2
DA:82,2
DA:83,1
DA:87,1
DA:88,1
DA:90,1
DA:100,1
DA:101,1
DA:105,3
DA:106,2
DA:108,2
DA:109,1
DA:111,1
DA:115,3
DA:116,3
DA:117,3
DA:118,3
DA:119,2
DA:120,1
DA:122,1
DA:124,1
DA:125,1
LF:56
LH:56
BRDA:11,0,0,1
BRDA:11,0,1,6
BRDA:11,1,0,7
BRDA:11,1,1,6
BRDA:11,1,2,6
BRDA:15,2,0,1
BRDA:15,2,1,5
BRDA:18,3,0,1
BRDA:18,3,1,4
BRDA:26,4,0,1
BRDA:26,4,1,3
BRDA:56,5,0,1
BRDA:56,5,1,1
BRDA:56,6,0,2
BRDA:56,6,1,2
BRDA:68,7,0,1
BRDA:68,7,1,4
BRDA:68,8,0,5
BRDA:68,8,1,4
BRDA:76,9,0,1
BRDA:76,9,1,2
BRDA:76,10,0,3
BRDA:76,10,1,2
BRDA:82,11,0,1
BRDA:82,11,1,1
BRDA:117,12,0,3
BRDA:117,12,1,3
BRDA:117,12,2,0
BRDA:119,13,0,1
BRDA:119,13,1,1
BRF:30
BRH:29
end_of_record
TN:
SF:src\controllers\courseController.js
FN:5,(anonymous_0)
FN:39,(anonymous_1)
FN:108,(anonymous_2)
FN:113,(anonymous_3)
FN:147,(anonymous_4)
FN:161,(anonymous_5)
FN:199,(anonymous_6)
FN:217,(anonymous_7)
FN:255,(anonymous_8)
FN:276,(anonymous_9)
FN:293,(anonymous_10)
FN:312,(anonymous_11)
FN:314,(anonymous_12)
FN:320,(anonymous_13)
FN:327,(anonymous_14)
FN:340,(anonymous_15)
FN:362,(anonymous_16)
FN:380,(anonymous_17)
FN:402,(anonymous_18)
FN:450,(anonymous_19)
FN:488,(anonymous_20)
FN:571,(anonymous_21)
FN:591,(anonymous_22)
FNF:23
FNH:18
FNDA:3,(anonymous_0)
FNDA:4,(anonymous_1)
FNDA:0,(anonymous_2)
FNDA:0,(anonymous_3)
FNDA:2,(anonymous_4)
FNDA:3,(anonymous_5)
FNDA:2,(anonymous_6)
FNDA:3,(anonymous_7)
FNDA:0,(anonymous_8)
FNDA:2,(anonymous_9)
FNDA:2,(anonymous_10)
FNDA:1,(anonymous_11)
FNDA:1,(anonymous_12)
FNDA:0,(anonymous_13)
FNDA:0,(anonymous_14)
FNDA:3,(anonymous_15)
FNDA:2,(anonymous_16)
FNDA:2,(anonymous_17)
FNDA:2,(anonymous_18)
FNDA:3,(anonymous_19)
FNDA:5,(anonymous_20)
FNDA:4,(anonymous_21)
FNDA:5,(anonymous_22)
DA:1,1
DA:3,1
DA:5,1
DA:6,3
DA:7,3
DA:9,3
DA:10,1
DA:14,2
DA:16,2
DA:27,2
DA:29,2
DA:30,1
DA:33,1
DA:35,1
DA:36,1
DA:39,1
DA:40,4
DA:54,4
DA:56,4
DA:57,1
DA:62,3
DA:63,3
DA:64,3
DA:83,3
DA:84,1
DA:93,2
DA:108,0
DA:113,0
DA:137,1
DA:141,1
DA:142,1
DA:147,1
DA:148,2
DA:149,2
DA:154,1
DA:156,1
DA:161,1
DA:162,3
DA:163,3
DA:166,3
DA:173,3
DA:174,1
DA:180,2
DA:189,1
DA:193,1
DA:194,1
DA:199,1
DA:200,2
DA:201,2
DA:203,2
DA:210,1
DA:212,1
DA:217,1
DA:218,3
DA:219,3
DA:220,3
DA:223,3
DA:226,2
DA:229,1
DA:230,1
DA:234,1
DA:235,1
DA:241,1
DA:242,1
DA:250,1
DA:251,1
DA:255,0
DA:265,0
DA:272,1
DA:273,1
DA:276,1
DA:277,2
DA:278,2
DA:280,2
DA:287,1
DA:289,1
DA:290,1
DA:293,1
DA:294,2
DA:295,2
DA:297,2
DA:312,1
DA:313,1
DA:314,1
DA:318,0
DA:319,0
DA:321,0
DA:322,0
DA:324,0
DA:325,0
DA:327,0
DA:334,0
DA:336,1
DA:337,1
DA:340,1
DA:341,3
DA:342,3
DA:344,3
DA:351,2
DA:352,1
DA:355,1
DA:357,1
DA:358,1
DA:362,1
DA:363,2
DA:364,2
DA:366,2
DA:373,1
DA:375,1
DA:376,1
DA:380,1
DA:381,2
DA:382,2
DA:384,2
DA:395,1
DA:397,1
DA:398,1
DA:402,1
DA:403,2
DA:404,2
DA:405,2
DA:443,1
DA:445,1
DA:446,1
DA:450,1
DA:451,3
DA:452,3
DA:456,3
DA:463,2
DA:464,1
DA:467,1
DA:480,1
DA:482,1
DA:483,1
DA:488,1
DA:489,5
DA:490,5
DA:491,5
DA:492,5
DA:495,4
DA:496,4
DA:497,1
DA:511,3
DA:514,3
DA:515,1
DA:536,1
DA:537,1
DA:547,2
DA:563,1
DA:565,1
DA:566,1
DA:571,1
DA:572,4
DA:573,4
DA:574,4
DA:575,4
DA:577,3
DA:578,3
DA:579,1
DA:582,2
DA:583,1
DA:585,1
DA:586,1
DA:591,1
DA:592,5
DA:593,5
DA:594,5
DA:596,5
DA:597,5
DA:598,1
DA:602,4
DA:603,4
DA:604,1
DA:608,3
DA:615,3
DA:616,1
DA:620,2
DA:625,1
DA:627,1
DA:628,1
DA:632,1
LF:181
LH:169
BRDA:9,0,0,1
BRDA:9,0,1,2
BRDA:9,1,0,3
BRDA:9,1,1,2
BRDA:9,1,2,2
BRDA:29,2,0,1
BRDA:29,2,1,1
BRDA:53,3,0,4
BRDA:56,4,0,1
BRDA:56,4,1,3
BRDA:56,5,0,4
BRDA:56,5,1,3
BRDA:63,6,0,3
BRDA:63,6,1,0
BRDA:63,7,0,3
BRDA:63,7,1,3
BRDA:83,8,0,1
BRDA:83,8,1,2
BRDA:111,9,0,0
BRDA:111,9,1,0
BRDA:113,10,0,0
BRDA:113,10,1,0
BRDA:117,11,0,0
BRDA:117,11,1,0
BRDA:117,12,0,0
BRDA:117,12,1,0
BRDA:120,13,0,0
BRDA:120,13,1,0
BRDA:121,14,0,0
BRDA:121,14,1,0
BRDA:173,15,0,1
BRDA:173,15,1,2
BRDA:226,16,0,1
BRDA:226,16,1,1
BRDA:229,17,0,1
BRDA:229,17,1,1
BRDA:230,18,0,1
BRDA:230,18,1,1
BRDA:234,19,0,1
BRDA:234,19,1,0
BRDA:241,20,0,1
BRDA:241,20,1,0
BRDA:250,21,0,1
BRDA:250,21,1,0
BRDA:250,22,0,1
BRDA:250,22,1,1
BRDA:255,23,0,0
BRDA:255,23,1,0
BRDA:260,24,0,0
BRDA:260,24,1,0
BRDA:261,25,0,0
BRDA:261,25,1,0
BRDA:312,26,0,1
BRDA:312,26,1,1
BRDA:312,27,0,1
BRDA:312,27,1,1
BRDA:312,27,2,1
BRDA:312,27,3,1
BRDA:313,28,0,1
BRDA:313,28,1,0
BRDA:314,29,0,1
BRDA:314,29,1,0
BRDA:319,30,0,0
BRDA:319,30,1,0
BRDA:321,31,0,0
BRDA:321,31,1,0
BRDA:351,32,0,1
BRDA:351,32,1,1
BRDA:463,33,0,1
BRDA:463,33,1,1
BRDA:492,34,0,1
BRDA:492,34,1,4
BRDA:495,35,0,4
BRDA:495,35,1,4
BRDA:495,35,2,0
BRDA:496,36,0,1
BRDA:496,36,1,3
BRDA:496,37,0,4
BRDA:496,37,1,4
BRDA:514,38,0,1
BRDA:514,38,1,2
BRDA:514,39,0,3
BRDA:514,39,1,1
BRDA:536,40,0,1
BRDA:536,40,1,0
BRDA:550,41,0,0
BRDA:550,41,1,2
BRDA:551,42,0,1
BRDA:551,42,1,1
BRDA:552,43,0,0
BRDA:552,43,1,2
BRDA:553,44,0,0
BRDA:553,44,1,2
BRDA:554,45,0,0
BRDA:554,45,1,2
BRDA:555,46,0,0
BRDA:555,46,1,2
BRDA:556,47,0,0
BRDA:556,47,1,2
BRDA:557,48,0,0
BRDA:557,48,1,2
BRDA:558,49,0,0
BRDA:558,49,1,2
BRDA:559,50,0,0
BRDA:559,50,1,2
BRDA:575,51,0,1
BRDA:575,51,1,3
BRDA:577,52,0,3
BRDA:577,52,1,3
BRDA:577,52,2,0
BRDA:578,53,0,1
BRDA:578,53,1,2
BRDA:578,54,0,3
BRDA:578,54,1,3
BRDA:596,55,0,5
BRDA:596,55,1,4
BRDA:596,55,2,0
BRDA:597,56,0,1
BRDA:597,56,1,4
BRDA:602,57,0,4
BRDA:602,57,1,0
BRDA:603,58,0,1
BRDA:603,58,1,3
BRDA:603,59,0,4
BRDA:603,59,1,4
BRDA:603,59,2,3
BRDA:615,60,0,1
BRDA:615,60,1,2
BRF:128
BRH:86
end_of_record
TN:
SF:src\controllers\forumController.js
FN:4,(anonymous_0)
FN:24,(anonymous_1)
FN:44,(anonymous_2)
FNF:3
FNH:3
FNDA:1,(anonymous_0)
FNDA:1,(anonymous_1)
FNDA:1,(anonymous_2)
DA:1,1
DA:4,1
DA:5,1
DA:6,1
DA:7,1
DA:9,1
DA:17,1
DA:19,0
DA:24,1
DA:25,1
DA:26,1
DA:27,1
DA:29,1
DA:37,1
DA:39,0
DA:44,1
DA:45,1
DA:46,1
DA:48,1
DA:54,1
DA:56,0
DA:60,1
LF:22
LH:19
BRF:0
BRH:0
end_of_record
TN:
SF:src\controllers\googleAuthController.js
FN:5,(anonymous_0)
FN:12,(anonymous_1)
FN:21,(anonymous_2)
FNF:3
FNH:3
FNDA:1,(anonymous_0)
FNDA:4,(anonymous_1)
FNDA:4,(anonymous_2)
DA:1,1
DA:2,1
DA:5,1
DA:7,1
DA:8,1
DA:12,1
DA:14,4
DA:15,4
DA:16,4
DA:19,4
DA:21,4
DA:22,4
DA:23,1
DA:25,3
DA:26,1
DA:27,1
DA:30,2
DA:31,2
DA:32,1
DA:33,1
DA:35,1
DA:36,1
LF:22
LH:22
BRDA:14,0,0,4
BRDA:14,0,1,0
BRDA:15,1,0,4
BRDA:15,1,1,0
BRDA:16,2,0,4
BRDA:16,2,1,0
BRDA:22,3,0,1
BRDA:22,3,1,3
BRDA:25,4,0,1
BRDA:25,4,1,2
BRF:10
BRH:7
end_of_record
TN:
SF:src\controllers\quizProxyController.js
FN:11,(anonymous_0)
FN:40,(anonymous_1)
FN:125,(anonymous_2)
FN:161,(anonymous_3)
FN:221,(anonymous_4)
FN:294,(anonymous_5)
FN:379,(anonymous_6)
FN:433,(anonymous_7)
FNF:8
FNH:8
FNDA:2,(anonymous_0)
FNDA:1,(anonymous_1)
FNDA:3,(anonymous_2)
FNDA:2,(anonymous_3)
FNDA:3,(anonymous_4)
FNDA:2,(anonymous_5)
FNDA:1,(anonymous_6)
FNDA:2,(anonymous_7)
DA:1,13
DA:2,13
DA:3,13
DA:5,13
DA:6,13
DA:12,2
DA:13,2
DA:14,2
DA:15,2
DA:18,2
DA:25,2
DA:26,0
DA:32,2
DA:33,0
DA:38,2
DA:40,2
DA:41,1
DA:45,1
DA:59,1
DA:61,1
DA:75,1
DA:78,1
DA:100,1
DA:116,0
DA:117,0
DA:126,3
DA:127,3
DA:128,3
DA:131,3
DA:141,3
DA:142,1
DA:146,2
DA:154,2
DA:155,0
DA:158,2
DA:160,2
DA:162,2
DA:163,2
DA:169,1
DA:171,1
DA:184,1
DA:186,1
DA:201,2
DA:205,0
DA:207,0
DA:215,0
DA:216,0
DA:222,3
DA:223,3
DA:224,3
DA:227,3
DA:237,3
DA:238,0
DA:242,3
DA:250,3
DA:251,0
DA:254,3
DA:256,3
DA:262,1
DA:264,1
DA:272,2
DA:274,2
DA:275,1
DA:280,1
DA:288,0
DA:289,0
DA:295,2
DA:296,2
DA:297,2
DA:298,2
DA:301,2
DA:311,2
DA:312,0
DA:315,2
DA:317,2
DA:325,1
DA:337,1
DA:339,1
DA:347,1
DA:364,1
DA:373,0
DA:374,0
DA:380,1
DA:381,1
DA:382,1
DA:385,1
DA:395,1
DA:396,0
DA:399,1
DA:401,1
DA:407,1
DA:412,1
DA:421,1
DA:427,0
DA:428,0
DA:434,2
DA:435,2
DA:436,1
DA:438,1
DA:447,13
LF:100
LH:81
BRDA:25,0,0,0
BRDA:25,0,1,2
BRDA:32,1,0,0
BRDA:32,1,1,2
BRDA:32,2,0,2
BRDA:32,2,1,2
BRDA:32,2,2,2
BRDA:50,3,0,1
BRDA:50,3,1,0
BRDA:51,4,0,1
BRDA:51,4,1,0
BRDA:52,5,0,1
BRDA:52,5,1,0
BRDA:53,6,0,1
BRDA:53,6,1,1
BRDA:83,7,0,1
BRDA:83,7,1,1
BRDA:84,8,0,1
BRDA:84,8,1,1
BRDA:85,9,0,1
BRDA:85,9,1,1
BRDA:86,10,0,1
BRDA:86,10,1,1
BRDA:92,11,0,1
BRDA:92,11,1,0
BRDA:119,12,0,0
BRDA:119,12,1,0
BRDA:141,13,0,1
BRDA:141,13,1,2
BRDA:154,14,0,0
BRDA:154,14,1,2
BRDA:178,15,0,1
BRDA:178,15,1,0
BRDA:193,16,0,1
BRDA:193,16,1,0
BRDA:237,17,0,0
BRDA:237,17,1,3
BRDA:250,18,0,0
BRDA:250,18,1,3
BRDA:274,19,0,1
BRDA:274,19,1,1
BRDA:311,20,0,0
BRDA:311,20,1,2
BRDA:328,21,0,1
BRDA:328,21,1,0
BRDA:329,22,0,1
BRDA:329,22,1,1
BRDA:330,23,0,1
BRDA:330,23,1,1
BRDA:331,24,0,1
BRDA:331,24,1,1
BRDA:332,25,0,1
BRDA:332,25,1,1
BRDA:350,26,0,1
BRDA:350,26,1,0
BRDA:351,27,0,1
BRDA:351,27,1,1
BRDA:352,28,0,1
BRDA:352,28,1,1
BRDA:353,29,0,1
BRDA:353,29,1,1
BRDA:354,30,0,1
BRDA:354,30,1,1
BRDA:395,31,0,0
BRDA:395,31,1,1
BRF:65
BRH:48
end_of_record
TN:
SF:src\controllers\quizSessionController.js
FN:11,(anonymous_0)
FN:128,(anonymous_1)
FN:244,(anonymous_2)
FN:280,(anonymous_3)
FN:299,(anonymous_4)
FN:302,(anonymous_5)
FN:314,(anonymous_6)
FN:325,(anonymous_7)
FNF:8
FNH:8
FNDA:5,(anonymous_0)
FNDA:4,(anonymous_1)
FNDA:2,(anonymous_2)
FNDA:3,(anonymous_3)
FNDA:3,(anonymous_4)
FNDA:3,(anonymous_5)
FNDA:3,(anonymous_6)
FNDA:5,(anonymous_7)
DA:1,11
DA:2,11
DA:3,11
DA:5,11
DA:6,11
DA:12,5
DA:13,5
DA:14,5
DA:17,5
DA:33,5
DA:34,1
DA:40,4
DA:47,4
DA:48,1
DA:57,3
DA:59,3
DA:66,1
DA:67,1
DA:70,1
DA:88,2
DA:91,2
DA:93,2
DA:94,1
DA:100,1
DA:102,1
DA:122,0
DA:123,0
DA:129,4
DA:130,4
DA:131,4
DA:132,4
DA:135,4
DA:148,4
DA:149,0
DA:152,4
DA:153,1
DA:156,3
DA:158,3
DA:159,3
DA:162,3
DA:163,2
DA:172,2
DA:174,2
DA:182,2
DA:189,2
DA:203,1
DA:206,1
DA:208,1
DA:215,1
DA:222,1
DA:238,0
DA:239,0
DA:245,2
DA:246,2
DA:247,2
DA:250,2
DA:267,2
DA:268,0
DA:271,2
DA:274,2
DA:280,3
DA:293,2
DA:299,3
DA:302,3
DA:308,0
DA:309,0
DA:315,3
DA:316,3
DA:318,3
DA:319,0
DA:322,3
DA:323,3
DA:325,3
DA:326,5
DA:327,5
DA:329,5
DA:330,2
DA:331,1
DA:333,3
DA:334,2
DA:335,1
DA:337,1
DA:339,1
DA:340,1
DA:345,3
DA:351,0
DA:352,0
DA:360,11
LF:88
LH:77
BRDA:33,0,0,1
BRDA:33,0,1,4
BRDA:47,1,0,1
BRDA:47,1,1,3
BRDA:66,2,0,1
BRDA:66,2,1,0
BRDA:80,3,0,1
BRDA:80,3,1,0
BRDA:93,4,0,1
BRDA:93,4,1,1
BRDA:93,5,0,2
BRDA:93,5,1,1
BRDA:111,6,0,1
BRDA:111,6,1,0
BRDA:148,7,0,0
BRDA:148,7,1,4
BRDA:152,8,0,1
BRDA:152,8,1,3
BRDA:152,9,0,4
BRDA:152,9,1,4
BRDA:162,10,0,2
BRDA:162,10,1,1
BRDA:175,11,0,2
BRDA:175,11,1,1
BRDA:176,12,0,2
BRDA:176,12,1,1
BRDA:177,13,0,2
BRDA:177,13,1,0
BRDA:186,14,0,1
BRDA:186,14,1,1
BRDA:197,15,0,1
BRDA:197,15,1,1
BRDA:211,16,0,1
BRDA:211,16,1,0
BRDA:267,17,0,0
BRDA:267,17,1,2
BRDA:276,18,0,1
BRDA:276,18,1,1
BRDA:283,19,0,2
BRDA:283,19,1,1
BRDA:298,20,0,2
BRDA:298,20,1,0
BRDA:301,21,0,2
BRDA:301,21,1,0
BRDA:318,22,0,0
BRDA:318,22,1,3
BRDA:318,23,0,3
BRDA:318,23,1,3
BRDA:329,24,0,2
BRDA:329,24,1,3
BRDA:330,25,0,1
BRDA:330,25,1,1
BRDA:333,26,0,2
BRDA:333,26,1,1
BRDA:334,27,0,1
BRDA:334,27,1,1
BRDA:337,28,0,1
BRDA:337,28,1,0
BRDA:339,29,0,1
BRDA:339,29,1,0
BRDA:339,30,0,1
BRDA:339,30,1,1
BRF:62
BRH:50
end_of_record
TN:
SF:src\controllers\vocabController.js
FN:4,(anonymous_0)
FN:25,(anonymous_1)
FNF:2
FNH:2
FNDA:1,(anonymous_0)
FNDA:1,(anonymous_1)
DA:1,1
DA:4,1
DA:5,1
DA:6,1
DA:7,1
DA:9,1
DA:18,1
DA:20,0
DA:25,1
DA:26,1
DA:27,1
DA:28,1
DA:32,1
DA:34,0
DA:38,1
LF:15
LH:13
BRF:0
BRH:0
end_of_record
TN:
SF:src\lib\prisma.js
FN:4,buildEffectiveDbUrl
FN:37,(anonymous_1)
FN:57,(anonymous_2)
FN:66,(anonymous_3)
FN:78,(anonymous_4)
FNF:5
FNH:4
FNDA:7,buildEffectiveDbUrl
FNDA:6,(anonymous_1)
FNDA:2,(anonymous_2)
FNDA:1,(anonymous_3)
FNDA:0,(anonymous_4)
DA:1,7
DA:5,7
DA:6,7
DA:7,1
DA:8,1
DA:10,6
DA:11,6
DA:13,6
DA:14,6
DA:17,6
DA:18,2
DA:21,6
DA:22,2
DA:25,6
DA:26,6
DA:28,6
DA:30,0
DA:31,0
DA:35,7
DA:37,7
DA:38,6
DA:46,7
DA:48,7
DA:50,7
DA:51,7
DA:55,7
DA:58,2
DA:59,2
DA:60,1
DA:61,1
DA:63,1
DA:68,1
DA:69,1
DA:70,1
DA:71,1
DA:72,1
DA:73,1
DA:78,7
DA:79,0
DA:80,0
DA:81,0
DA:84,7
DA:85,7
DA:87,7
DA:89,7
LF:45
LH:40
BRDA:6,0,0,1
BRDA:6,0,1,6
BRDA:13,1,0,6
BRDA:13,1,1,0
BRDA:17,2,0,2
BRDA:17,2,1,4
BRDA:21,3,0,2
BRDA:21,3,1,4
BRDA:25,4,0,6
BRDA:25,4,1,0
BRDA:40,5,0,5
BRDA:40,5,1,1
BRDA:48,6,0,7
BRDA:48,6,1,6
BRDA:50,7,0,7
BRDA:50,7,1,0
BRDA:59,8,0,2
BRDA:59,8,1,1
BRDA:59,8,2,1
BRDA:60,9,0,1
BRDA:60,9,1,0
BRDA:70,10,0,1
BRDA:70,10,1,0
BRDA:71,11,0,1
BRDA:71,11,1,0
BRF:25
BRH:19
end_of_record
TN:
SF:src\lib\supabase.js
FNF:0
FNH:0
DA:1,2
DA:3,2
DA:4,2
DA:6,2
DA:7,1
DA:10,1
DA:16,1
LF:7
LH:7
BRDA:6,0,0,1
BRDA:6,0,1,1
BRDA:6,1,0,2
BRDA:6,1,1,1
BRF:4
BRH:4
end_of_record
TN:
SF:src\middleware\auth.js
FN:11,(anonymous_0)
FNF:1
FNH:1
FNDA:5,(anonymous_0)
DA:7,3
DA:8,3
DA:9,3
DA:11,3
DA:12,5
DA:15,5
DA:16,2
DA:17,2
DA:18,1
DA:19,1
DA:26,4
DA:27,3
DA:28,3
DA:29,2
DA:31,2
DA:36,2
DA:37,1
DA:38,1
DA:42,1
DA:43,1
DA:45,1
DA:46,1
DA:48,1
DA:49,1
DA:53,1
DA:56,3
LF:26
LH:26
BRDA:12,0,0,5
BRDA:12,0,1,0
BRDA:15,1,0,2
BRDA:15,1,1,3
BRDA:26,2,0,3
BRDA:26,2,1,1
BRDA:29,3,0,2
BRDA:29,3,1,0
BRDA:36,4,0,1
BRDA:36,4,1,1
BRF:10
BRH:8
end_of_record
TN:
SF:src\middleware\quizAuth.js
FN:4,(anonymous_0)
FN:39,(anonymous_1)
FN:103,(anonymous_2)
FN:124,(anonymous_3)
FN:141,(anonymous_4)
FN:219,(anonymous_5)
FN:247,(anonymous_6)
FN:248,(anonymous_7)
FN:251,(anonymous_8)
FNF:9
FNH:8
FNDA:4,(anonymous_0)
FNDA:5,(anonymous_1)
FNDA:4,(anonymous_2)
FNDA:0,(anonymous_3)
FNDA:5,(anonymous_4)
FNDA:3,(anonymous_5)
FNDA:1,(anonymous_6)
FNDA:1,(anonymous_7)
FNDA:1,(anonymous_8)
DA:1,1
DA:4,1
DA:5,4
DA:6,4
DA:7,4
DA:9,4
DA:11,4
DA:12,1
DA:15,3
DA:22,2
DA:24,2
DA:25,1
DA:30,1
DA:31,1
DA:33,1
DA:34,1
DA:39,1
DA:40,5
DA:41,5
DA:42,5
DA:44,5
DA:45,1
DA:49,4
DA:69,3
DA:70,1
DA:76,2
DA:77,2
DA:85,2
DA:86,1
DA:89,1
DA:92,1
DA:93,1
DA:95,1
DA:97,1
DA:98,1
DA:103,1
DA:105,4
DA:106,4
DA:107,4
DA:109,4
DA:110,4
DA:111,1
DA:114,3
DA:115,3
DA:117,3
DA:118,3
DA:121,3
DA:124,3
DA:125,3
DA:127,3
DA:128,0
DA:135,3
DA:137,3
DA:141,1
DA:142,5
DA:144,5
DA:145,1
DA:150,4
DA:151,1
DA:156,3
DA:157,1
DA:162,2
DA:163,0
DA:169,2
DA:170,2
DA:172,2
DA:173,0
DA:178,2
DA:179,1
DA:184,1
DA:185,1
DA:186,0
DA:191,1
DA:192,0
DA:198,1
DA:199,0
DA:200,0
DA:206,1
DA:207,0
DA:208,0
DA:215,1
DA:219,1
DA:220,3
DA:222,3
DA:223,1
DA:226,2
DA:227,1
DA:230,1
DA:231,0
DA:235,1
DA:236,1
DA:237,0
DA:243,1
DA:247,1
DA:248,1
DA:249,1
DA:251,1
DA:252,1
DA:253,1
DA:266,1
DA:267,0
DA:269,1
DA:273,1
DA:277,1
LF:104
LH:92
BRDA:11,0,0,1
BRDA:11,0,1,3
BRDA:22,1,0,1
BRDA:22,1,1,1
BRDA:24,2,0,1
BRDA:24,2,1,1
BRDA:44,3,0,1
BRDA:44,3,1,4
BRDA:69,4,0,1
BRDA:69,4,1,2
BRDA:76,5,0,2
BRDA:76,5,1,0
BRDA:85,6,0,1
BRDA:85,6,1,1
BRDA:93,7,0,1
BRDA:93,7,1,0
BRDA:110,8,0,1
BRDA:110,8,1,3
BRDA:117,9,0,3
BRDA:117,9,1,0
BRDA:127,10,0,0
BRDA:127,10,1,3
BRDA:144,11,0,1
BRDA:144,11,1,4
BRDA:144,12,0,5
BRDA:144,12,1,4
BRDA:150,13,0,1
BRDA:150,13,1,3
BRDA:156,14,0,1
BRDA:156,14,1,2
BRDA:156,15,0,3
BRDA:156,15,1,3
BRDA:156,15,2,3
BRDA:162,16,0,0
BRDA:162,16,1,2
BRDA:172,17,0,0
BRDA:172,17,1,2
BRDA:172,18,0,2
BRDA:172,18,1,2
BRDA:178,19,0,1
BRDA:178,19,1,1
BRDA:178,20,0,2
BRDA:178,20,1,2
BRDA:184,21,0,1
BRDA:184,21,1,0
BRDA:185,22,0,0
BRDA:185,22,1,1
BRDA:185,23,0,1
BRDA:185,23,1,1
BRDA:185,23,2,1
BRDA:191,24,0,0
BRDA:191,24,1,1
BRDA:191,25,0,1
BRDA:191,25,1,1
BRDA:198,26,0,0
BRDA:198,26,1,1
BRDA:199,27,0,0
BRDA:199,27,1,0
BRDA:199,28,0,0
BRDA:199,28,1,0
BRDA:206,29,0,0
BRDA:206,29,1,1
BRDA:207,30,0,0
BRDA:207,30,1,0
BRDA:207,31,0,0
BRDA:207,31,1,0
BRDA:222,32,0,1
BRDA:222,32,1,2
BRDA:226,33,0,1
BRDA:226,33,1,1
BRDA:226,34,0,2
BRDA:226,34,1,2
BRDA:226,34,2,2
BRDA:230,35,0,0
BRDA:230,35,1,1
BRDA:230,36,0,1
BRDA:230,36,1,1
BRDA:230,36,2,1
BRDA:236,37,0,0
BRDA:236,37,1,1
BRDA:236,38,0,1
BRDA:236,38,1,1
BRDA:236,38,2,1
BRDA:266,39,0,0
BRDA:266,39,1,1
BRF:85
BRH:63
end_of_record
TN:
SF:src\routes\auth.js
FN:26,(anonymous_0)
FNF:1
FNH:1
FNDA:1,(anonymous_0)
DA:1,3
DA:2,3
DA:3,3
DA:4,3
DA:5,3
DA:8,3
DA:9,3
DA:10,3
DA:11,3
DA:14,3
DA:21,3
DA:27,1
DA:28,1
DA:32,3
LF:14
LH:14
BRDA:24,0,0,3
BRDA:24,0,1,0
BRDA:28,1,0,1
BRDA:28,1,1,0
BRF:4
BRH:2
end_of_record
TN:
SF:src\routes\courseRoutes.js
FNF:0
FNH:0
DA:1,1
DA:2,1
DA:11,1
DA:13,1
DA:15,1
DA:16,1
DA:17,1
DA:18,1
DA:19,1
DA:20,1
DA:21,1
DA:22,1
DA:23,1
DA:24,1
DA:25,1
DA:26,1
DA:27,1
DA:28,1
DA:29,1
DA:30,1
DA:32,1
LF:21
LH:21
BRF:0
BRH:0
end_of_record
TN:
SF:src\routes\forumRoutes.js
FNF:0
FNH:0
DA:1,1
DA:2,1
DA:3,1
DA:5,1
DA:7,1
DA:8,1
DA:9,1
DA:11,1
LF:8
LH:8
BRF:0
BRH:0
end_of_record
TN:
SF:src\routes\quizRoutes.js
FN:78,(anonymous_0)
FN:106,(anonymous_1)
FN:133,(anonymous_2)
FN:172,(anonymous_3)
FN:192,(anonymous_4)
FN:215,(anonymous_5)
FN:237,(anonymous_6)
FN:255,(anonymous_7)
FN:273,(anonymous_8)
FN:293,(anonymous_9)
FN:314,(anonymous_10)
FN:320,(anonymous_11)
FN:323,(anonymous_12)
FN:326,(anonymous_13)
FN:336,(anonymous_14)
FN:338,(anonymous_15)
FNF:16
FNH:16
FNDA:3,(anonymous_0)
FNDA:3,(anonymous_1)
FNDA:3,(anonymous_2)
FNDA:1,(anonymous_3)
FNDA:2,(anonymous_4)
FNDA:1,(anonymous_5)
FNDA:1,(anonymous_6)
FNDA:1,(anonymous_7)
FNDA:1,(anonymous_8)
FNDA:2,(anonymous_9)
FNDA:1,(anonymous_10)
FNDA:2,(anonymous_11)
FNDA:2,(anonymous_12)
FNDA:2,(anonymous_13)
FNDA:1,(anonymous_14)
FNDA:1,(anonymous_15)
DA:1,1
DA:2,1
DA:10,1
DA:11,1
DA:12,1
DA:13,1
DA:15,1
DA:18,1
DA:19,1
DA:20,1
DA:23,1
DA:24,1
DA:30,1
DA:39,1
DA:47,1
DA:55,1
DA:64,1
DA:75,1
DA:80,3
DA:81,3
DA:82,3
DA:87,2
DA:88,1
DA:91,1
DA:92,1
DA:94,1
DA:102,1
DA:108,3
DA:109,3
DA:110,3
DA:115,2
DA:116,1
DA:119,1
DA:120,1
DA:122,1
DA:130,1
DA:135,3
DA:136,3
DA:137,3
DA:142,2
DA:143,1
DA:146,1
DA:147,1
DA:149,1
DA:159,1
DA:168,1
DA:173,1
DA:174,1
DA:175,1
DA:176,1
DA:178,1
DA:179,1
DA:181,0
DA:182,0
DA:188,1
DA:193,2
DA:194,2
DA:195,2
DA:196,2
DA:198,2
DA:199,1
DA:202,1
DA:203,1
DA:205,0
DA:206,0
DA:212,1
DA:216,1
DA:217,1
DA:218,1
DA:224,1
DA:225,1
DA:227,0
DA:228,0
DA:234,1
DA:238,1
DA:239,1
DA:240,1
DA:242,1
DA:243,1
DA:245,0
DA:246,0
DA:252,1
DA:256,1
DA:257,1
DA:258,1
DA:260,1
DA:261,1
DA:263,0
DA:264,0
DA:270,1
DA:274,1
DA:275,1
DA:276,1
DA:277,1
DA:279,0
DA:280,0
DA:289,1
DA:294,2
DA:295,2
DA:296,2
DA:299,2
DA:314,1
DA:320,2
DA:323,2
DA:326,2
DA:331,1
DA:336,1
DA:338,1
DA:344,1
DA:345,1
DA:350,1
LF:111
LH:99
BRDA:87,0,0,1
BRDA:87,0,1,1
BRDA:115,1,0,1
BRDA:115,1,1,1
BRDA:142,2,0,1
BRDA:142,2,1,1
BRDA:198,3,0,1
BRDA:198,3,1,1
BRDA:319,4,0,1
BRDA:319,4,1,0
BRDA:322,5,0,1
BRDA:322,5,1,0
BRDA:325,6,0,1
BRDA:325,6,1,0
BRDA:337,7,0,1
BRDA:337,7,1,0
BRF:16
BRH:12
end_of_record
TN:
SF:src\routes\vocabRoutes.js
FNF:0
FNH:0
DA:1,1
DA:2,1
DA:3,1
DA:5,1
DA:7,1
DA:8,1
DA:10,1
LF:7
LH:7
BRF:0
BRH:0
end_of_record
TN:
SF:src\services\quizApiClient.js
FN:4,(anonymous_0)
FN:15,(anonymous_1)
FN:16,(anonymous_2)
FN:35,(anonymous_3)
FN:58,(anonymous_4)
FN:71,(anonymous_5)
FN:93,(anonymous_6)
FN:109,(anonymous_7)
FN:128,(anonymous_8)
FN:143,(anonymous_9)
FN:157,(anonymous_10)
FN:175,(anonymous_11)
FN:194,(anonymous_12)
FN:203,(anonymous_13)
FNF:14
FNH:13
FNDA:17,(anonymous_0)
FNDA:0,(anonymous_1)
FNDA:5,(anonymous_2)
FNDA:2,(anonymous_3)
FNDA:3,(anonymous_4)
FNDA:2,(anonymous_5)
FNDA:2,(anonymous_6)
FNDA:1,(anonymous_7)
FNDA:1,(anonymous_8)
FNDA:1,(anonymous_9)
FNDA:2,(anonymous_10)
FNDA:3,(anonymous_11)
FNDA:3,(anonymous_12)
FNDA:5,(anonymous_13)
DA:1,18
DA:5,17
DA:14,17
DA:15,0
DA:17,5
DA:18,1
DA:20,4
DA:21,1
DA:23,3
DA:24,1
DA:26,2
DA:36,2
DA:37,2
DA:44,2
DA:51,1
DA:53,1
DA:54,1
DA:59,3
DA:60,3
DA:64,1
DA:66,2
DA:67,2
DA:72,2
DA:73,2
DA:79,2
DA:86,1
DA:88,1
DA:89,1
DA:94,2
DA:95,2
DA:102,1
DA:104,1
DA:105,1
DA:110,1
DA:111,1
DA:121,1
DA:123,0
DA:124,0
DA:129,1
DA:130,1
DA:136,1
DA:138,0
DA:139,0
DA:144,1
DA:145,1
DA:150,1
DA:152,0
DA:153,0
DA:158,2
DA:159,2
DA:160,1
DA:166,1
DA:178,3
DA:179,6
DA:180,6
DA:182,5
DA:185,5
DA:186,1
DA:189,4
DA:190,1
DA:194,3
DA:198,0
DA:204,5
DA:205,5
DA:206,5
DA:207,5
DA:211,18
LF:67
LH:59
BRDA:6,0,0,17
BRDA:6,0,1,1
BRDA:17,1,0,1
BRDA:17,1,1,4
BRDA:20,2,0,1
BRDA:20,2,1,3
BRDA:23,3,0,1
BRDA:23,3,1,2
BRDA:27,4,0,2
BRDA:27,4,1,1
BRDA:29,5,0,2
BRDA:29,5,1,1
BRDA:175,6,0,0
BRDA:175,7,0,0
BRDA:185,8,0,1
BRDA:185,8,1,4
BRDA:185,9,0,5
BRDA:185,9,1,5
BRDA:189,10,0,1
BRDA:189,10,1,3
BRDA:203,11,0,0
BRF:21
BRH:18
end_of_record
TN:
SF:src\services\quizCacheService.js
FN:6,(anonymous_0)
FN:41,(anonymous_1)
FN:74,(anonymous_2)
FN:97,(anonymous_3)
FN:121,(anonymous_4)
FN:140,(anonymous_5)
FN:158,(anonymous_6)
FN:184,(anonymous_7)
FN:222,(anonymous_8)
FNF:9
FNH:9
FNDA:2,(anonymous_0)
FNDA:3,(anonymous_1)
FNDA:3,(anonymous_2)
FNDA:3,(anonymous_3)
FNDA:2,(anonymous_4)
FNDA:1,(anonymous_5)
FNDA:2,(anonymous_6)
FNDA:2,(anonymous_7)
FNDA:3,(anonymous_8)
DA:1,1
DA:7,2
DA:8,2
DA:24,2
DA:32,1
DA:33,1
DA:35,1
DA:36,1
DA:42,3
DA:43,3
DA:55,2
DA:56,1
DA:59,1
DA:68,1
DA:69,1
DA:75,3
DA:76,3
DA:81,2
DA:82,1
DA:85,1
DA:86,1
DA:87,1
DA:89,1
DA:91,1
DA:92,1
DA:98,3
DA:100,3
DA:105,2
DA:106,2
DA:108,2
DA:109,1
DA:110,1
DA:113,1
DA:115,1
DA:116,1
DA:122,2
DA:123,2
DA:140,1
DA:152,1
DA:153,1
DA:159,2
DA:160,2
DA:162,2
DA:175,1
DA:176,1
DA:178,1
DA:179,1
DA:185,2
DA:186,2
DA:213,1
DA:214,1
DA:216,1
DA:217,1
DA:223,3
DA:224,3
DA:225,3
DA:226,1
DA:229,3
DA:239,2
DA:241,1
DA:242,1
DA:247,1
LF:62
LH:62
BRDA:9,0,0,2
BRDA:9,0,1,1
BRDA:16,1,0,2
BRDA:16,1,1,1
BRDA:21,2,0,2
BRDA:21,2,1,1
BRDA:55,3,0,1
BRDA:55,3,1,1
BRDA:55,4,0,2
BRDA:55,4,1,2
BRDA:74,5,0,2
BRDA:81,6,0,1
BRDA:81,6,1,1
BRDA:81,7,0,2
BRDA:81,7,1,1
BRDA:81,7,2,1
BRDA:105,8,0,2
BRDA:105,8,1,0
BRDA:106,9,0,2
BRDA:106,9,1,0
BRDA:108,10,0,1
BRDA:108,10,1,1
BRDA:146,11,0,1
BRDA:146,11,1,0
BRDA:158,12,0,0
BRDA:184,13,0,0
BRDA:222,14,0,2
BRDA:225,15,0,1
BRDA:225,15,1,2
BRF:29
BRH:24
end_of_record
TN:
SF:src\services\quizFallbackManager.js
FN:6,(anonymous_0)
FN:16,(anonymous_1)
FN:26,(anonymous_2)
FN:39,(anonymous_3)
FN:68,(anonymous_4)
FN:82,(anonymous_5)
FN:125,(anonymous_6)
FN:126,(anonymous_7)
FN:130,(anonymous_8)
FN:178,(anonymous_9)
FN:179,(anonymous_10)
FN:183,(anonymous_11)
FN:202,(anonymous_12)
FN:203,(anonymous_13)
FN:207,(anonymous_14)
FN:238,(anonymous_15)
FN:249,(anonymous_16)
FN:270,(anonymous_17)
FN:285,(anonymous_18)
FN:326,(anonymous_19)
FN:362,(anonymous_20)
FN:407,(anonymous_21)
FN:417,(anonymous_22)
FNF:23
FNH:21
FNDA:19,(anonymous_0)
FNDA:0,(anonymous_1)
FNDA:3,(anonymous_2)
FNDA:13,(anonymous_3)
FNDA:13,(anonymous_4)
FNDA:9,(anonymous_5)
FNDA:2,(anonymous_6)
FNDA:2,(anonymous_7)
FNDA:1,(anonymous_8)
FNDA:3,(anonymous_9)
FNDA:1,(anonymous_10)
FNDA:2,(anonymous_11)
FNDA:1,(anonymous_12)
FNDA:0,(anonymous_13)
FNDA:1,(anonymous_14)
FNDA:3,(anonymous_15)
FNDA:4,(anonymous_16)
FNDA:4,(anonymous_17)
FNDA:1,(anonymous_18)
FNDA:1,(anonymous_19)
FNDA:2,(anonymous_20)
FNDA:4,(anonymous_21)
FNDA:20,(anonymous_22)
DA:1,19
DA:2,19
DA:3,19
DA:7,19
DA:8,19
DA:9,19
DA:16,19
DA:17,0
DA:20,19
DA:21,0
DA:27,3
DA:28,3
DA:31,3
DA:32,2
DA:35,1
DA:40,13
DA:41,13
DA:43,3
DA:44,3
DA:51,3
DA:52,0
DA:55,3
DA:57,0
DA:58,0
DA:61,10
DA:62,10
DA:63,10
DA:69,13
DA:70,13
DA:71,13
DA:74,13
DA:75,4
DA:76,9
DA:77,1
DA:83,9
DA:85,9
DA:86,5
DA:87,5
DA:90,3
DA:91,1
DA:94,3
DA:100,2
DA:101,2
DA:104,2
DA:105,2
DA:114,4
DA:115,3
DA:126,2
DA:127,2
DA:130,2
DA:132,1
DA:159,1
DA:167,2
DA:179,3
DA:180,1
DA:183,3
DA:184,2
DA:185,2
DA:186,1
DA:188,1
DA:191,3
DA:203,1
DA:204,0
DA:207,1
DA:209,1
DA:212,1
DA:218,1
DA:228,1
DA:239,3
DA:240,3
DA:242,3
DA:243,1
DA:246,2
DA:247,2
DA:249,2
DA:250,4
DA:251,4
DA:253,4
DA:254,3
DA:258,2
DA:264,0
DA:265,0
DA:271,4
DA:274,2
DA:277,1
DA:280,1
DA:286,1
DA:287,1
DA:290,1
DA:302,1
DA:303,2
DA:304,2
DA:306,1
DA:309,1
DA:312,0
DA:317,1
DA:319,1
DA:321,0
DA:327,1
DA:328,1
DA:330,1
DA:340,1
DA:355,1
DA:357,0
DA:363,2
DA:364,2
DA:373,1
DA:374,3
DA:376,3
DA:377,1
DA:381,2
DA:389,2
DA:396,2
DA:398,0
DA:402,1
DA:408,4
DA:418,20
DA:419,20
DA:424,19
LF:119
LH:107
BRDA:20,0,0,0
BRDA:20,0,1,19
BRDA:20,1,0,19
BRDA:20,1,1,19
BRDA:28,2,0,3
BRDA:28,2,1,1
BRDA:31,3,0,2
BRDA:31,3,1,1
BRDA:31,4,0,3
BRDA:31,4,1,2
BRDA:43,5,0,3
BRDA:43,5,1,0
BRDA:51,6,0,0
BRDA:51,6,1,3
BRDA:74,7,0,4
BRDA:74,7,1,9
BRDA:76,8,0,1
BRDA:76,8,1,8
BRDA:82,9,0,0
BRDA:85,10,0,5
BRDA:85,10,1,4
BRDA:90,11,0,1
BRDA:90,11,1,2
BRDA:90,12,0,3
BRDA:90,12,1,2
BRDA:137,13,0,1
BRDA:137,13,1,1
BRDA:138,14,0,1
BRDA:138,14,1,1
BRDA:139,15,0,1
BRDA:139,15,1,1
BRDA:140,16,0,1
BRDA:140,16,1,1
BRDA:146,17,0,1
BRDA:146,17,1,0
BRDA:185,18,0,1
BRDA:185,18,1,1
BRDA:242,19,0,1
BRDA:242,19,1,2
BRDA:242,20,0,3
BRDA:242,20,1,2
BRDA:253,21,0,3
BRDA:253,21,1,1
BRDA:253,22,0,4
BRDA:253,22,1,4
BRDA:271,23,0,1
BRDA:271,23,1,2
BRDA:271,23,2,1
BRDA:271,23,3,1
BRDA:304,24,0,1
BRDA:304,24,1,1
BRDA:376,25,0,1
BRDA:376,25,1,2
BRDA:392,26,0,2
BRDA:392,26,1,1
BRDA:418,27,0,20
BRDA:418,27,1,0
BRF:57
BRH:51
end_of_record
TN:
SF:src\services\quizSharingService.js
FN:6,(anonymous_0)
FN:12,(anonymous_1)
FN:99,(anonymous_2)
FN:149,(anonymous_3)
FN:178,(anonymous_4)
FN:235,(anonymous_5)
FN:335,(anonymous_6)
FN:392,(anonymous_7)
FN:426,(anonymous_8)
FNF:9
FNH:9
FNDA:21,(anonymous_0)
FNDA:4,(anonymous_1)
FNDA:3,(anonymous_2)
FNDA:4,(anonymous_3)
FNDA:9,(anonymous_4)
FNDA:12,(anonymous_5)
FNDA:4,(anonymous_6)
FNDA:2,(anonymous_7)
FNDA:2,(anonymous_8)
DA:1,21
DA:2,21
DA:3,21
DA:7,21
DA:8,21
DA:13,4
DA:15,4
DA:26,4
DA:27,1
DA:32,3
DA:33,3
DA:34,1
DA:36,2
DA:37,2
DA:38,1
DA:40,1
DA:44,2
DA:76,2
DA:78,2
DA:93,2
DA:94,2
DA:100,3
DA:101,3
DA:116,3
DA:117,1
DA:120,3
DA:121,1
DA:124,3
DA:125,3
DA:132,3
DA:149,4
DA:165,3
DA:172,0
DA:173,0
DA:179,9
DA:181,9
DA:188,9
DA:189,1
DA:193,8
DA:201,8
DA:202,1
DA:206,7
DA:210,7
DA:211,1
DA:214,6
DA:217,6
DA:218,6
DA:220,6
DA:223,6
DA:224,1
DA:228,6
DA:235,12
DA:238,6
DA:240,6
DA:243,5
DA:258,5
DA:261,5
DA:262,4
DA:265,5
DA:280,1
DA:283,1
DA:312,1
DA:329,3
DA:330,3
DA:336,4
DA:337,4
DA:345,4
DA:346,1
DA:350,3
DA:354,3
DA:355,1
DA:358,2
DA:359,2
DA:361,2
DA:386,2
DA:387,2
DA:393,2
DA:394,2
DA:402,2
DA:403,1
DA:407,1
DA:412,1
DA:414,1
DA:420,1
DA:421,1
DA:427,2
DA:428,2
DA:439,2
DA:448,2
DA:449,2
DA:450,2
DA:460,2
DA:463,2
DA:479,0
DA:480,0
DA:485,21
LF:96
LH:92
BRDA:12,0,0,3
BRDA:26,1,0,1
BRDA:26,1,1,3
BRDA:37,2,0,1
BRDA:37,2,1,1
BRDA:52,3,0,2
BRDA:52,3,1,0
BRDA:68,4,0,2
BRDA:68,4,1,1
BRDA:86,5,0,2
BRDA:86,5,1,0
BRDA:99,6,0,0
BRDA:116,7,0,1
BRDA:116,7,1,2
BRDA:120,8,0,1
BRDA:120,8,1,2
BRDA:124,9,0,3
BRDA:124,9,1,0
BRDA:126,10,0,3
BRDA:126,10,1,0
BRDA:156,11,0,4
BRDA:156,11,1,1
BRDA:178,12,0,0
BRDA:188,13,0,1
BRDA:188,13,1,8
BRDA:201,14,0,1
BRDA:201,14,1,7
BRDA:206,15,0,7
BRDA:206,15,1,6
BRDA:206,15,2,1
BRDA:210,16,0,1
BRDA:210,16,1,6
BRDA:217,17,0,6
BRDA:217,17,1,5
BRDA:218,18,0,6
BRDA:218,18,1,6
BRDA:220,19,0,6
BRDA:220,19,1,0
BRDA:223,20,0,1
BRDA:223,20,1,5
BRDA:223,21,0,6
BRDA:223,21,1,2
BRDA:231,22,0,6
BRDA:231,22,1,6
BRDA:232,23,0,6
BRDA:232,23,1,6
BRDA:234,24,0,6
BRDA:234,24,1,6
BRDA:234,24,2,1
BRDA:235,25,0,6
BRDA:235,25,1,0
BRDA:235,26,0,6
BRDA:235,26,1,6
BRDA:252,27,0,4
BRDA:252,27,1,1
BRDA:261,28,0,4
BRDA:261,28,1,1
BRDA:292,29,0,1
BRDA:292,29,1,0
BRDA:345,30,0,1
BRDA:345,30,1,3
BRDA:350,31,0,3
BRDA:350,31,1,2
BRDA:350,31,2,1
BRDA:354,32,0,1
BRDA:354,32,1,2
BRDA:359,33,0,2
BRDA:359,33,1,0
BRDA:370,34,0,2
BRDA:370,34,1,0
BRDA:371,35,0,2
BRDA:371,35,1,0
BRDA:380,36,0,2
BRDA:380,36,1,0
BRDA:402,37,0,1
BRDA:402,37,1,1
BRDA:466,38,0,1
BRDA:466,38,1,1
BRF:78
BRH:65
end_of_record
TN:
SF:src\utils\cookies.js
FN:8,(anonymous_0)
FN:20,(anonymous_1)
FNF:2
FNH:2
FNDA:1,(anonymous_0)
FNDA:1,(anonymous_1)
DA:1,6
DA:8,6
DA:9,1
DA:14,1
DA:20,6
DA:21,1
DA:22,1
DA:25,6
LF:8
LH:8
BRF:0
BRH:0
end_of_record
TN:
SF:src\utils\jwt.js
FN:3,(anonymous_0)
FN:19,(anonymous_1)
FN:23,(anonymous_2)
FNF:3
FNH:3
FNDA:1,(anonymous_0)
FNDA:1,(anonymous_1)
FNDA:1,(anonymous_2)
DA:1,6
DA:3,6
DA:4,1
DA:10,1
DA:16,1
DA:19,6
DA:20,1
DA:23,6
DA:24,1
DA:27,6
LF:10
LH:10
BRF:0
BRH:0
end_of_record
TN:
SF:src\utils\tokens.js
FN:3,(anonymous_0)
FN:7,(anonymous_1)
FNF:2
FNH:2
FNDA:1,(anonymous_0)
FNDA:2,(anonymous_1)
DA:1,1
DA:3,1
DA:4,1
DA:7,1
DA:8,2
DA:11,1
LF:6
LH:6
BRDA:7,0,0,1
BRF:1
BRH:1
end_of_record
