<?xml version="1.0" encoding="UTF-8"?>
<coverage generated="1759220167935" clover="3.2.0">
  <project timestamp="1759220167936" name="All files">
    <metrics statements="43" coveredstatements="43" conditionals="52" coveredconditionals="51" methods="14" coveredmethods="14" elements="109" coveredelements="108" complexity="0" loc="43" ncloc="43" packages="3" files="6" classes="6"/>
    <package name="components.layout">
      <metrics statements="17" coveredstatements="17" conditionals="39" coveredconditionals="39" methods="6" coveredmethods="6"/>
      <file name="EventsSidebar.tsx" path="C:\Users\Sonto\OpenLingua\frontend\src\components\layout\EventsSidebar.tsx">
        <metrics statements="5" coveredstatements="5" conditionals="33" coveredconditionals="33" methods="3" coveredmethods="3"/>
        <line num="1" count="1" type="stmt"/>
        <line num="22" count="1" type="stmt"/>
        <line num="23" count="20" type="stmt"/>
        <line num="46" count="51" type="stmt"/>
        <line num="82" count="1" type="stmt"/>
      </file>
      <file name="Footer.tsx" path="C:\Users\Sonto\OpenLingua\frontend\src\components\layout\Footer.tsx">
        <metrics statements="2" coveredstatements="2" conditionals="0" coveredconditionals="0" methods="1" coveredmethods="1"/>
        <line num="1" count="1" type="stmt"/>
        <line num="2" count="12" type="stmt"/>
      </file>
      <file name="Navbar.tsx" path="C:\Users\Sonto\OpenLingua\frontend\src\components\layout\Navbar.tsx">
        <metrics statements="3" coveredstatements="3" conditionals="0" coveredconditionals="0" methods="1" coveredmethods="1"/>
        <line num="1" count="1" type="stmt"/>
        <line num="3" count="1" type="stmt"/>
        <line num="4" count="23" type="stmt"/>
      </file>
      <file name="ThemeToggle.tsx" path="C:\Users\Sonto\OpenLingua\frontend\src\components\layout\ThemeToggle.tsx">
        <metrics statements="7" coveredstatements="7" conditionals="6" coveredconditionals="6" methods="1" coveredmethods="1"/>
        <line num="1" count="1" type="stmt"/>
        <line num="2" count="1" type="stmt"/>
        <line num="4" count="1" type="stmt"/>
        <line num="5" count="31" type="stmt"/>
        <line num="6" count="28" type="stmt"/>
        <line num="8" count="28" type="cond" truecount="2" falsecount="0"/>
        <line num="12" count="28" type="stmt"/>
      </file>
    </package>
    <package name="components.ui">
      <metrics statements="3" coveredstatements="3" conditionals="1" coveredconditionals="1" methods="1" coveredmethods="1"/>
      <file name="Loader.tsx" path="C:\Users\Sonto\OpenLingua\frontend\src\components\ui\Loader.tsx">
        <metrics statements="3" coveredstatements="3" conditionals="1" coveredconditionals="1" methods="1" coveredmethods="1"/>
        <line num="1" count="1" type="stmt"/>
        <line num="7" count="1" type="cond" truecount="1" falsecount="0"/>
        <line num="8" count="30" type="stmt"/>
      </file>
    </package>
    <package name="context">
      <metrics statements="23" coveredstatements="23" conditionals="12" coveredconditionals="11" methods="7" coveredmethods="7"/>
      <file name="ThemeContext.tsx" path="C:\Users\Sonto\OpenLingua\frontend\src\context\ThemeContext.tsx">
        <metrics statements="23" coveredstatements="23" conditionals="12" coveredconditionals="11" methods="7" coveredmethods="7"/>
        <line num="1" count="1" type="stmt"/>
        <line num="11" count="1" type="stmt"/>
        <line num="13" count="1" type="stmt"/>
        <line num="15" count="1" type="stmt"/>
        <line num="16" count="28" type="stmt"/>
        <line num="17" count="20" type="cond" truecount="1" falsecount="1"/>
        <line num="18" count="20" type="stmt"/>
        <line num="19" count="20" type="cond" truecount="4" falsecount="0"/>
        <line num="20" count="19" type="cond" truecount="2" falsecount="0"/>
        <line num="23" count="28" type="stmt"/>
        <line num="25" count="28" type="stmt"/>
        <line num="26" count="28" type="stmt"/>
        <line num="27" count="28" type="stmt"/>
        <line num="28" count="28" type="stmt"/>
        <line num="31" count="28" type="stmt"/>
        <line num="32" count="28" type="stmt"/>
        <line num="34" count="8" type="cond" truecount="2" falsecount="0"/>
        <line num="40" count="28" type="stmt"/>
        <line num="43" count="1" type="stmt"/>
        <line num="44" count="31" type="stmt"/>
        <line num="45" count="30" type="cond" truecount="2" falsecount="0"/>
        <line num="46" count="2" type="stmt"/>
        <line num="48" count="28" type="stmt"/>
      </file>
    </package>
  </project>
</coverage>
