{"C:\\Users\\Sonto\\OpenLingua\\frontend\\src\\components\\layout\\EventsSidebar.tsx": {"path":"C:\\Users\\Sonto\\OpenLingua\\frontend\\src\\components\\layout\\EventsSidebar.tsx","statementMap":{"0":{"start":{"line":22,"column":0},"end":{"line":22,"column":24}},"1":{"start":{"line":1,"column":0},"end":{"line":1,"column":40}},"2":{"start":{"line":23,"column":2},"end":{"line":103,"column":4}},"3":{"start":{"line":46,"column":12},"end":{"line":46,"column":32}},"4":{"start":{"line":82,"column":31},"end":{"line":82,"column":45}}},"fnMap":{"0":{"name":"EventsSidebar","decl":{"start":{"line":22,"column":24},"end":{"line":22,"column":37}},"loc":{"start":{"line":22,"column":93},"end":{"line":104,"column":1}}},"1":{"name":"(anonymous_1)","decl":{"start":{"line":45,"column":22},"end":{"line":45,"column":23}},"loc":{"start":{"line":46,"column":12},"end":{"line":46,"column":32}}},"2":{"name":"(anonymous_2)","decl":{"start":{"line":82,"column":25},"end":{"line":82,"column":28}},"loc":{"start":{"line":82,"column":31},"end":{"line":82,"column":45}}}},"branchMap":{"0":{"loc":{"start":{"line":25,"column":163},"end":{"line":25,"column":206}},"type":"cond-expr","locations":[{"start":{"line":25,"column":170},"end":{"line":25,"column":185}},{"start":{"line":25,"column":188},"end":{"line":25,"column":206}}]},"1":{"loc":{"start":{"line":43,"column":7},"end":{"line":100,"column":null}},"type":"cond-expr","locations":[{"start":{"line":44,"column":8},"end":{"line":93,"column":null}},{"start":{"line":96,"column":8},"end":{"line":99,"column":null}}]},"2":{"loc":{"start":{"line":51,"column":20},"end":{"line":57,"column":null}},"type":"cond-expr","locations":[{"start":{"line":52,"column":24},"end":{"line":52,"column":54}},{"start":{"line":53,"column":24},"end":{"line":57,"column":null}}]},"3":{"loc":{"start":{"line":53,"column":24},"end":{"line":57,"column":null}},"type":"cond-expr","locations":[{"start":{"line":54,"column":24},"end":{"line":54,"column":58}},{"start":{"line":55,"column":24},"end":{"line":57,"column":null}}]},"4":{"loc":{"start":{"line":55,"column":24},"end":{"line":57,"column":null}},"type":"cond-expr","locations":[{"start":{"line":56,"column":24},"end":{"line":56,"column":56}},{"start":{"line":57,"column":24},"end":{"line":57,"column":null}}]},"5":{"loc":{"start":{"line":68,"column":17},"end":{"line":68,"column":93}},"type":"binary-expr","locations":[{"start":{"line":68,"column":17},"end":{"line":68,"column":27}},{"start":{"line":68,"column":31},"end":{"line":68,"column":93}}]},"6":{"loc":{"start":{"line":72,"column":21},"end":{"line":72,"column":51}},"type":"binary-expr","locations":[{"start":{"line":72,"column":21},"end":{"line":72,"column":31}},{"start":{"line":72,"column":35},"end":{"line":72,"column":51}}]},"7":{"loc":{"start":{"line":74,"column":19},"end":{"line":77,"column":null}},"type":"binary-expr","locations":[{"start":{"line":74,"column":19},"end":{"line":74,"column":29}},{"start":{"line":75,"column":20},"end":{"line":76,"column":null}}]},"8":{"loc":{"start":{"line":75,"column":48},"end":{"line":75,"column":114}},"type":"cond-expr","locations":[{"start":{"line":75,"column":81},"end":{"line":75,"column":95}},{"start":{"line":75,"column":98},"end":{"line":75,"column":114}}]},"9":{"loc":{"start":{"line":76,"column":23},"end":{"line":76,"column":110}},"type":"cond-expr","locations":[{"start":{"line":76,"column":56},"end":{"line":76,"column":62}},{"start":{"line":76,"column":65},"end":{"line":76,"column":110}}]},"10":{"loc":{"start":{"line":83,"column":26},"end":{"line":83,"column":88}},"type":"binary-expr","locations":[{"start":{"line":83,"column":26},"end":{"line":83,"column":38}},{"start":{"line":83,"column":42},"end":{"line":83,"column":54}},{"start":{"line":83,"column":58},"end":{"line":83,"column":88}}]},"11":{"loc":{"start":{"line":85,"column":18},"end":{"line":85,"column":null}},"type":"cond-expr","locations":[{"start":{"line":85,"column":32},"end":{"line":85,"column":86}},{"start":{"line":85,"column":89},"end":{"line":85,"column":null}}]},"12":{"loc":{"start":{"line":88,"column":28},"end":{"line":88,"column":91}},"type":"cond-expr","locations":[{"start":{"line":88,"column":42},"end":{"line":88,"column":69}},{"start":{"line":88,"column":72},"end":{"line":88,"column":91}}]},"13":{"loc":{"start":{"line":90,"column":17},"end":{"line":90,"column":127}},"type":"cond-expr","locations":[{"start":{"line":90,"column":31},"end":{"line":90,"column":44}},{"start":{"line":90,"column":47},"end":{"line":90,"column":127}}]},"14":{"loc":{"start":{"line":90,"column":47},"end":{"line":90,"column":127}},"type":"cond-expr","locations":[{"start":{"line":90,"column":94},"end":{"line":90,"column":109}},{"start":{"line":90,"column":112},"end":{"line":90,"column":127}}]},"15":{"loc":{"start":{"line":90,"column":47},"end":{"line":90,"column":91}},"type":"binary-expr","locations":[{"start":{"line":90,"column":47},"end":{"line":90,"column":58}},{"start":{"line":90,"column":62},"end":{"line":90,"column":91}}]}},"s":{"0":1,"1":1,"2":20,"3":51,"4":1},"f":{"0":20,"1":51,"2":1},"b":{"0":[19,1],"1":[19,1],"2":[16,35],"3":[16,19],"4":[17,2],"5":[51,50],"6":[51,49],"7":[51,49],"8":[16,33],"9":[16,33],"10":[51,35,33],"11":[16,35],"12":[16,35],"13":[16,35],"14":[19,16],"15":[35,33]}}
,"C:\\Users\\Sonto\\OpenLingua\\frontend\\src\\components\\layout\\Footer.tsx": {"path":"C:\\Users\\Sonto\\OpenLingua\\frontend\\src\\components\\layout\\Footer.tsx","statementMap":{"0":{"start":{"line":1,"column":0},"end":{"line":1,"column":24}},"1":{"start":{"line":2,"column":2},"end":{"line":6,"column":4}}},"fnMap":{"0":{"name":"Footer","decl":{"start":{"line":1,"column":24},"end":{"line":1,"column":30}},"loc":{"start":{"line":1,"column":30},"end":{"line":7,"column":1}}}},"branchMap":{},"s":{"0":1,"1":12},"f":{"0":12},"b":{}}
,"C:\\Users\\Sonto\\OpenLingua\\frontend\\src\\components\\layout\\Navbar.tsx": {"path":"C:\\Users\\Sonto\\OpenLingua\\frontend\\src\\components\\layout\\Navbar.tsx","statementMap":{"0":{"start":{"line":3,"column":0},"end":{"line":3,"column":24}},"1":{"start":{"line":1,"column":0},"end":{"line":1,"column":40}},"2":{"start":{"line":4,"column":2},"end":{"line":15,"column":4}}},"fnMap":{"0":{"name":"Navbar","decl":{"start":{"line":3,"column":24},"end":{"line":3,"column":30}},"loc":{"start":{"line":3,"column":30},"end":{"line":16,"column":1}}}},"branchMap":{},"s":{"0":1,"1":1,"2":23},"f":{"0":23},"b":{}}
,"C:\\Users\\Sonto\\OpenLingua\\frontend\\src\\components\\layout\\ThemeToggle.tsx": {"path":"C:\\Users\\Sonto\\OpenLingua\\frontend\\src\\components\\layout\\ThemeToggle.tsx","statementMap":{"0":{"start":{"line":4,"column":0},"end":{"line":4,"column":24}},"1":{"start":{"line":1,"column":0},"end":{"line":1,"column":41}},"2":{"start":{"line":2,"column":0},"end":{"line":2,"column":54}},"3":{"start":{"line":5,"column":33},"end":{"line":5,"column":43}},"4":{"start":{"line":6,"column":17},"end":{"line":6,"column":33}},"5":{"start":{"line":8,"column":22},"end":{"line":10,"column":173}},"6":{"start":{"line":12,"column":2},"end":{"line":22,"column":4}}},"fnMap":{"0":{"name":"ThemeToggle","decl":{"start":{"line":4,"column":24},"end":{"line":4,"column":35}},"loc":{"start":{"line":4,"column":35},"end":{"line":23,"column":1}}}},"branchMap":{"0":{"loc":{"start":{"line":8,"column":22},"end":{"line":10,"column":173}},"type":"cond-expr","locations":[{"start":{"line":9,"column":6},"end":{"line":9,"column":166}},{"start":{"line":10,"column":6},"end":{"line":10,"column":173}}]},"1":{"loc":{"start":{"line":19,"column":7},"end":{"line":19,"column":54}},"type":"cond-expr","locations":[{"start":{"line":19,"column":16},"end":{"line":19,"column":33}},{"start":{"line":19,"column":36},"end":{"line":19,"column":54}}]},"2":{"loc":{"start":{"line":20,"column":13},"end":{"line":20,"column":38}},"type":"cond-expr","locations":[{"start":{"line":20,"column":22},"end":{"line":20,"column":29}},{"start":{"line":20,"column":32},"end":{"line":20,"column":38}}]}},"s":{"0":1,"1":1,"2":1,"3":31,"4":28,"5":28,"6":28},"f":{"0":31},"b":{"0":[19,9],"1":[19,9],"2":[19,9]}}
,"C:\\Users\\Sonto\\OpenLingua\\frontend\\src\\components\\ui\\Loader.tsx": {"path":"C:\\Users\\Sonto\\OpenLingua\\frontend\\src\\components\\ui\\Loader.tsx","statementMap":{"0":{"start":{"line":7,"column":0},"end":{"line":7,"column":24}},"1":{"start":{"line":1,"column":0},"end":{"line":1,"column":39}},"2":{"start":{"line":8,"column":2},"end":{"line":15,"column":4}}},"fnMap":{"0":{"name":"LoaderOverlay","decl":{"start":{"line":7,"column":24},"end":{"line":7,"column":37}},"loc":{"start":{"line":7,"column":77},"end":{"line":16,"column":1}}}},"branchMap":{"0":{"loc":{"start":{"line":7,"column":40},"end":{"line":7,"column":62}},"type":"default-arg","locations":[{"start":{"line":7,"column":50},"end":{"line":7,"column":62}}]}},"s":{"0":1,"1":1,"2":30},"f":{"0":30},"b":{"0":[21]}}
,"C:\\Users\\Sonto\\OpenLingua\\frontend\\src\\context\\ThemeContext.tsx": {"path":"C:\\Users\\Sonto\\OpenLingua\\frontend\\src\\context\\ThemeContext.tsx","statementMap":{"0":{"start":{"line":15,"column":0},"end":{"line":15,"column":16}},"1":{"start":{"line":43,"column":0},"end":{"line":43,"column":16}},"2":{"start":{"line":1,"column":0},"end":{"line":1,"column":91}},"3":{"start":{"line":11,"column":21},"end":{"line":11,"column":76}},"4":{"start":{"line":13,"column":26},"end":{"line":13,"column":44}},"5":{"start":{"line":16,"column":26},"end":{"line":21,"column":3}},"6":{"start":{"line":17,"column":4},"end":{"line":17,"column":53}},"7":{"start":{"line":17,"column":39},"end":{"line":17,"column":53}},"8":{"start":{"line":18,"column":19},"end":{"line":18,"column":74}},"9":{"start":{"line":19,"column":4},"end":{"line":19,"column":63}},"10":{"start":{"line":19,"column":49},"end":{"line":19,"column":63}},"11":{"start":{"line":20,"column":4},"end":{"line":20,"column":89}},"12":{"start":{"line":23,"column":33},"end":{"line":23,"column":65}},"13":{"start":{"line":25,"column":2},"end":{"line":29,"column":14}},"14":{"start":{"line":26,"column":4},"end":{"line":26,"column":51}},"15":{"start":{"line":27,"column":4},"end":{"line":27,"column":64}},"16":{"start":{"line":28,"column":4},"end":{"line":28,"column":50}},"17":{"start":{"line":31,"column":16},"end":{"line":37,"column":null}},"18":{"start":{"line":32,"column":11},"end":{"line":36,"column":6}},"19":{"start":{"line":34,"column":25},"end":{"line":34,"column":84}},"20":{"start":{"line":34,"column":48},"end":{"line":34,"column":82}},"21":{"start":{"line":40,"column":2},"end":{"line":40,"column":81}},"22":{"start":{"line":44,"column":18},"end":{"line":44,"column":42}},"23":{"start":{"line":45,"column":2},"end":{"line":47,"column":3}},"24":{"start":{"line":46,"column":4},"end":{"line":46,"column":68}},"25":{"start":{"line":48,"column":2},"end":{"line":48,"column":17}}},"fnMap":{"0":{"name":"ThemeProvider","decl":{"start":{"line":15,"column":16},"end":{"line":15,"column":29}},"loc":{"start":{"line":15,"column":67},"end":{"line":41,"column":1}}},"1":{"name":"(anonymous_1)","decl":{"start":{"line":16,"column":26},"end":{"line":16,"column":36}},"loc":{"start":{"line":16,"column":38},"end":{"line":21,"column":3}}},"2":{"name":"(anonymous_2)","decl":{"start":{"line":25,"column":12},"end":{"line":25,"column":15}},"loc":{"start":{"line":25,"column":17},"end":{"line":29,"column":3}}},"3":{"name":"(anonymous_3)","decl":{"start":{"line":32,"column":4},"end":{"line":32,"column":7}},"loc":{"start":{"line":32,"column":11},"end":{"line":36,"column":6}}},"4":{"name":"(anonymous_4)","decl":{"start":{"line":34,"column":19},"end":{"line":34,"column":22}},"loc":{"start":{"line":34,"column":25},"end":{"line":34,"column":84}}},"5":{"name":"(anonymous_5)","decl":{"start":{"line":34,"column":39},"end":{"line":34,"column":43}},"loc":{"start":{"line":34,"column":48},"end":{"line":34,"column":82}}},"6":{"name":"useTheme","decl":{"start":{"line":43,"column":16},"end":{"line":43,"column":24}},"loc":{"start":{"line":43,"column":24},"end":{"line":49,"column":1}}}},"branchMap":{"0":{"loc":{"start":{"line":17,"column":4},"end":{"line":17,"column":53}},"type":"if","locations":[{"start":{"line":17,"column":4},"end":{"line":17,"column":53}},{"start":{},"end":{}}]},"1":{"loc":{"start":{"line":19,"column":4},"end":{"line":19,"column":63}},"type":"if","locations":[{"start":{"line":19,"column":4},"end":{"line":19,"column":63}},{"start":{},"end":{}}]},"2":{"loc":{"start":{"line":19,"column":8},"end":{"line":19,"column":47}},"type":"binary-expr","locations":[{"start":{"line":19,"column":8},"end":{"line":19,"column":26}},{"start":{"line":19,"column":30},"end":{"line":19,"column":47}}]},"3":{"loc":{"start":{"line":20,"column":11},"end":{"line":20,"column":88}},"type":"cond-expr","locations":[{"start":{"line":20,"column":72},"end":{"line":20,"column":79}},{"start":{"line":20,"column":82},"end":{"line":20,"column":88}}]},"4":{"loc":{"start":{"line":34,"column":48},"end":{"line":34,"column":82}},"type":"cond-expr","locations":[{"start":{"line":34,"column":66},"end":{"line":34,"column":73}},{"start":{"line":34,"column":76},"end":{"line":34,"column":82}}]},"5":{"loc":{"start":{"line":45,"column":2},"end":{"line":47,"column":3}},"type":"if","locations":[{"start":{"line":45,"column":2},"end":{"line":47,"column":3}},{"start":{},"end":{}}]}},"s":{"0":1,"1":1,"2":1,"3":1,"4":1,"5":28,"6":20,"7":0,"8":20,"9":20,"10":1,"11":19,"12":28,"13":28,"14":28,"15":28,"16":28,"17":28,"18":28,"19":8,"20":8,"21":28,"22":31,"23":30,"24":2,"25":28},"f":{"0":28,"1":20,"2":28,"3":28,"4":8,"5":8,"6":31},"b":{"0":[0,20],"1":[1,19],"2":[20,19],"3":[1,18],"4":[7,1],"5":[2,28]}}
}
