TN:
SF:src\components\layout\EventsSidebar.tsx
FN:22,EventsSidebar
FN:45,(anonymous_1)
FN:82,(anonymous_2)
FNF:3
FNH:3
FNDA:20,EventsSidebar
FNDA:51,(anonymous_1)
FNDA:1,(anonymous_2)
DA:1,1
DA:22,1
DA:23,20
DA:46,51
DA:82,1
LF:5
LH:5
BRDA:25,0,0,19
BRDA:25,0,1,1
BRDA:43,1,0,19
BRDA:43,1,1,1
BRDA:51,2,0,16
BRDA:51,2,1,35
BRDA:53,3,0,16
BRDA:53,3,1,19
BRDA:55,4,0,17
BRDA:55,4,1,2
BRDA:68,5,0,51
BRDA:68,5,1,50
BRDA:72,6,0,51
BRDA:72,6,1,49
BRDA:74,7,0,51
BRDA:74,7,1,49
BRDA:75,8,0,16
BRDA:75,8,1,33
BRDA:76,9,0,16
BRDA:76,9,1,33
BRDA:83,10,0,51
BRDA:83,10,1,35
BRDA:83,10,2,33
BRDA:85,11,0,16
BRDA:85,11,1,35
BRDA:88,12,0,16
BRDA:88,12,1,35
BRDA:90,13,0,16
BRDA:90,13,1,35
BRDA:90,14,0,19
BRDA:90,14,1,16
BRDA:90,15,0,35
BRDA:90,15,1,33
BRF:33
BRH:33
end_of_record
TN:
SF:src\components\layout\Footer.tsx
FN:1,Footer
FNF:1
FNH:1
FNDA:12,Footer
DA:1,1
DA:2,12
LF:2
LH:2
BRF:0
BRH:0
end_of_record
TN:
SF:src\components\layout\Navbar.tsx
FN:3,Navbar
FNF:1
FNH:1
FNDA:23,Navbar
DA:1,1
DA:3,1
DA:4,23
LF:3
LH:3
BRF:0
BRH:0
end_of_record
TN:
SF:src\components\layout\ThemeToggle.tsx
FN:4,ThemeToggle
FNF:1
FNH:1
FNDA:31,ThemeToggle
DA:1,1
DA:2,1
DA:4,1
DA:5,31
DA:6,28
DA:8,28
DA:12,28
LF:7
LH:7
BRDA:8,0,0,19
BRDA:8,0,1,9
BRDA:19,1,0,19
BRDA:19,1,1,9
BRDA:20,2,0,19
BRDA:20,2,1,9
BRF:6
BRH:6
end_of_record
TN:
SF:src\components\ui\Loader.tsx
FN:7,LoaderOverlay
FNF:1
FNH:1
FNDA:30,LoaderOverlay
DA:1,1
DA:7,1
DA:8,30
LF:3
LH:3
BRDA:7,0,0,21
BRF:1
BRH:1
end_of_record
TN:
SF:src\context\ThemeContext.tsx
FN:15,ThemeProvider
FN:16,(anonymous_1)
FN:25,(anonymous_2)
FN:32,(anonymous_3)
FN:34,(anonymous_4)
FN:34,(anonymous_5)
FN:43,useTheme
FNF:7
FNH:7
FNDA:28,ThemeProvider
FNDA:20,(anonymous_1)
FNDA:28,(anonymous_2)
FNDA:28,(anonymous_3)
FNDA:8,(anonymous_4)
FNDA:8,(anonymous_5)
FNDA:31,useTheme
DA:1,1
DA:11,1
DA:13,1
DA:15,1
DA:16,28
DA:17,20
DA:18,20
DA:19,20
DA:20,19
DA:23,28
DA:25,28
DA:26,28
DA:27,28
DA:28,28
DA:31,28
DA:32,28
DA:34,8
DA:40,28
DA:43,1
DA:44,31
DA:45,30
DA:46,2
DA:48,28
LF:23
LH:23
BRDA:17,0,0,0
BRDA:17,0,1,20
BRDA:19,1,0,1
BRDA:19,1,1,19
BRDA:19,2,0,20
BRDA:19,2,1,19
BRDA:20,3,0,1
BRDA:20,3,1,18
BRDA:34,4,0,7
BRDA:34,4,1,1
BRDA:45,5,0,2
BRDA:45,5,1,28
BRF:12
BRH:11
end_of_record
